#
# A fatal error has been detected by the Java Runtime Environment:
#
#  SIGSEGV (0xb) at pc=0x00007fff5bb4fe9d, pid=3912, tid=0x0000000000000307
#
# JRE version: Java(TM) SE Runtime Environment (8.0_161-b12) (build 1.8.0_161-b12)
# Java VM: Java HotSpot(TM) 64-Bit Server VM (25.161-b12 mixed mode bsd-amd64 compressed oops)
# Problematic frame:
# C  [libobjc.A.dylib+0x6e9d]  objc_msgSend+0x1d
#
# Failed to write core dump. Core dumps have been disabled. To enable core dumping, try "ulimit -c unlimited" before starting Java again
#
# If you would like to submit a bug report, please visit:
#   http://bugreport.java.com/bugreport/crash.jsp
# The crash happened outside the Java Virtual Machine in native code.
# See problematic frame for where to report the bug.
#

---------------  T H R E A D  ---------------

Current thread (0x00007f8cc681f800):  JavaThread "AWT-AppKit" daemon [_thread_in_native, id=775, stack(0x00007ffeec1e0000,0x00007ffeec9e0000)]

siginfo: si_signo: 11 (SIGSEGV), si_code: 1 (SEGV_MAPERR), si_addr: 0x0000000000000018

Registers:
RAX=0x00007f8cce13d810, RBX=0x000000017679f450, RCX=0x0000000000000001, RDX=0x0000000000000000
RSP=0x00007ffeec9dad28, RBP=0x00007ffeec9dade0, RSI=0x00007fff3269131e, RDI=0x00007f8cce25e4c0
R8 =0x00000000cc7d029a, R9 =0x0000000000000001, R10=0x0000000000000000, R11=0x00007fff3269131e
R12=0x0000000000000000, R13=0x0000000179cd5c60, R14=0x000000017679f440, R15=0x00007f8cc681f800
RIP=0x00007fff5bb4fe9d, EFLAGS=0x0000000000010246, ERR=0x0000000000000004
  TRAPNO=0x000000000000000e

Top of Stack: (sp=0x00007ffeec9dad28)
0x00007ffeec9dad28:   000000017679d157 00007ffeec9dad80
0x00007ffeec9dad38:   0000000000000003 00007ffeec9dad60
0x00007ffeec9dad48:   0000000104543e3e 0000000179cd5c60
0x00007ffeec9dad58:   0000000179cd5c60 00007f8cce13d810
0x00007ffeec9dad68:   000000017679f6a0 000000017679f710
0x00007ffeec9dad78:   00007fff8e532b38 00007fff8fc810e8
0x00007ffeec9dad88:   000000017679f450 000000017679f690
0x00007ffeec9dad98:   00007f8cce13d810 00007f8cce25e4c0
0x00007ffeec9dada8:   00007f8cc5e64c60 00007f8cce13d810
0x00007ffeec9dadb8:   00007f8cce25e4c0 00007ffeec9dae68
0x00007ffeec9dadc8:   00007f8cc681f9f8 0000000179cd5c60
0x00007ffeec9dadd8:   00007ffeec9dae90 00007ffeec9dae58
0x00007ffeec9dade8:   0000000106205667 0000000179cd5c60
0x00007ffeec9dadf8:   00007ffeec9dae90 00007ffeec9dae58
0x00007ffeec9dae08:   00000001062053c7 0000000106205382
0x00007ffeec9dae18:   00007ffeec9dae18 0000000179cd5c60
0x00007ffeec9dae28:   00007ffeec9dae90 0000000179cd8898
0x00007ffeec9dae38:   0000000000000000 0000000179cd5c60
0x00007ffeec9dae48:   0000000000000000 00007ffeec9dae78
0x00007ffeec9dae58:   00007ffeec9daed8 00000001061f52bd
0x00007ffeec9dae68:   0000000772c858e8 00000001061fed18
0x00007ffeec9dae78:   00007f8cce13d810 00007ffeec9daed8
0x00007ffeec9dae88:   00007f8cce25e4c0 0000000106200782
0x00007ffeec9dae98:   00007ffeec9dae98 0000000179cd5e2a
0x00007ffeec9daea8:   00007ffeec9daf00 0000000179cd8898
0x00007ffeec9daeb8:   0000000000000000 0000000179cd5e38
0x00007ffeec9daec8:   00007ffeec9dae78 00007ffeec9daee8
0x00007ffeec9daed8:   00007ffeec9daf48 00000001061f52bd
0x00007ffeec9daee8:   00007f8cce13d810 0000000772ca9420
0x00007ffeec9daef8:   00007f8cce25e4c0 0000000772ca9420
0x00007ffeec9daf08:   00007ffeec9daf08 000000017b8f0536
0x00007ffeec9daf18:   00007ffeec9daf58 000000017b8f05f0 

Instructions: (pc=0x00007fff5bb4fe9d)
0x00007fff5bb4fe7d:   0f 1f 00 48 85 ff 2e 74 62 40 f6 c7 01 2e 75 66
0x00007fff5bb4fe8d:   49 ba f8 ff ff ff ff 7f 00 00 4c 23 17 49 89 f3
0x00007fff5bb4fe9d:   45 23 5a 18 49 c1 e3 04 4d 03 5a 10 49 3b 33 75
0x00007fff5bb4fead:   04 41 ff 63 08 49 83 3b 01 76 0d 49 83 c3 10 49 

Register to memory mapping:

RAX=0x00007f8cce13d810 is an unknown value
RBX=0x000000017679f450: Java_jogamp_nativewindow_macosx_OSXUtil_GetScreenRefreshRate0+0x1cf0 in /private/var/folders/0p/wj049b3n4nq8xjvs7rfm2kjm0000gn/T/jogamp_0000/file_cache/jln8493879481698704543/jln8100819888000148069/libnativewindow_macosx.jnilib at 0x0000000176798000
RCX=0x0000000000000001 is an unknown value
RDX=0x0000000000000000 is an unknown value
RSP=0x00007ffeec9dad28 is pointing into the stack for thread: 0x00007f8cc681f800
RBP=0x00007ffeec9dade0 is pointing into the stack for thread: 0x00007f8cc681f800
RSI=0x00007fff3269131e: .str.41.llvm.DC87FEEF+0x43861 in /System/Library/Frameworks/AppKit.framework/Versions/C/AppKit at 0x00007fff319b7000
RDI=0x00007f8cce25e4c0 is an unknown value
R8 =0x00000000cc7d029a is an unknown value
R9 =0x0000000000000001 is an unknown value
R10=0x0000000000000000 is an unknown value
R11=0x00007fff3269131e: .str.41.llvm.DC87FEEF+0x43861 in /System/Library/Frameworks/AppKit.framework/Versions/C/AppKit at 0x00007fff319b7000
R12=0x0000000000000000 is an unknown value
R13={method} {0x0000000179cd5c60} 'UnsetJAWTRootSurfaceLayer0' '(JJ)V' in 'jogamp/nativewindow/jawt/macosx/MacOSXJAWTWindow'
R14=0x000000017679f440: Java_jogamp_nativewindow_macosx_OSXUtil_GetScreenRefreshRate0+0x1ce0 in /private/var/folders/0p/wj049b3n4nq8xjvs7rfm2kjm0000gn/T/jogamp_0000/file_cache/jln8493879481698704543/jln8100819888000148069/libnativewindow_macosx.jnilib at 0x0000000176798000
R15=0x00007f8cc681f800 is a thread


Stack: [0x00007ffeec1e0000,0x00007ffeec9e0000],  sp=0x00007ffeec9dad28,  free space=8171k
Native frames: (J=compiled Java code, j=interpreted, Vv=VM code, C=native code)
C  [libobjc.A.dylib+0x6e9d]  objc_msgSend+0x1d
j  jogamp.nativewindow.jawt.macosx.MacOSXJAWTWindow.UnsetJAWTRootSurfaceLayer0(JJ)V+0
j  jogamp.nativewindow.jawt.macosx.MacOSXJAWTWindow.access$200(JJ)V+2
j  jogamp.nativewindow.jawt.macosx.MacOSXJAWTWindow$1.run()V+38
J 2163 C1 com.jogamp.common.util.RunnableTask.run()V (345 bytes) @ 0x0000000106932b34 [0x00000001069329a0+0x194]
v  ~StubRoutines::call_stub
V  [libjvm.dylib+0x2ef9aa]  JavaCalls::call_helper(JavaValue*, methodHandle*, JavaCallArguments*, Thread*)+0x6ae
V  [libjvm.dylib+0x326bd8]  jni_invoke_nonstatic(JNIEnv_*, JavaValue*, _jobject*, JNICallType, _jmethodID*, JNI_ArgumentPusher*, Thread*)+0x2ec
V  [libjvm.dylib+0x3193bb]  jni_CallVoidMethod+0x16b
C  [libnativewindow_macosx.jnilib+0x5326]  Java_jogamp_nativewindow_jawt_macosx_MacOSXJAWTWindow_UnsetJAWTRootSurfaceLayer0+0x2b6
C  [Foundation+0x682b5]  __NSThreadPerformPerform+0x14e
C  [CoreFoundation+0xa3a61]  __CFRUNLOOP_IS_CALLING_OUT_TO_A_SOURCE0_PERFORM_FUNCTION__+0x11
C  [CoreFoundation+0x15d47c]  __CFRunLoopDoSource0+0x6c
C  [CoreFoundation+0x8651c]  __CFRunLoopDoSources0+0x12c
C  [CoreFoundation+0x8593d]  __CFRunLoopRun+0x50d
C  [CoreFoundation+0x851a3]  CFRunLoopRunSpecific+0x1e3
C  [HIToolbox+0x2fd96]  RunCurrentEventLoopInMode+0x11e
C  [HIToolbox+0x2fa0f]  ReceiveNextEventCommon+0x16e
C  [HIToolbox+0x2f884]  _BlockUntilNextEventMatchingListInModeWithFilter+0x40
C  [AppKit+0x41a73]  _DPSNextEvent+0x825
C  [AppKit+0x7d7e34]  -[NSApplication(NSEvent) _nextEventMatchingEventMask:untilDate:inMode:dequeue:]+0xbe4
C  [libosxapp.dylib+0x23aa]  -[NSApplicationAWT nextEventMatchingMask:untilDate:inMode:dequeue:]+0x7c
C  [AppKit+0x36885]  -[NSApplication run]+0x2fc
C  [libosxapp.dylib+0x214d]  +[NSApplicationAWT runAWTLoopWithApp:]+0x9c
C  [libawt_lwawt.dylib+0x47397]  -[AWTStarter starter:]+0x389
C  [Foundation+0x682b5]  __NSThreadPerformPerform+0x14e
C  [CoreFoundation+0xa3a61]  __CFRUNLOOP_IS_CALLING_OUT_TO_A_SOURCE0_PERFORM_FUNCTION__+0x11
C  [CoreFoundation+0x15d47c]  __CFRunLoopDoSource0+0x6c
C  [CoreFoundation+0x864c0]  __CFRunLoopDoSources0+0xd0
C  [CoreFoundation+0x8593d]  __CFRunLoopRun+0x50d
C  [CoreFoundation+0x851a3]  CFRunLoopRunSpecific+0x1e3
C  [java+0x647a]  CreateExecutionEnvironment+0x367
C  [java+0x212c]  JLI_Launch+0x7a0
C  [java+0x84d7]  main+0x65
C  [java+0x1984]  start+0x34
C  0x0000000000000007

Java frames: (J=compiled Java code, j=interpreted, Vv=VM code)
j  jogamp.nativewindow.jawt.macosx.MacOSXJAWTWindow.UnsetJAWTRootSurfaceLayer0(JJ)V+0
j  jogamp.nativewindow.jawt.macosx.MacOSXJAWTWindow.access$200(JJ)V+2
j  jogamp.nativewindow.jawt.macosx.MacOSXJAWTWindow$1.run()V+38
J 2163 C1 com.jogamp.common.util.RunnableTask.run()V (345 bytes) @ 0x0000000106932b34 [0x00000001069329a0+0x194]
v  ~StubRoutines::call_stub

---------------  P R O C E S S  ---------------

Java Threads: ( => current thread )
  0x00007f8cc8843000 JavaThread "Thread-53" [_thread_blocked, id=31263, stack(0x0000700004e1a000,0x0000700004f1a000)]
  0x00007f8cc6975000 JavaThread "Animation Thread" [_thread_blocked, id=72567, stack(0x0000700005538000,0x0000700005638000)]
  0x00007f8cc820b800 JavaThread "AWT-EventQueue-1" [_thread_blocked, id=71983, stack(0x000070000563b000,0x000070000573b000)]
  0x00007f8cc8476000 JavaThread "DestroyJavaVM" [_thread_blocked, id=9731, stack(0x00007000039de000,0x0000700003ade000)]
  0x00007f8cc6914800 JavaThread "AWT-EventQueue-0" [_thread_blocked, id=58643, stack(0x0000700005435000,0x0000700005535000)]
  0x00007f8cc6903800 JavaThread "Java2D Disposer" daemon [_thread_blocked, id=55827, stack(0x00007000051ac000,0x00007000052ac000)]
  0x00007f8cc68c3000 JavaThread "Java2D Queue Flusher" daemon [_thread_blocked, id=47227, stack(0x00007000050a9000,0x00007000051a9000)]
  0x00007f8cc68c2800 JavaThread "AWT-Shutdown" [_thread_blocked, id=28203, stack(0x0000700004d17000,0x0000700004e17000)]
=>0x00007f8cc681f800 JavaThread "AWT-AppKit" daemon [_thread_in_native, id=775, stack(0x00007ffeec1e0000,0x00007ffeec9e0000)]
  0x00007f8cc6830800 JavaThread "Service Thread" daemon [_thread_blocked, id=15107, stack(0x0000700004b11000,0x0000700004c11000)]
  0x00007f8cc6830000 JavaThread "C1 CompilerThread3" daemon [_thread_blocked, id=15619, stack(0x0000700004a0e000,0x0000700004b0e000)]
  0x00007f8cc682f000 JavaThread "C2 CompilerThread2" daemon [_thread_blocked, id=14339, stack(0x000070000490b000,0x0000700004a0b000)]
  0x00007f8cc682e800 JavaThread "C2 CompilerThread1" daemon [_thread_blocked, id=14083, stack(0x0000700004808000,0x0000700004908000)]
  0x00007f8cc681a000 JavaThread "C2 CompilerThread0" daemon [_thread_blocked, id=13571, stack(0x0000700004705000,0x0000700004805000)]
  0x00007f8cc6819800 JavaThread "Signal Dispatcher" daemon [_thread_blocked, id=16387, stack(0x0000700004602000,0x0000700004702000)]
  0x00007f8cc6048000 JavaThread "Finalizer" daemon [_thread_blocked, id=18947, stack(0x00007000044ff000,0x00007000045ff000)]
  0x00007f8cc6045000 JavaThread "Reference Handler" daemon [_thread_blocked, id=12291, stack(0x00007000043fc000,0x00007000044fc000)]

Other Threads:
  0x00007f8cc8028800 VMThread [stack: 0x00007000042f9000,0x00007000043f9000] [id=12035]
  0x00007f8cc604a800 WatcherThread [stack: 0x0000700004c14000,0x0000700004d14000] [id=21763]

VM state:not at safepoint (normal execution)

VM Mutex/Monitor currently owned by a thread: None

Heap:
 PSYoungGen      total 137728K, used 80381K [0x000000076ab00000, 0x0000000775000000, 0x00000007c0000000)
  eden space 126976K, 54% used [0x000000076ab00000,0x000000076ef266a8,0x0000000772700000)
  from space 10752K, 98% used [0x0000000772b00000,0x0000000773558d80,0x0000000773580000)
  to   space 20992K, 0% used [0x0000000773b80000,0x0000000773b80000,0x0000000775000000)
 ParOldGen       total 175104K, used 14945K [0x00000006c0000000, 0x00000006cab00000, 0x000000076ab00000)
  object space 175104K, 8% used [0x00000006c0000000,0x00000006c0e98568,0x00000006cab00000)
 Metaspace       used 19501K, capacity 19833K, committed 19968K, reserved 1067008K
  class space    used 1941K, capacity 2029K, committed 2048K, reserved 1048576K

Card table byte_map: [0x000000010576e000,0x0000000105f6f000] byte_map_base: 0x000000010216e000

Marking Bits: (ParMarkBitMap*) 0x0000000104cf76c0
 Begin Bits: [0x0000000115743000, 0x0000000119743000)
 End Bits:   [0x0000000119743000, 0x000000011d743000)

Polling page: 0x00000001032a5000

CodeCache: size=245760Kb used=8447Kb max_used=8459Kb free=237312Kb
 bounds [0x00000001061ed000, 0x0000000106a3d000, 0x00000001151ed000]
 total_blobs=3284 nmethods=2384 adapters=813
 compilation: enabled

Compilation events (10 events):
Event: 45.462 Thread 0x00007f8cc6830000 nmethod 2370 0x00000001069e7090 code [0x00000001069e71e0, 0x00000001069e72f0]
Event: 45.476 Thread 0x00007f8cc6830000 2371       3       java.util.HashMap::remove (26 bytes)
Event: 45.477 Thread 0x00007f8cc6830000 nmethod 2371 0x0000000106a0c410 code [0x0000000106a0c5a0, 0x0000000106a0c9b8]
Event: 45.477 Thread 0x00007f8cc6830000 2372       3       sun.java2d.pipe.RenderBuffer::putFloat (26 bytes)
Event: 45.477 Thread 0x00007f8cc6830000 nmethod 2372 0x0000000106a2d890 code [0x0000000106a2da00, 0x0000000106a2db90]
Event: 45.478 Thread 0x00007f8cc682e800 2374  s    4       sun.misc.URLClassPath::getNextLoader (88 bytes)
Event: 45.483 Thread 0x00007f8cc682e800 nmethod 2374 0x0000000106a2e710 code [0x0000000106a2e880, 0x0000000106a2eff8]
Event: 45.488 Thread 0x00007f8cc6830000 2375       3       java.lang.invoke.LambdaForm::uncustomize (58 bytes)
Event: 45.488 Thread 0x00007f8cc6830000 nmethod 2375 0x0000000106a0bf50 code [0x0000000106a0c0c0, 0x0000000106a0c370]
Event: 45.490 Thread 0x00007f8cc6830000 2377       3       java.util.IdentityHashMap::maskNull (12 bytes)

GC Heap History (10 events):
Event: 3.741 GC heap before
{Heap before GC invocations=1 (full 0):
 PSYoungGen      total 76288K, used 65536K [0x000000076ab00000, 0x0000000770000000, 0x00000007c0000000)
  eden space 65536K, 100% used [0x000000076ab00000,0x000000076eb00000,0x000000076eb00000)
  from space 10752K, 0% used [0x000000076f580000,0x000000076f580000,0x0000000770000000)
  to   space 10752K, 0% used [0x000000076eb00000,0x000000076eb00000,0x000000076f580000)
 ParOldGen       total 175104K, used 0K [0x00000006c0000000, 0x00000006cab00000, 0x000000076ab00000)
  object space 175104K, 0% used [0x00000006c0000000,0x00000006c0000000,0x00000006cab00000)
 Metaspace       used 18480K, capacity 18805K, committed 18944K, reserved 1067008K
  class space    used 1901K, capacity 1989K, committed 2048K, reserved 1048576K
Event: 3.752 GC heap after
Heap after GC invocations=1 (full 0):
 PSYoungGen      total 76288K, used 10744K [0x000000076ab00000, 0x0000000770000000, 0x00000007c0000000)
  eden space 65536K, 0% used [0x000000076ab00000,0x000000076ab00000,0x000000076eb00000)
  from space 10752K, 99% used [0x000000076eb00000,0x000000076f57e070,0x000000076f580000)
  to   space 10752K, 0% used [0x000000076f580000,0x000000076f580000,0x0000000770000000)
 ParOldGen       total 175104K, used 3586K [0x00000006c0000000, 0x00000006cab00000, 0x000000076ab00000)
  object space 175104K, 2% used [0x00000006c0000000,0x00000006c0380af0,0x00000006cab00000)
 Metaspace       used 18480K, capacity 18805K, committed 18944K, reserved 1067008K
  class space    used 1901K, capacity 1989K, committed 2048K, reserved 1048576K
}
Event: 4.022 GC heap before
{Heap before GC invocations=2 (full 0):
 PSYoungGen      total 76288K, used 76035K [0x000000076ab00000, 0x0000000770000000, 0x00000007c0000000)
  eden space 65536K, 99% used [0x000000076ab00000,0x000000076eac2c80,0x000000076eb00000)
  from space 10752K, 99% used [0x000000076eb00000,0x000000076f57e070,0x000000076f580000)
  to   space 10752K, 0% used [0x000000076f580000,0x000000076f580000,0x0000000770000000)
 ParOldGen       total 175104K, used 3586K [0x00000006c0000000, 0x00000006cab00000, 0x000000076ab00000)
  object space 175104K, 2% used [0x00000006c0000000,0x00000006c0380af0,0x00000006cab00000)
 Metaspace       used 18791K, capacity 19119K, committed 19200K, reserved 1067008K
  class space    used 1927K, capacity 2026K, committed 2048K, reserved 1048576K
Event: 4.032 GC heap after
Heap after GC invocations=2 (full 0):
 PSYoungGen      total 76288K, used 10739K [0x000000076ab00000, 0x0000000774000000, 0x00000007c0000000)
  eden space 65536K, 0% used [0x000000076ab00000,0x000000076ab00000,0x000000076eb00000)
  from space 10752K, 99% used [0x000000076f580000,0x000000076fffcdd0,0x0000000770000000)
  to   space 10752K, 0% used [0x000000076eb00000,0x000000076eb00000,0x000000076f580000)
 ParOldGen       total 175104K, used 12265K [0x00000006c0000000, 0x00000006cab00000, 0x000000076ab00000)
  object space 175104K, 7% used [0x00000006c0000000,0x00000006c0bfa6f8,0x00000006cab00000)
 Metaspace       used 18791K, capacity 19119K, committed 19200K, reserved 1067008K
  class space    used 1927K, capacity 2026K, committed 2048K, reserved 1048576K
}
Event: 9.495 GC heap before
{Heap before GC invocations=3 (full 0):
 PSYoungGen      total 76288K, used 76275K [0x000000076ab00000, 0x0000000774000000, 0x00000007c0000000)
  eden space 65536K, 100% used [0x000000076ab00000,0x000000076eb00000,0x000000076eb00000)
  from space 10752K, 99% used [0x000000076f580000,0x000000076fffcdd0,0x0000000770000000)
  to   space 10752K, 0% used [0x000000076eb00000,0x000000076eb00000,0x000000076f580000)
 ParOldGen       total 175104K, used 12265K [0x00000006c0000000, 0x00000006cab00000, 0x000000076ab00000)
  object space 175104K, 7% used [0x00000006c0000000,0x00000006c0bfa6f8,0x00000006cab00000)
 Metaspace       used 19311K, capacity 19637K, committed 19712K, reserved 1067008K
  class space    used 1928K, capacity 2027K, committed 2048K, reserved 1048576K
Event: 9.501 GC heap after
Heap after GC invocations=3 (full 0):
 PSYoungGen      total 76288K, used 10723K [0x000000076ab00000, 0x0000000774000000, 0x00000007c0000000)
  eden space 65536K, 0% used [0x000000076ab00000,0x000000076ab00000,0x000000076eb00000)
  from space 10752K, 99% used [0x000000076eb00000,0x000000076f578da0,0x000000076f580000)
  to   space 10752K, 0% used [0x0000000773580000,0x0000000773580000,0x0000000774000000)
 ParOldGen       total 175104K, used 14937K [0x00000006c0000000, 0x00000006cab00000, 0x000000076ab00000)
  object space 175104K, 8% used [0x00000006c0000000,0x00000006c0e96568,0x00000006cab00000)
 Metaspace       used 19311K, capacity 19637K, committed 19712K, reserved 1067008K
  class space    used 1928K, capacity 2027K, committed 2048K, reserved 1048576K
}
Event: 18.379 GC heap before
{Heap before GC invocations=4 (full 0):
 PSYoungGen      total 76288K, used 76259K [0x000000076ab00000, 0x0000000774000000, 0x00000007c0000000)
  eden space 65536K, 100% used [0x000000076ab00000,0x000000076eb00000,0x000000076eb00000)
  from space 10752K, 99% used [0x000000076eb00000,0x000000076f578da0,0x000000076f580000)
  to   space 10752K, 0% used [0x0000000773580000,0x0000000773580000,0x0000000774000000)
 ParOldGen       total 175104K, used 14937K [0x00000006c0000000, 0x00000006cab00000, 0x000000076ab00000)
  object space 175104K, 8% used [0x00000006c0000000,0x00000006c0e96568,0x00000006cab00000)
 Metaspace       used 19432K, capacity 19765K, committed 19968K, reserved 1067008K
  class space    used 1928K, capacity 2027K, committed 2048K, reserved 1048576K
Event: 18.385 GC heap after
Heap after GC invocations=4 (full 0):
 PSYoungGen      total 141824K, used 10691K [0x000000076ab00000, 0x0000000774000000, 0x00000007c0000000)
  eden space 131072K, 0% used [0x000000076ab00000,0x000000076ab00000,0x0000000772b00000)
  from space 10752K, 99% used [0x0000000773580000,0x0000000773ff0d80,0x0000000774000000)
  to   space 10752K, 0% used [0x0000000772b00000,0x0000000772b00000,0x0000000773580000)
 ParOldGen       total 175104K, used 14945K [0x00000006c0000000, 0x00000006cab00000, 0x000000076ab00000)
  object space 175104K, 8% used [0x00000006c0000000,0x00000006c0e98568,0x00000006cab00000)
 Metaspace       used 19432K, capacity 19765K, committed 19968K, reserved 1067008K
  class space    used 1928K, capacity 2027K, committed 2048K, reserved 1048576K
}
Event: 36.529 GC heap before
{Heap before GC invocations=5 (full 0):
 PSYoungGen      total 141824K, used 141763K [0x000000076ab00000, 0x0000000774000000, 0x00000007c0000000)
  eden space 131072K, 100% used [0x000000076ab00000,0x0000000772b00000,0x0000000772b00000)
  from space 10752K, 99% used [0x0000000773580000,0x0000000773ff0d80,0x0000000774000000)
  to   space 10752K, 0% used [0x0000000772b00000,0x0000000772b00000,0x0000000773580000)
 ParOldGen       total 175104K, used 14945K [0x00000006c0000000, 0x00000006cab00000, 0x000000076ab00000)
  object space 175104K, 8% used [0x00000006c0000000,0x00000006c0e98568,0x00000006cab00000)
 Metaspace       used 19434K, capacity 19765K, committed 19968K, reserved 1067008K
  class space    used 1928K, capacity 2027K, committed 2048K, reserved 1048576K
Event: 36.536 GC heap after
Heap after GC invocations=5 (full 0):
 PSYoungGen      total 137728K, used 10595K [0x000000076ab00000, 0x0000000775000000, 0x00000007c0000000)
  eden space 126976K, 0% used [0x000000076ab00000,0x000000076ab00000,0x0000000772700000)
  from space 10752K, 98% used [0x0000000772b00000,0x0000000773558d80,0x0000000773580000)
  to   space 20992K, 0% used [0x0000000773b80000,0x0000000773b80000,0x0000000775000000)
 ParOldGen       total 175104K, used 14945K [0x00000006c0000000, 0x00000006cab00000, 0x000000076ab00000)
  object space 175104K, 8% used [0x00000006c0000000,0x00000006c0e98568,0x00000006cab00000)
 Metaspace       used 19434K, capacity 19765K, committed 19968K, reserved 1067008K
  class space    used 1928K, capacity 2027K, committed 2048K, reserved 1048576K
}

Deoptimization events (10 events):
Event: 3.660 Thread 0x00007f8cc820b800 Uncommon trap: reason=unstable_if action=reinterpret pc=0x00000001065cf8e4 method=java.util.HashMap$HashIterator.<init>(Ljava/util/HashMap;)V @ 38
Event: 41.958 Thread 0x00007f8cc820b800 Uncommon trap: reason=unstable_if action=reinterpret pc=0x00000001069ff2fc method=java.awt.EventQueue.isDispatchThreadImpl()Z @ 65
Event: 45.461 Thread 0x00007f8cc820b800 Uncommon trap: reason=unstable_if action=reinterpret pc=0x00000001066b3a28 method=com.jogamp.common.util.VersionNumber.compareTo(Lcom/jogamp/common/util/VersionNumber;)I @ 21
Event: 45.461 Thread 0x00007f8cc6914800 Uncommon trap: reason=unstable_if action=reinterpret pc=0x0000000106a110b4 method=java.awt.EventQueue.getPriority(Ljava/awt/AWTEvent;)I @ 71
Event: 45.462 Thread 0x00007f8cc6914800 Uncommon trap: reason=unstable_if action=reinterpret pc=0x0000000106a1e524 method=sun.java2d.pipe.Region.intersectsQuickCheck(Lsun/java2d/pipe/Region;)Z @ 41
Event: 45.476 Thread 0x00007f8cc8165800 Uncommon trap: reason=class_check action=maybe_recompile pc=0x00000001067d98c8 method=java.util.HashMap.putVal(ILjava/lang/Object;Ljava/lang/Object;ZZ)Ljava/lang/Object; @ 91
Event: 45.476 Thread 0x00007f8cc8165800 Uncommon trap: reason=class_check action=maybe_recompile pc=0x00000001067d98c8 method=java.util.HashMap.putVal(ILjava/lang/Object;Ljava/lang/Object;ZZ)Ljava/lang/Object; @ 91
Event: 45.476 Thread 0x00007f8cc8165800 Uncommon trap: reason=class_check action=maybe_recompile pc=0x00000001067d98c8 method=java.util.HashMap.putVal(ILjava/lang/Object;Ljava/lang/Object;ZZ)Ljava/lang/Object; @ 91
Event: 45.476 Thread 0x00007f8cc8165800 Uncommon trap: reason=class_check action=maybe_recompile pc=0x00000001067d98c8 method=java.util.HashMap.putVal(ILjava/lang/Object;Ljava/lang/Object;ZZ)Ljava/lang/Object; @ 91
Event: 45.486 Thread 0x00007f8cc820b800 Uncommon trap: reason=unstable_if action=reinterpret pc=0x00000001069e9758 method=java.util.LinkedList$ListItr.<init>(Ljava/util/LinkedList;I)V @ 26

Classes redefined (0 events):
No events

Internal exceptions (10 events):
Event: 0.134 Thread 0x00007f8cc6000000 Exception <a 'java/lang/NoSuchFieldError': method resolution failed> (0x000000076add5cd8) thrown at [/Users/java_re/workspace/8-2-build-macosx-x86_64/jdk8u161/10277/hotspot/src/share/vm/prims/methodHandles.cpp, line 1167]
Event: 0.288 Thread 0x00007f8cc6000000 Exception <a 'java/io/FileNotFoundException'> (0x000000076ae511c8) thrown at [/Users/java_re/workspace/8-2-build-macosx-x86_64/jdk8u161/10277/hotspot/src/share/vm/prims/jni.cpp, line 709]
Event: 0.288 Thread 0x00007f8cc6000000 Exception <a 'java/io/FileNotFoundException'> (0x000000076ae51d38) thrown at [/Users/java_re/workspace/8-2-build-macosx-x86_64/jdk8u161/10277/hotspot/src/share/vm/prims/jni.cpp, line 709]
Event: 0.376 Thread 0x00007f8cc6000000 Exception <a 'java/io/FileNotFoundException'> (0x000000076aed4a90) thrown at [/Users/java_re/workspace/8-2-build-macosx-x86_64/jdk8u161/10277/hotspot/src/share/vm/prims/jni.cpp, line 709]
Event: 2.671 Thread 0x00007f8cc6975000 Exception <a 'java/lang/UnsatisfiedLinkError': com.jogamp.common.util.JarUtil.fixNativeLibAttribs(Ljava/lang/String;)Z> (0x000000076c6665e8) thrown at [/Users/java_re/workspace/8-2-build-macosx-x86_64/jdk8u161/10277/hotspot/src/share/vm/prims/nativeLookup
Event: 3.569 Thread 0x00007f8cc820b800 Exception <a 'java/io/FileNotFoundException'> (0x000000076d8721f0) thrown at [/Users/java_re/workspace/8-2-build-macosx-x86_64/jdk8u161/10277/hotspot/src/share/vm/prims/jni.cpp, line 709]
Event: 3.569 Thread 0x00007f8cc820b800 Exception <a 'java/io/FileNotFoundException'> (0x000000076d878c80) thrown at [/Users/java_re/workspace/8-2-build-macosx-x86_64/jdk8u161/10277/hotspot/src/share/vm/prims/jni.cpp, line 709]
Event: 3.569 Thread 0x00007f8cc820b800 Implicit null exception at 0x00000001063dc376 to 0x00000001063dc739
Event: 3.659 Thread 0x00007f8cc820b800 Implicit null exception at 0x00000001065cf686 to 0x00000001065cf8cd
Event: 3.756 Thread 0x00007f8cc6048000 Exception <a 'java/lang/NullPointerException'> (0x000000076b229400) thrown at [/Users/java_re/workspace/8-2-build-macosx-x86_64/jdk8u161/10277/hotspot/src/share/vm/interpreter/linkResolver.cpp, line 1185]

Events (10 events):
Event: 45.486 Thread 0x00007f8cc820b800 DEOPT UNPACKING pc=0x000000010623273a sp=0x0000700005738710 mode 2
Event: 45.487 loading class java/awt/LightweightDispatcher$2
Event: 45.487 loading class java/awt/LightweightDispatcher$2 done
Event: 45.487 loading class java/awt/event/AWTEventListenerProxy
Event: 45.487 loading class java/awt/event/AWTEventListenerProxy done
Event: 45.487 loading class java/awt/Toolkit$ToolkitEventMulticaster
Event: 45.487 loading class java/awt/Toolkit$ToolkitEventMulticaster done
Event: 45.488 Thread 0x00007f8cc8165800 Thread exited: 0x00007f8cc8165800
Event: 45.488 loading class java/awt/Window$1DisposeAction
Event: 45.488 loading class java/awt/Window$1DisposeAction done


Dynamic libraries:
0x000000000c8c0000 	/System/Library/Frameworks/Cocoa.framework/Versions/A/Cocoa
0x000000000c8c0000 	/System/Library/Frameworks/Security.framework/Versions/A/Security
0x000000000c8c0000 	/System/Library/Frameworks/ApplicationServices.framework/Versions/A/ApplicationServices
0x000000000c8c0000 	/usr/lib/libz.1.dylib
0x000000000c8c0000 	/usr/lib/libSystem.B.dylib
0x000000000c8c0000 	/usr/lib/libobjc.A.dylib
0x000000000c8c0000 	/System/Library/Frameworks/CoreFoundation.framework/Versions/A/CoreFoundation
0x000000000c8c0000 	/System/Library/Frameworks/Foundation.framework/Versions/C/Foundation
0x000000000c8c0000 	/System/Library/Frameworks/AppKit.framework/Versions/C/AppKit
0x000000000c8c0000 	/System/Library/Frameworks/CoreData.framework/Versions/A/CoreData
0x000000000c8c0000 	/System/Library/PrivateFrameworks/RemoteViewServices.framework/Versions/A/RemoteViewServices
0x000000000c8c0000 	/System/Library/PrivateFrameworks/UIFoundation.framework/Versions/A/UIFoundation
0x000000000c8c0000 	/System/Library/PrivateFrameworks/DFRFoundation.framework/Versions/A/DFRFoundation
0x000000000c8c0000 	/System/Library/Frameworks/Metal.framework/Versions/A/Metal
0x000000000c8c0000 	/System/Library/PrivateFrameworks/DesktopServicesPriv.framework/Versions/A/DesktopServicesPriv
0x000000000c8c0000 	/usr/lib/libenergytrace.dylib
0x000000000c8c0000 	/System/Library/PrivateFrameworks/SkyLight.framework/Versions/A/SkyLight
0x000000000c8c0000 	/System/Library/Frameworks/CoreGraphics.framework/Versions/A/CoreGraphics
0x000000000c8c0000 	/usr/lib/libScreenReader.dylib
0x000000000c8c0000 	/System/Library/Frameworks/Accelerate.framework/Versions/A/Accelerate
0x000000000c8c0000 	/System/Library/Frameworks/IOSurface.framework/Versions/A/IOSurface
0x000000000c8c0000 	/System/Library/Frameworks/AudioToolbox.framework/Versions/A/AudioToolbox
0x000000000c8c0000 	/System/Library/Frameworks/AudioUnit.framework/Versions/A/AudioUnit
0x000000000c8c0000 	/System/Library/PrivateFrameworks/DataDetectorsCore.framework/Versions/A/DataDetectorsCore
0x000000000c8c0000 	/System/Library/Frameworks/Carbon.framework/Versions/A/Frameworks/HIToolbox.framework/Versions/A/HIToolbox
0x000000000c8c0000 	/usr/lib/libicucore.A.dylib
0x000000000c8c0000 	/System/Library/Frameworks/QuartzCore.framework/Versions/A/QuartzCore
0x000000000c8c0000 	/System/Library/PrivateFrameworks/SignpostNotification.framework/Versions/A/SignpostNotification
0x000000000c8c0000 	/System/Library/Frameworks/Carbon.framework/Versions/A/Frameworks/SpeechRecognition.framework/Versions/A/SpeechRecognition
0x000000000c8c0000 	/usr/lib/libauto.dylib
0x000000000c8c0000 	/usr/lib/libxml2.2.dylib
0x000000000c8c0000 	/System/Library/PrivateFrameworks/CoreUI.framework/Versions/A/CoreUI
0x000000000c8c0000 	/System/Library/Frameworks/CoreAudio.framework/Versions/A/CoreAudio
0x000000000c8c0000 	/System/Library/Frameworks/DiskArbitration.framework/Versions/A/DiskArbitration
0x000000000c8c0000 	/usr/lib/liblangid.dylib
0x000000000c8c0000 	/System/Library/PrivateFrameworks/MultitouchSupport.framework/Versions/A/MultitouchSupport
0x000000000c8c0000 	/System/Library/Frameworks/IOKit.framework/Versions/A/IOKit
0x000000000c8c0000 	/usr/lib/libDiagnosticMessagesClient.dylib
0x000000000c8c0000 	/System/Library/Frameworks/CoreServices.framework/Versions/A/CoreServices
0x000000000c8c0000 	/System/Library/PrivateFrameworks/PerformanceAnalysis.framework/Versions/A/PerformanceAnalysis
0x000000000c8c0000 	/System/Library/Frameworks/OpenGL.framework/Versions/A/OpenGL
0x000000000c8c0000 	/System/Library/Frameworks/ColorSync.framework/Versions/A/ColorSync
0x000000000c8c0000 	/System/Library/Frameworks/CoreImage.framework/Versions/A/CoreImage
0x000000000c8c0000 	/System/Library/Frameworks/CoreText.framework/Versions/A/CoreText
0x000000000c8c0000 	/System/Library/Frameworks/ImageIO.framework/Versions/A/ImageIO
0x000000000c8c0000 	/System/Library/PrivateFrameworks/Backup.framework/Versions/A/Backup
0x000000000c8c0000 	/usr/lib/libarchive.2.dylib
0x000000000c8c0000 	/System/Library/Frameworks/CFNetwork.framework/Versions/A/CFNetwork
0x000000000c8c0000 	/System/Library/Frameworks/SystemConfiguration.framework/Versions/A/SystemConfiguration
0x000000000c8c0000 	/usr/lib/libCRFSuite.dylib
0x000000000c8c0000 	/usr/lib/libc++.1.dylib
0x000000000c8c0000 	/usr/lib/libc++abi.dylib
0x000000000c8c0000 	/usr/lib/system/libcache.dylib
0x000000000c8c0000 	/usr/lib/system/libcommonCrypto.dylib
0x000000000c8c0000 	/usr/lib/system/libcompiler_rt.dylib
0x000000000c8c0000 	/usr/lib/system/libcopyfile.dylib
0x000000000c8c0000 	/usr/lib/system/libcorecrypto.dylib
0x000000000c8c0000 	/usr/lib/system/libdispatch.dylib
0x000000000c8c0000 	/usr/lib/system/libdyld.dylib
0x000000000c8c0000 	/usr/lib/system/libkeymgr.dylib
0x000000000c8c0000 	/usr/lib/system/liblaunch.dylib
0x000000000c8c0000 	/usr/lib/system/libmacho.dylib
0x000000000c8c0000 	/usr/lib/system/libquarantine.dylib
0x000000000c8c0000 	/usr/lib/system/libremovefile.dylib
0x000000000c8c0000 	/usr/lib/system/libsystem_asl.dylib
0x000000000c8c0000 	/usr/lib/system/libsystem_blocks.dylib
0x000000000c8c0000 	/usr/lib/system/libsystem_c.dylib
0x000000000c8c0000 	/usr/lib/system/libsystem_configuration.dylib
0x000000000c8c0000 	/usr/lib/system/libsystem_coreservices.dylib
0x000000000c8c0000 	/usr/lib/system/libsystem_darwin.dylib
0x000000000c8c0000 	/usr/lib/system/libsystem_dnssd.dylib
0x000000000c8c0000 	/usr/lib/system/libsystem_info.dylib
0x000000000c8c0000 	/usr/lib/system/libsystem_m.dylib
0x000000000c8c0000 	/usr/lib/system/libsystem_malloc.dylib
0x000000000c8c0000 	/usr/lib/system/libsystem_network.dylib
0x000000000c8c0000 	/usr/lib/system/libsystem_networkextension.dylib
0x000000000c8c0000 	/usr/lib/system/libsystem_notify.dylib
0x000000000c8c0000 	/usr/lib/system/libsystem_sandbox.dylib
0x000000000c8c0000 	/usr/lib/system/libsystem_secinit.dylib
0x000000000c8c0000 	/usr/lib/system/libsystem_kernel.dylib
0x000000000c8c0000 	/usr/lib/system/libsystem_platform.dylib
0x000000000c8c0000 	/usr/lib/system/libsystem_pthread.dylib
0x000000000c8c0000 	/usr/lib/system/libsystem_symptoms.dylib
0x000000000c8c0000 	/usr/lib/system/libsystem_trace.dylib
0x000000000c8c0000 	/usr/lib/system/libunwind.dylib
0x000000000c8c0000 	/usr/lib/system/libxpc.dylib
0x000000000c8c0000 	/usr/lib/closure/libclosured.dylib
0x000000000c8c0000 	/usr/lib/libbsm.0.dylib
0x000000000c8c0000 	/usr/lib/system/libkxld.dylib
0x000000000c8c0000 	/usr/lib/libOpenScriptingUtil.dylib
0x000000000c8c0000 	/usr/lib/libcoretls.dylib
0x000000000c8c0000 	/usr/lib/libcoretls_cfhelpers.dylib
0x000000000c8c0000 	/usr/lib/libpam.2.dylib
0x000000000c8c0000 	/usr/lib/libsqlite3.dylib
0x000000000c8c0000 	/usr/lib/libxar.1.dylib
0x000000000c8c0000 	/usr/lib/libbz2.1.0.dylib
0x000000000c8c0000 	/usr/lib/liblzma.5.dylib
0x000000000c8c0000 	/usr/lib/libnetwork.dylib
0x000000000c8c0000 	/usr/lib/libapple_nghttp2.dylib
0x000000000c8c0000 	/usr/lib/libpcap.A.dylib
0x000000000c8c0000 	/usr/lib/libboringssl.dylib
0x000000000c8c0000 	/usr/lib/libusrtcp.dylib
0x000000000c8c0000 	/usr/lib/libapple_crypto.dylib
0x000000000c8c0000 	/System/Library/Frameworks/CoreServices.framework/Versions/A/Frameworks/FSEvents.framework/Versions/A/FSEvents
0x000000000c8c0000 	/System/Library/Frameworks/CoreServices.framework/Versions/A/Frameworks/CarbonCore.framework/Versions/A/CarbonCore
0x000000000c8c0000 	/System/Library/Frameworks/CoreServices.framework/Versions/A/Frameworks/Metadata.framework/Versions/A/Metadata
0x000000000c8c0000 	/System/Library/Frameworks/CoreServices.framework/Versions/A/Frameworks/OSServices.framework/Versions/A/OSServices
0x000000000c8c0000 	/System/Library/Frameworks/CoreServices.framework/Versions/A/Frameworks/SearchKit.framework/Versions/A/SearchKit
0x000000000c8c0000 	/System/Library/Frameworks/CoreServices.framework/Versions/A/Frameworks/AE.framework/Versions/A/AE
0x000000000c8c0000 	/System/Library/Frameworks/CoreServices.framework/Versions/A/Frameworks/LaunchServices.framework/Versions/A/LaunchServices
0x000000000c8c0000 	/System/Library/Frameworks/CoreServices.framework/Versions/A/Frameworks/DictionaryServices.framework/Versions/A/DictionaryServices
0x000000000c8c0000 	/System/Library/Frameworks/CoreServices.framework/Versions/A/Frameworks/SharedFileList.framework/Versions/A/SharedFileList
0x000000000c8c0000 	/System/Library/Frameworks/NetFS.framework/Versions/A/NetFS
0x000000000c8c0000 	/System/Library/PrivateFrameworks/NetAuth.framework/Versions/A/NetAuth
0x000000000c8c0000 	/System/Library/PrivateFrameworks/login.framework/Versions/A/Frameworks/loginsupport.framework/Versions/A/loginsupport
0x000000000c8c0000 	/System/Library/PrivateFrameworks/TCC.framework/Versions/A/TCC
0x000000000c8c0000 	/usr/lib/libmecabra.dylib
0x000000000c8c0000 	/System/Library/Frameworks/ApplicationServices.framework/Versions/A/Frameworks/ATS.framework/Versions/A/ATS
0x000000000c8c0000 	/System/Library/Frameworks/ApplicationServices.framework/Versions/A/Frameworks/ColorSyncLegacy.framework/Versions/A/ColorSyncLegacy
0x000000000c8c0000 	/System/Library/Frameworks/ApplicationServices.framework/Versions/A/Frameworks/HIServices.framework/Versions/A/HIServices
0x000000000c8c0000 	/System/Library/Frameworks/ApplicationServices.framework/Versions/A/Frameworks/LangAnalysis.framework/Versions/A/LangAnalysis
0x000000000c8c0000 	/System/Library/Frameworks/ApplicationServices.framework/Versions/A/Frameworks/PrintCore.framework/Versions/A/PrintCore
0x000000000c8c0000 	/System/Library/Frameworks/ApplicationServices.framework/Versions/A/Frameworks/QD.framework/Versions/A/QD
0x000000000c8c0000 	/System/Library/Frameworks/ApplicationServices.framework/Versions/A/Frameworks/SpeechSynthesis.framework/Versions/A/SpeechSynthesis
0x000000000c8c0000 	/System/Library/Frameworks/CoreDisplay.framework/Versions/A/CoreDisplay
0x000000000c8c0000 	/System/Library/Frameworks/Accelerate.framework/Versions/A/Frameworks/vImage.framework/Versions/A/vImage
0x000000000c8c0000 	/System/Library/Frameworks/Accelerate.framework/Versions/A/Frameworks/vecLib.framework/Versions/A/vecLib
0x000000000c8c0000 	/System/Library/Frameworks/Accelerate.framework/Versions/A/Frameworks/vecLib.framework/Versions/A/libvDSP.dylib
0x000000000c8c0000 	/System/Library/Frameworks/Accelerate.framework/Versions/A/Frameworks/vecLib.framework/Versions/A/libBNNS.dylib
0x000000000c8c0000 	/System/Library/Frameworks/Accelerate.framework/Versions/A/Frameworks/vecLib.framework/Versions/A/libQuadrature.dylib
0x000000000c8c0000 	/System/Library/Frameworks/Accelerate.framework/Versions/A/Frameworks/vecLib.framework/Versions/A/libvMisc.dylib
0x000000000c8c0000 	/System/Library/Frameworks/Accelerate.framework/Versions/A/Frameworks/vecLib.framework/Versions/A/libLAPACK.dylib
0x000000000c8c0000 	/System/Library/Frameworks/Accelerate.framework/Versions/A/Frameworks/vecLib.framework/Versions/A/libBLAS.dylib
0x000000000c8c0000 	/System/Library/Frameworks/Accelerate.framework/Versions/A/Frameworks/vecLib.framework/Versions/A/libLinearAlgebra.dylib
0x000000000c8c0000 	/System/Library/Frameworks/Accelerate.framework/Versions/A/Frameworks/vecLib.framework/Versions/A/libSparse.dylib
0x000000000c8c0000 	/System/Library/Frameworks/Accelerate.framework/Versions/A/Frameworks/vecLib.framework/Versions/A/libSparseBLAS.dylib
0x000000000c8c0000 	/System/Library/PrivateFrameworks/GPUWrangler.framework/Versions/A/GPUWrangler
0x000000000c8c0000 	/System/Library/PrivateFrameworks/IOAccelerator.framework/Versions/A/IOAccelerator
0x000000000c8c0000 	/System/Library/PrivateFrameworks/IOPresentment.framework/Versions/A/IOPresentment
0x000000000c8c0000 	/System/Library/PrivateFrameworks/DSExternalDisplay.framework/Versions/A/DSExternalDisplay
0x000000000c8c0000 	/System/Library/Frameworks/OpenGL.framework/Versions/A/Libraries/libCoreFSCache.dylib
0x000000000c8c0000 	/System/Library/Frameworks/CoreVideo.framework/Versions/A/CoreVideo
0x000000000c8c0000 	/System/Library/PrivateFrameworks/GraphVisualizer.framework/Versions/A/GraphVisualizer
0x000000000c8c0000 	/System/Library/Frameworks/MetalPerformanceShaders.framework/Versions/A/MetalPerformanceShaders
0x000000000c8c0000 	/usr/lib/libFosl_dynamic.dylib
0x000000000c8c0000 	/System/Library/PrivateFrameworks/FaceCore.framework/Versions/A/FaceCore
0x000000000c8c0000 	/System/Library/Frameworks/OpenCL.framework/Versions/A/OpenCL
0x000000000c8c0000 	/usr/lib/libcompression.dylib
0x000000000c8c0000 	/System/Library/Frameworks/ApplicationServices.framework/Versions/A/Frameworks/ATS.framework/Versions/A/Resources/libFontParser.dylib
0x000000000c8c0000 	/System/Library/Frameworks/ApplicationServices.framework/Versions/A/Frameworks/ATS.framework/Versions/A/Resources/libFontRegistry.dylib
0x000000000c8c0000 	/System/Library/Frameworks/ImageIO.framework/Versions/A/Resources/libJPEG.dylib
0x000000000c8c0000 	/System/Library/Frameworks/ImageIO.framework/Versions/A/Resources/libTIFF.dylib
0x000000000c8c0000 	/System/Library/Frameworks/ImageIO.framework/Versions/A/Resources/libPng.dylib
0x000000000c8c0000 	/System/Library/Frameworks/ImageIO.framework/Versions/A/Resources/libGIF.dylib
0x000000000c8c0000 	/System/Library/Frameworks/ImageIO.framework/Versions/A/Resources/libJP2.dylib
0x000000000c8c0000 	/System/Library/Frameworks/ImageIO.framework/Versions/A/Resources/libRadiance.dylib
0x000000000c8c0000 	/System/Library/PrivateFrameworks/AppleJPEG.framework/Versions/A/AppleJPEG
0x000000000c8c0000 	/System/Library/Frameworks/MetalPerformanceShaders.framework/Frameworks/MPSCore.framework/Versions/A/MPSCore
0x000000000c8c0000 	/System/Library/Frameworks/MetalPerformanceShaders.framework/Frameworks/MPSImage.framework/Versions/A/MPSImage
0x000000000c8c0000 	/System/Library/Frameworks/MetalPerformanceShaders.framework/Frameworks/MPSNeuralNetwork.framework/Versions/A/MPSNeuralNetwork
0x000000000c8c0000 	/System/Library/Frameworks/MetalPerformanceShaders.framework/Frameworks/MPSMatrix.framework/Versions/A/MPSMatrix
0x000000000c8c0000 	/System/Library/PrivateFrameworks/MetalTools.framework/Versions/A/MetalTools
0x000000000c8c0000 	/System/Library/Frameworks/OpenGL.framework/Versions/A/Libraries/libGLU.dylib
0x000000000c8c0000 	/System/Library/Frameworks/OpenGL.framework/Versions/A/Libraries/libGFXShared.dylib
0x000000000c8c0000 	/System/Library/Frameworks/OpenGL.framework/Versions/A/Libraries/libGL.dylib
0x000000000c8c0000 	/System/Library/Frameworks/OpenGL.framework/Versions/A/Libraries/libGLImage.dylib
0x000000000c8c0000 	/System/Library/Frameworks/OpenGL.framework/Versions/A/Libraries/libCVMSPluginSupport.dylib
0x000000000c8c0000 	/System/Library/Frameworks/OpenGL.framework/Versions/A/Libraries/libCoreVMClient.dylib
0x000000000c8c0000 	/usr/lib/libcups.2.dylib
0x000000000c8c0000 	/System/Library/Frameworks/Kerberos.framework/Versions/A/Kerberos
0x000000000c8c0000 	/System/Library/Frameworks/GSS.framework/Versions/A/GSS
0x000000000c8c0000 	/usr/lib/libresolv.9.dylib
0x000000000c8c0000 	/usr/lib/libiconv.2.dylib
0x000000000c8c0000 	/System/Library/PrivateFrameworks/Heimdal.framework/Versions/A/Heimdal
0x000000000c8c0000 	/usr/lib/libheimdal-asn1.dylib
0x000000000c8c0000 	/System/Library/Frameworks/OpenDirectory.framework/Versions/A/OpenDirectory
0x000000000c8c0000 	/System/Library/PrivateFrameworks/CommonAuth.framework/Versions/A/CommonAuth
0x000000000c8c0000 	/System/Library/Frameworks/OpenDirectory.framework/Versions/A/Frameworks/CFOpenDirectory.framework/Versions/A/CFOpenDirectory
0x000000000c8c0000 	/System/Library/Frameworks/SecurityFoundation.framework/Versions/A/SecurityFoundation
0x000000000c8c0000 	/System/Library/PrivateFrameworks/APFS.framework/Versions/A/APFS
0x000000000c8c0000 	/usr/lib/libutil.dylib
0x000000000c8c0000 	/System/Library/PrivateFrameworks/AppleSauce.framework/Versions/A/AppleSauce
0x000000000c8c0000 	/System/Library/PrivateFrameworks/LinguisticData.framework/Versions/A/LinguisticData
0x000000000c8c0000 	/usr/lib/libmarisa.dylib
0x000000000c8c0000 	/System/Library/PrivateFrameworks/Lexicon.framework/Versions/A/Lexicon
0x000000000c8c0000 	/usr/lib/libChineseTokenizer.dylib
0x000000000c8c0000 	/usr/lib/libcmph.dylib
0x000000000c8c0000 	/System/Library/PrivateFrameworks/LanguageModeling.framework/Versions/A/LanguageModeling
0x000000000c8c0000 	/System/Library/PrivateFrameworks/CoreEmoji.framework/Versions/A/CoreEmoji
0x000000000c8c0000 	/System/Library/Frameworks/ServiceManagement.framework/Versions/A/ServiceManagement
0x000000000c8c0000 	/System/Library/PrivateFrameworks/BackgroundTaskManagement.framework/Versions/A/BackgroundTaskManagement
0x000000000c8c0000 	/usr/lib/libxslt.1.dylib
0x000000000c8c0000 	/System/Library/Frameworks/Carbon.framework/Versions/A/Frameworks/Ink.framework/Versions/A/Ink
0x000000000c8c0000 	/System/Library/PrivateFrameworks/TextureIO.framework/Versions/A/TextureIO
0x000000000c8c0000 	/usr/lib/libate.dylib
0x000000000c8c0000 	/System/Library/PrivateFrameworks/CrashReporterSupport.framework/Versions/A/CrashReporterSupport
0x000000000c8c0000 	/System/Library/PrivateFrameworks/Sharing.framework/Versions/A/Sharing
0x000000000c8c0000 	/System/Library/PrivateFrameworks/IconServices.framework/Versions/A/IconServices
0x000000000c8c0000 	/System/Library/PrivateFrameworks/Apple80211.framework/Versions/A/Apple80211
0x000000000c8c0000 	/System/Library/PrivateFrameworks/CoreUtils.framework/Versions/A/CoreUtils
0x000000000c8c0000 	/System/Library/Frameworks/CoreWLAN.framework/Versions/A/CoreWLAN
0x000000000c8c0000 	/System/Library/Frameworks/IOBluetooth.framework/Versions/A/IOBluetooth
0x000000000c8c0000 	/System/Library/PrivateFrameworks/ProtocolBuffer.framework/Versions/A/ProtocolBuffer
0x000000000c8c0000 	/System/Library/PrivateFrameworks/CoreWiFi.framework/Versions/A/CoreWiFi
0x000000000c8c0000 	/System/Library/Frameworks/CoreBluetooth.framework/Versions/A/CoreBluetooth
0x000000000c8c0000 	/System/Library/PrivateFrameworks/DebugSymbols.framework/Versions/A/DebugSymbols
0x000000000c8c0000 	/System/Library/PrivateFrameworks/CoreSymbolication.framework/Versions/A/CoreSymbolication
0x000000000c8c0000 	/System/Library/PrivateFrameworks/Symbolication.framework/Versions/A/Symbolication
0x000000000c8c0000 	/System/Library/PrivateFrameworks/AppleFSCompression.framework/Versions/A/AppleFSCompression
0x000000000c8c0000 	/System/Library/PrivateFrameworks/SpeechRecognitionCore.framework/Versions/A/SpeechRecognitionCore
0x0000000104400000 	/Library/Java/JavaVirtualMachines/jdk1.8.0_161.jdk/Contents/Home/jre/lib/server/libjvm.dylib
0x000000000c8c0000 	/usr/lib/libstdc++.6.0.9.dylib
0x0000000103261000 	/Library/Java/JavaVirtualMachines/jdk1.8.0_161.jdk/Contents/Home/jre/lib/libverify.dylib
0x000000010326f000 	/Library/Java/JavaVirtualMachines/jdk1.8.0_161.jdk/Contents/Home/jre/lib/libjava.dylib
0x00000001032ef000 	/Library/Java/JavaVirtualMachines/jdk1.8.0_161.jdk/Contents/Home/jre/lib/libzip.dylib
0x0000000121e81000 	/Library/Java/JavaVirtualMachines/jdk1.8.0_161.jdk/Contents/Home/jre/lib/libawt.dylib
0x0000000121f2b000 	/Library/Java/JavaVirtualMachines/jdk1.8.0_161.jdk/Contents/Home/jre/lib/./libmlib_image.dylib
0x000000000c8c0000 	/System/Library/Frameworks/JavaVM.framework/Versions/A/Frameworks/JavaNativeFoundation.framework/Versions/A/JavaNativeFoundation
0x000000000c8c0000 	/System/Library/Frameworks/JavaVM.framework/Versions/A/Frameworks/JavaRuntimeSupport.framework/Versions/A/JavaRuntimeSupport
0x000000000c8c0000 	/System/Library/Frameworks/JavaVM.framework/Versions/A/JavaVM
0x000000000c8c0000 	/System/Library/PrivateFrameworks/JavaLaunching.framework/Versions/A/JavaLaunching
0x000000000c8c0000 	/System/Library/Frameworks/Carbon.framework/Versions/A/Carbon
0x000000000c8c0000 	/System/Library/Frameworks/Carbon.framework/Versions/A/Frameworks/CommonPanels.framework/Versions/A/CommonPanels
0x000000000c8c0000 	/System/Library/Frameworks/Carbon.framework/Versions/A/Frameworks/Help.framework/Versions/A/Help
0x000000000c8c0000 	/System/Library/Frameworks/Carbon.framework/Versions/A/Frameworks/ImageCapture.framework/Versions/A/ImageCapture
0x000000000c8c0000 	/System/Library/Frameworks/Carbon.framework/Versions/A/Frameworks/OpenScripting.framework/Versions/A/OpenScripting
0x000000000c8c0000 	/System/Library/Frameworks/Carbon.framework/Versions/A/Frameworks/Print.framework/Versions/A/Print
0x000000000c8c0000 	/System/Library/Frameworks/Carbon.framework/Versions/A/Frameworks/SecurityHI.framework/Versions/A/SecurityHI
0x0000000121ff7000 	/Library/Java/JavaVirtualMachines/jdk1.8.0_161.jdk/Contents/Home/jre/lib/libawt_lwawt.dylib
0x00000001220b1000 	/Library/Java/JavaVirtualMachines/jdk1.8.0_161.jdk/Contents/Home/jre/lib/./libosxapp.dylib
0x000000000c8c0000 	/System/Library/Frameworks/ExceptionHandling.framework/Versions/A/ExceptionHandling
0x000000000c8c0000 	/System/Library/PrivateFrameworks/CoreServicesInternal.framework/Versions/A/CoreServicesInternal
0x000000000c8c0000 	/System/Library/CoreServices/RawCamera.bundle/Contents/MacOS/RawCamera
0x000000000c8c0000 	/System/Library/PrivateFrameworks/MobileAsset.framework/Versions/A/MobileAsset
0x000000000c8c0000 	/System/Library/PrivateFrameworks/StreamingZip.framework/Versions/A/StreamingZip
0x000000000c8c0000 	/System/Library/Frameworks/MediaToolbox.framework/Versions/A/MediaToolbox
0x000000000c8c0000 	/System/Library/PrivateFrameworks/CoreAVCHD.framework/Versions/A/CoreAVCHD
0x000000000c8c0000 	/System/Library/Frameworks/MediaAccessibility.framework/Versions/A/MediaAccessibility
0x000000000c8c0000 	/System/Library/PrivateFrameworks/Mangrove.framework/Versions/A/Mangrove
0x000000000c8c0000 	/System/Library/Frameworks/CoreMedia.framework/Versions/A/CoreMedia
0x000000000c8c0000 	/System/Library/Frameworks/VideoToolbox.framework/Versions/A/VideoToolbox
0x000000000c8c0000 	/System/Library/PrivateFrameworks/CoreAUC.framework/Versions/A/CoreAUC
0x000000000c8c0000 	/usr/lib/libspindump.dylib
0x000000000c8c0000 	/System/Library/PrivateFrameworks/AppleVA.framework/Versions/A/AppleVA
0x000000000c8c0000 	/System/Library/Frameworks/Accelerate.framework/Versions/A/Frameworks/vImage.framework/Versions/A/Libraries/libCGInterfaces.dylib
0x000000000c8c0000 	/System/Library/Frameworks/ApplicationServices.framework/Versions/A/Frameworks/ATS.framework/Versions/A/Resources/libTrueTypeScaler.dylib
0x000000000c8c0000 	/System/Library/Extensions/AppleIntelHD5000GraphicsMTLDriver.bundle/Contents/MacOS/AppleIntelHD5000GraphicsMTLDriver
0x0000000124437000 	/System/Library/Extensions/AMDMTLBronzeDriver.bundle/Contents/MacOS/AMDMTLBronzeDriver
0x000000000c8c0000 	/System/Library/PrivateFrameworks/IOAccelMemoryInfo.framework/Versions/A/IOAccelMemoryInfo
0x000000000c8c0000 	/System/Library/PrivateFrameworks/GPUCompiler.framework/Versions/3802/Libraries/libmetal_timestamp.dylib
0x000000000c8c0000 	/System/Library/PrivateFrameworks/FamilyControls.framework/Versions/A/FamilyControls
0x000000000c8c0000 	/System/Library/PrivateFrameworks/CommerceKit.framework/Versions/A/Frameworks/CommerceCore.framework/Versions/A/CommerceCore
0x000000000c8c0000 	/System/Library/PrivateFrameworks/SystemAdministration.framework/Versions/A/SystemAdministration
0x000000000c8c0000 	/System/Library/PrivateFrameworks/AppContainer.framework/Versions/A/AppContainer
0x000000000c8c0000 	/System/Library/PrivateFrameworks/SecCodeWrapper.framework/Versions/A/SecCodeWrapper
0x000000000c8c0000 	/System/Library/PrivateFrameworks/DiskManagement.framework/Versions/A/DiskManagement
0x000000000c8c0000 	/System/Library/Frameworks/DirectoryService.framework/Versions/A/DirectoryService
0x000000000c8c0000 	/System/Library/PrivateFrameworks/DiskImages.framework/Versions/A/DiskImages
0x000000000c8c0000 	/System/Library/PrivateFrameworks/LoginUIKit.framework/Versions/A/Frameworks/LoginUICore.framework/Versions/A/LoginUICore
0x000000000c8c0000 	/usr/lib/libCoreStorage.dylib
0x000000000c8c0000 	/usr/lib/libcsfde.dylib
0x000000000c8c0000 	/usr/lib/libodfde.dylib
0x000000000c8c0000 	/System/Library/PrivateFrameworks/MediaKit.framework/Versions/A/MediaKit
0x000000000c8c0000 	/System/Library/Frameworks/DiscRecording.framework/Versions/A/DiscRecording
0x000000000c8c0000 	/System/Library/PrivateFrameworks/EFILogin.framework/Versions/A/EFILogin
0x000000000c8c0000 	/System/Library/PrivateFrameworks/ProtectedCloudStorage.framework/Versions/A/ProtectedCloudStorage
0x000000000c8c0000 	/usr/lib/libcurl.4.dylib
0x000000000c8c0000 	/usr/lib/libcrypto.35.dylib
0x000000000c8c0000 	/usr/lib/libssl.35.dylib
0x000000000c8c0000 	/System/Library/Frameworks/LDAP.framework/Versions/A/LDAP
0x000000000c8c0000 	/System/Library/PrivateFrameworks/TrustEvaluationAgent.framework/Versions/A/TrustEvaluationAgent
0x000000000c8c0000 	/usr/lib/libsasl2.2.dylib
0x000000000c8c0000 	/System/Library/PrivateFrameworks/CoreDaemon.framework/Versions/B/CoreDaemon
0x000000000c8c0000 	/System/Library/PrivateFrameworks/AppleSRP.framework/Versions/A/AppleSRP
0x000000000c8c0000 	/System/Library/Frameworks/OpenGL.framework/Versions/A/Resources/GLEngine.bundle/GLEngine
0x000000000c8c0000 	/System/Library/Frameworks/OpenGL.framework/Versions/A/Libraries/libGLProgrammability.dylib
0x0000000124827000 	/System/Library/Extensions/AppleIntelHD5000GraphicsGLDriver.bundle/Contents/MacOS/AppleIntelHD5000GraphicsGLDriver
0x000000000c8c0000 	/System/Library/PrivateFrameworks/GPUSupport.framework/Versions/A/Libraries/libGPUSupportMercury.dylib
0x0000000124f8f000 	/System/Library/Extensions/AMDRadeonX4000GLDriver.bundle/Contents/MacOS/AMDRadeonX4000GLDriver
0x000000000c8c0000 	/System/Library/Extensions/AMDRadeonX4000GLDriver.bundle/Contents/MacOS/ATIRadeonX4000SCLib.dylib
0x000000000c8c0000 	/System/Library/Frameworks/OpenGL.framework/Versions/A/Resources/GLRendererFloat.bundle/GLRendererFloat
0x000000000c8c0000 	/System/Library/Frameworks/OpenCL.framework/Versions/A/Libraries/libcldcpuengine.dylib
0x000000012515d000 	/Library/Java/JavaVirtualMachines/jdk1.8.0_161.jdk/Contents/Home/jre/lib/libfontmanager.dylib
0x0000000126d61000 	/Library/Java/JavaVirtualMachines/jdk1.8.0_161.jdk/Contents/Home/jre/lib/libosxui.dylib
0x000000000c8c0000 	/System/Library/PrivateFrameworks/ViewBridge.framework/Versions/A/ViewBridge
0x0000000127c86000 	/Library/Java/JavaVirtualMachines/jdk1.8.0_161.jdk/Contents/Home/jre/lib/libnet.dylib
0x0000000127b0a000 	/Library/Java/JavaVirtualMachines/jdk1.8.0_161.jdk/Contents/Home/jre/lib/libnio.dylib
0x00000001224e6000 	/private/var/folders/0p/wj049b3n4nq8xjvs7rfm2kjm0000gn/T/jogamp_0000/file_cache/jln8493879481698704543/jln8100819888000148069/libgluegen-rt.jnilib
0x000000012259c000 	/private/var/folders/0p/wj049b3n4nq8xjvs7rfm2kjm0000gn/T/jogamp_0000/file_cache/jln8493879481698704543/jln8100819888000148069/libnativewindow_awt.jnilib
0x0000000126a1e000 	/Library/Java/JavaVirtualMachines/jdk1.8.0_161.jdk/Contents/Home/jre/lib/libjawt.dylib
0x0000000176798000 	/private/var/folders/0p/wj049b3n4nq8xjvs7rfm2kjm0000gn/T/jogamp_0000/file_cache/jln8493879481698704543/jln8100819888000148069/libnativewindow_macosx.jnilib
0x000000017692f000 	/private/var/folders/0p/wj049b3n4nq8xjvs7rfm2kjm0000gn/T/jogamp_0000/file_cache/jln8493879481698704543/jln8100819888000148069/libjogl_desktop.jnilib
0x000000017cd13000 	/Library/Java/JavaVirtualMachines/jdk1.8.0_161.jdk/Contents/Home/jre/lib/libjpeg.dylib

VM Arguments:
jvm_args: -Djava.security.policy=java.policy.applet -Dfile.encoding=UTF-8 
java_command: sun.applet.AppletViewer module1.HelloWorld1527030866756.html
java_class_path (initial): /Library/Java/JavaVirtualMachines/jdk1.8.0_161.jdk/Contents/Home/jre/lib/resources.jar:/Library/Java/JavaVirtualMachines/jdk1.8.0_161.jdk/Contents/Home/jre/lib/rt.jar:/Library/Java/JavaVirtualMachines/jdk1.8.0_161.jdk/Contents/Home/jre/lib/jsse.jar:/Library/Java/JavaVirtualMachines/jdk1.8.0_161.jdk/Contents/Home/jre/lib/jce.jar:/Library/Java/JavaVirtualMachines/jdk1.8.0_161.jdk/Contents/Home/jre/lib/charsets.jar:/Library/Java/JavaVirtualMachines/jdk1.8.0_161.jdk/Contents/Home/jre/lib/jfr.jar:/Library/Java/JavaVirtualMachines/jdk1.8.0_161.jdk/Contents/Home/jre/lib/ext/sunec.jar:/Library/Java/JavaVirtualMachines/jdk1.8.0_161.jdk/Contents/Home/jre/lib/ext/nashorn.jar:/Library/Java/JavaVirtualMachines/jdk1.8.0_161.jdk/Contents/Home/jre/lib/ext/cldrdata.jar:/Library/Java/JavaVirtualMachines/jdk1.8.0_161.jdk/Contents/Home/jre/lib/ext/jfxrt.jar:/Library/Java/JavaVirtualMachines/jdk1.8.0_161.jdk/Contents/Home/jre/lib/ext/dnsns.jar:/Library/Java/JavaVirtualMachines/jdk1.8.0_161.jdk/Contents/Home/jre/lib/ext/localedata.jar:/Library/Java/JavaVirtualMachines/jdk1.8.0_161.jdk/Contents/Home/jre/lib/ext/sunjce_provider.jar:/Library/Java/JavaVirtualMachines/jdk1.8.0_161.jdk/Contents/Home/jre/lib/ext/sunpkcs11.jar:/Library/Java/JavaVirtualMachines/jdk1.8.0_161.jdk/Contents/Home/jre/lib/ext/jaccess.jar:/Library/Java/JavaVirtualMachines/jdk1.8.0_161.jdk/Contents/Home/jre/lib/ext/zipfs.jar:/System/Library/Java/Extensions/MRJToolkit.jar:/Users/macbook/eclipse-workspace/UCSDUnfoldingMaps/build:/Users/macbook/eclipse-workspace/UCSDUnfoldingMaps/lib/core.jar:/Users/macbook/eclipse-workspace/UCSDUnfoldingMaps/lib/gluegen-rt.jar:/Users/macbook/eclipse-workspace/UCSDUnfoldingMaps/lib/jogl-all.jar:/Users/macbook/eclipse-workspace/UCSDUnfoldingMaps/lib/log4j-1.2.15.jar:/Users/macbook/eclipse-workspace/UCSDUnfoldingMaps/lib/sqlite-jdbc-3.7.2.jar:/Users/macbook/eclipse-workspace/UCSDUnfoldingMaps/lib/json4processing.jar:/Users/macbook/eclipse-workspace/UCSDUnfoldingMa
Launcher Type: SUN_STANDARD

Environment Variables:
PATH=/usr/bin:/bin:/usr/sbin:/sbin
SHELL=/bin/bash

Signal Handlers:
SIGSEGV: [libjvm.dylib+0x5b5439], sa_mask[0]=11111111011111110111111111111111, sa_flags=SA_ONSTACK|SA_RESTART|SA_SIGINFO
SIGBUS: [libjvm.dylib+0x5b5439], sa_mask[0]=11111111011111110111111111111111, sa_flags=SA_RESTART|SA_SIGINFO
SIGFPE: [libjvm.dylib+0x48ae24], sa_mask[0]=11111111011111110111111111111111, sa_flags=SA_RESTART|SA_SIGINFO
SIGPIPE: [libjvm.dylib+0x48ae24], sa_mask[0]=11111111011111110111111111111111, sa_flags=SA_RESTART|SA_SIGINFO
SIGXFSZ: [libjvm.dylib+0x48ae24], sa_mask[0]=11111111011111110111111111111111, sa_flags=SA_RESTART|SA_SIGINFO
SIGILL: [libjvm.dylib+0x48ae24], sa_mask[0]=11111111011111110111111111111111, sa_flags=SA_RESTART|SA_SIGINFO
SIGUSR1: SIG_DFL, sa_mask[0]=00000000000000000000000000000000, sa_flags=none
SIGUSR2: [libjvm.dylib+0x48a942], sa_mask[0]=00100000000000000000000000000000, sa_flags=SA_RESTART|SA_SIGINFO
SIGHUP: [libjvm.dylib+0x488f0d], sa_mask[0]=11111111011111110111111111111111, sa_flags=SA_RESTART|SA_SIGINFO
SIGINT: [libjvm.dylib+0x488f0d], sa_mask[0]=11111111011111110111111111111111, sa_flags=SA_RESTART|SA_SIGINFO
SIGTERM: [libjvm.dylib+0x488f0d], sa_mask[0]=11111111011111110111111111111111, sa_flags=SA_RESTART|SA_SIGINFO
SIGQUIT: [libjvm.dylib+0x488f0d], sa_mask[0]=11111111011111110111111111111111, sa_flags=SA_RESTART|SA_SIGINFO


---------------  S Y S T E M  ---------------

OS:Bsduname:Darwin 17.5.0 Darwin Kernel Version 17.5.0: Fri Apr 13 19:32:32 PDT 2018; root:xnu-4570.51.2~1/RELEASE_X86_64 x86_64
rlimit: STACK 8192k, CORE 0k, NPROC 1418, NOFILE 10240, AS infinity
load average:2.31 2.16 2.01

CPU:total 8 (initial active 8) (4 cores per cpu, 2 threads per core) family 6 model 70 stepping 1, cmov, cx8, fxsr, mmx, sse, sse2, sse3, ssse3, sse4.1, sse4.2, popcnt, avx, avx2, aes, clmul, erms, lzcnt, ht, tsc, tscinvbit, bmi1, bmi2

Memory: 4k page, physical 16777216k(2950808k free)

/proc/meminfo:


vm_info: Java HotSpot(TM) 64-Bit Server VM (25.161-b12) for bsd-amd64 JRE (1.8.0_161-b12), built on Dec 19 2017 16:22:20 by "java_re" with gcc 4.2.1 (Based on Apple Inc. build 5658) (LLVM build 2336.11.00)

time: Tue May 22 16:15:12 2018
elapsed time: 45 seconds (0d 0h 0m 45s)

