#
# A fatal error has been detected by the Java Runtime Environment:
#
#  SIGSEGV (0xb) at pc=0x00007fff5bb4de09, pid=3918, tid=0x0000000000000307
#
# JRE version: Java(TM) SE Runtime Environment (8.0_161-b12) (build 1.8.0_161-b12)
# Java VM: Java HotSpot(TM) 64-Bit Server VM (25.161-b12 mixed mode bsd-amd64 compressed oops)
# Problematic frame:
# C  [libobjc.A.dylib+0x4e09]  realizeClass(objc_class*)+0x2b1
#
# Failed to write core dump. Core dumps have been disabled. To enable core dumping, try "ulimit -c unlimited" before starting Java again
#
# If you would like to submit a bug report, please visit:
#   http://bugreport.java.com/bugreport/crash.jsp
# The crash happened outside the Java Virtual Machine in native code.
# See problematic frame for where to report the bug.
#

---------------  T H R E A D  ---------------

Current thread (0x00007fdcbd03d000):  JavaThread "AWT-AppKit" daemon [_thread_in_native, id=775, stack(0x00007ffee11f9000,0x00007ffee19f9000)]

siginfo: si_signo: 11 (SIGSEGV), si_code: 1 (SEGV_MAPERR), si_addr: 0x0000736578416e6f

Registers:
RAX=0x00007fdcbb589cf0, RBX=0x0000736578416e6f, RCX=0x0000000000000000, RDX=0x0000000000100000
RSP=0x00007ffee19f3b90, RBP=0x00007ffee19f3bf0, RSI=0x00000000fff0ffff, RDI=0x000000000000089d
R8 =0x000000008ead60e8, R9 =0x0000000000000004, R10=0x00000000fff00000, R11=0x00007fdcbb500000
R12=0x00007ffffffffff8, R13=0x00007fdcc335e000, R14=0x00007fdcbb589cf0, R15=0x00007fdcbb5b7be0
RIP=0x00007fff5bb4de09, EFLAGS=0x0000000000010206, ERR=0x0000000000000004
  TRAPNO=0x000000000000000e

Top of Stack: (sp=0x00007ffee19f3b90)
0x00007ffee19f3b90:   00007ffee19f3d20 00007fff3f798e16
0x00007ffee19f3ba0:   00007ffee19f3d77 000000012ee87b10
0x00007ffee19f3bb0:   00007fdcbd03d000 00007fdcbb589cf0
0x00007ffee19f3bc0:   00007fff8e576198 00007fff94ae02d0
0x00007ffee19f3bd0:   00007fff3269131e 0000000000000001
0x00007ffee19f3be0:   00007ffffffffff8 00007fdcc335e000
0x00007ffee19f3bf0:   00007ffee19f3c50 00007fff5bb50e2a
0x00007ffee19f3c00:   00007ffee19f3cd0 00007fff5c920351
0x00007ffee19f3c10:   00007ffee19f3c80 00007fdcc33565b0
0x00007ffee19f3c20:   0000000170001004 00000001301ff450
0x00007ffee19f3c30:   0000000000000000 000000012ee87b10
0x00007ffee19f3c40:   00000001301ff440 00007fdcbd03d000
0x00007ffee19f3c50:   00007ffee19f3d20 00007fff5bb50914
0x00007ffee19f3c60:   0000000000000000 0000000000000000
0x00007ffee19f3c70:   0000000000000001 0000000000000000
0x00007ffee19f3c80:   00007fff3269131e 00007fdcc33565b0
0x00007ffee19f3c90:   00007fdcc3417bf0 000000012ee87b10
0x00007ffee19f3ca0:   0000000000000000 0000000000000000
0x00007ffee19f3cb0:   00000000000000ff 0000000000000000
0x00007ffee19f3cc0:   0000000000000000 0000000000000000
0x00007ffee19f3cd0:   6f63616d5f747761 534f63614d5f7873
0x00007ffee19f3ce0:   534f63614d5f7873 6e69575457414a58
0x00007ffee19f3cf0:   80000000c41f8000 0000000000000000
0x00007ffee19f3d00:   00000000441f8000 0000000000000000
0x00007ffee19f3d10:   0000000044480000 0000000000000000
0x00007ffee19f3d20:   00007ffee19f3de0 00000001301fd157
0x00007ffee19f3d30:   00007ffee19f3d80 0000000000000003
0x00007ffee19f3d40:   00007ffee19f3d60 000000010f543e3e
0x00007ffee19f3d50:   000000012ee87b10 000000012ee87b10
0x00007ffee19f3d60:   00007fdcc3417bf0 00000001301ff6a0
0x00007ffee19f3d70:   00000001301ff710 00007fff8e532b38
0x00007ffee19f3d80:   00007fff8fc810e8 00000001301ff450 

Instructions: (pc=0x00007fff5bb4de09)
0x00007fff5bb4dde9:   00 4d 8b 77 08 44 8b 43 08 8b 48 04 41 29 c8 48
0x00007fff5bb4ddf9:   8b 58 30 48 85 db 0f 84 dd 00 00 00 4c 89 75 c8
0x00007fff5bb4de09:   44 8b 33 44 8b 63 04 45 0f af e6 45 85 e4 0f 84
0x00007fff5bb4de19:   b7 00 00 00 48 89 45 c0 b9 01 00 00 00 31 d2 be 

Register to memory mapping:

RAX=0x00007fdcbb589cf0 is an unknown value
RBX=0x0000736578416e6f is an unknown value
RCX=0x0000000000000000 is an unknown value
RDX=0x0000000000100000 is an unknown value
RSP=0x00007ffee19f3b90 is pointing into the stack for thread: 0x00007fdcbd03d000
RBP=0x00007ffee19f3bf0 is pointing into the stack for thread: 0x00007fdcbd03d000
RSI=0x00000000fff0ffff is an unknown value
RDI=0x000000000000089d is an unknown value
R8 =0x000000008ead60e8 is an unknown value
R9 =0x0000000000000004 is an unknown value
R10=0x00000000fff00000 is an unknown value
R11=0x00007fdcbb500000 is an unknown value
R12=0x00007ffffffffff8 is an unknown value
R13=0x00007fdcc335e000 is an unknown value
R14=0x00007fdcbb589cf0 is an unknown value
R15=0x00007fdcbb5b7be0 is an unknown value


Stack: [0x00007ffee11f9000,0x00007ffee19f9000],  sp=0x00007ffee19f3b90,  free space=8170k
Native frames: (J=compiled Java code, j=interpreted, Vv=VM code, C=native code)
C  [libobjc.A.dylib+0x4e09]  realizeClass(objc_class*)+0x2b1
C  [libobjc.A.dylib+0x7e2a]  lookUpImpOrForward+0x7f
C  [libobjc.A.dylib+0x7914]  _objc_msgSend_uncached+0x44
C  [libnativewindow_macosx.jnilib+0x5157]  Java_jogamp_nativewindow_jawt_macosx_MacOSXJAWTWindow_UnsetJAWTRootSurfaceLayer0+0xe7
j  jogamp.nativewindow.jawt.macosx.MacOSXJAWTWindow.UnsetJAWTRootSurfaceLayer0(JJ)V+0
j  jogamp.nativewindow.jawt.macosx.MacOSXJAWTWindow.access$200(JJ)V+2
j  jogamp.nativewindow.jawt.macosx.MacOSXJAWTWindow$1.run()V+38
J 2105 C1 com.jogamp.common.util.RunnableTask.run()V (345 bytes) @ 0x000000011311d034 [0x000000011311cea0+0x194]
v  ~StubRoutines::call_stub
V  [libjvm.dylib+0x2ef9aa]  JavaCalls::call_helper(JavaValue*, methodHandle*, JavaCallArguments*, Thread*)+0x6ae
V  [libjvm.dylib+0x326bd8]  jni_invoke_nonstatic(JNIEnv_*, JavaValue*, _jobject*, JNICallType, _jmethodID*, JNI_ArgumentPusher*, Thread*)+0x2ec
V  [libjvm.dylib+0x3193bb]  jni_CallVoidMethod+0x16b
C  [libnativewindow_macosx.jnilib+0x5326]  Java_jogamp_nativewindow_jawt_macosx_MacOSXJAWTWindow_UnsetJAWTRootSurfaceLayer0+0x2b6
C  [Foundation+0x682b5]  __NSThreadPerformPerform+0x14e
C  [CoreFoundation+0xa3a61]  __CFRUNLOOP_IS_CALLING_OUT_TO_A_SOURCE0_PERFORM_FUNCTION__+0x11
C  [CoreFoundation+0x15d47c]  __CFRunLoopDoSource0+0x6c
C  [CoreFoundation+0x8651c]  __CFRunLoopDoSources0+0x12c
C  [CoreFoundation+0x8593d]  __CFRunLoopRun+0x50d
C  [CoreFoundation+0x851a3]  CFRunLoopRunSpecific+0x1e3
C  [HIToolbox+0x2fd96]  RunCurrentEventLoopInMode+0x11e
C  [HIToolbox+0x2fa0f]  ReceiveNextEventCommon+0x16e
C  [HIToolbox+0x2f884]  _BlockUntilNextEventMatchingListInModeWithFilter+0x40
C  [AppKit+0x41a73]  _DPSNextEvent+0x825
C  [AppKit+0x7d7e34]  -[NSApplication(NSEvent) _nextEventMatchingEventMask:untilDate:inMode:dequeue:]+0xbe4
C  [libosxapp.dylib+0x23aa]  -[NSApplicationAWT nextEventMatchingMask:untilDate:inMode:dequeue:]+0x7c
C  [AppKit+0x36885]  -[NSApplication run]+0x2fc
C  [libosxapp.dylib+0x214d]  +[NSApplicationAWT runAWTLoopWithApp:]+0x9c
C  [libawt_lwawt.dylib+0x47397]  -[AWTStarter starter:]+0x389
C  [Foundation+0x682b5]  __NSThreadPerformPerform+0x14e
C  [CoreFoundation+0xa3a61]  __CFRUNLOOP_IS_CALLING_OUT_TO_A_SOURCE0_PERFORM_FUNCTION__+0x11
C  [CoreFoundation+0x15d47c]  __CFRunLoopDoSource0+0x6c
C  [CoreFoundation+0x864c0]  __CFRunLoopDoSources0+0xd0
C  [CoreFoundation+0x8593d]  __CFRunLoopRun+0x50d
C  [CoreFoundation+0x851a3]  CFRunLoopRunSpecific+0x1e3
C  [java+0x647a]  CreateExecutionEnvironment+0x367
C  [java+0x212c]  JLI_Launch+0x7a0
C  [java+0x84d7]  main+0x65
C  [java+0x1984]  start+0x34
C  0x0000000000000007

Java frames: (J=compiled Java code, j=interpreted, Vv=VM code)
j  jogamp.nativewindow.jawt.macosx.MacOSXJAWTWindow.UnsetJAWTRootSurfaceLayer0(JJ)V+0
j  jogamp.nativewindow.jawt.macosx.MacOSXJAWTWindow.access$200(JJ)V+2
j  jogamp.nativewindow.jawt.macosx.MacOSXJAWTWindow$1.run()V+38
J 2105 C1 com.jogamp.common.util.RunnableTask.run()V (345 bytes) @ 0x000000011311d034 [0x000000011311cea0+0x194]
v  ~StubRoutines::call_stub

---------------  P R O C E S S  ---------------

Java Threads: ( => current thread )
  0x00007fdcbd514800 JavaThread "Thread-53" [_thread_blocked, id=70155, stack(0x000070000c5ae000,0x000070000c6ae000)]
  0x00007fdcbbeb1800 JavaThread "AWT-EventQueue-1" [_thread_blocked, id=61571, stack(0x000070000e394000,0x000070000e494000)]
  0x00007fdcbb9c7000 JavaThread "DestroyJavaVM" [_thread_blocked, id=9731, stack(0x000070000c737000,0x000070000c837000)]
  0x00007fdcbb9cc800 JavaThread "AWT-EventQueue-0" [_thread_blocked, id=76815, stack(0x000070000e18e000,0x000070000e28e000)]
  0x00007fdcbd118000 JavaThread "Java2D Disposer" daemon [_thread_blocked, id=54287, stack(0x000070000df05000,0x000070000e005000)]
  0x00007fdcbd10b000 JavaThread "Java2D Queue Flusher" daemon [_thread_blocked, id=51207, stack(0x000070000de02000,0x000070000df02000)]
  0x00007fdcbc161000 JavaThread "AWT-Shutdown" [_thread_blocked, id=39979, stack(0x000070000da70000,0x000070000db70000)]
=>0x00007fdcbd03d000 JavaThread "AWT-AppKit" daemon [_thread_in_native, id=775, stack(0x00007ffee11f9000,0x00007ffee19f9000)]
  0x00007fdcbc01f000 JavaThread "Service Thread" daemon [_thread_blocked, id=17667, stack(0x000070000d86a000,0x000070000d96a000)]
  0x00007fdcbb80a000 JavaThread "C1 CompilerThread3" daemon [_thread_in_native, id=16899, stack(0x000070000d767000,0x000070000d867000)]
  0x00007fdcbc81a000 JavaThread "C2 CompilerThread2" daemon [_thread_blocked, id=16387, stack(0x000070000d664000,0x000070000d764000)]
  0x00007fdcbb809800 JavaThread "C2 CompilerThread1" daemon [_thread_blocked, id=15875, stack(0x000070000d561000,0x000070000d661000)]
  0x00007fdcbd057000 JavaThread "C2 CompilerThread0" daemon [_thread_in_native, id=18179, stack(0x000070000d45e000,0x000070000d55e000)]
  0x00007fdcbd041800 JavaThread "Signal Dispatcher" daemon [_thread_blocked, id=15371, stack(0x000070000d35b000,0x000070000d45b000)]
  0x00007fdcbf803000 JavaThread "Finalizer" daemon [_thread_blocked, id=20227, stack(0x000070000d258000,0x000070000d358000)]
  0x00007fdcbf802000 JavaThread "Reference Handler" daemon [_thread_blocked, id=13315, stack(0x000070000d155000,0x000070000d255000)]

Other Threads:
  0x00007fdcbb837800 VMThread [stack: 0x000070000d052000,0x000070000d152000] [id=20739]
  0x00007fdcbd03b800 WatcherThread [stack: 0x000070000d96d000,0x000070000da6d000] [id=17155]

VM state:not at safepoint (normal execution)

VM Mutex/Monitor currently owned by a thread: None

Heap:
 PSYoungGen      total 74752K, used 20408K [0x000000076ab00000, 0x0000000773600000, 0x00000007c0000000)
  eden space 64000K, 15% used [0x000000076ab00000,0x000000076b4755e0,0x000000076e980000)
  from space 10752K, 99% used [0x000000076eb00000,0x000000076f578d80,0x000000076f580000)
  to   space 21504K, 0% used [0x0000000772100000,0x0000000772100000,0x0000000773600000)
 ParOldGen       total 175104K, used 15256K [0x00000006c0000000, 0x00000006cab00000, 0x000000076ab00000)
  object space 175104K, 8% used [0x00000006c0000000,0x00000006c0ee61f0,0x00000006cab00000)
 Metaspace       used 19592K, capacity 19899K, committed 20224K, reserved 1067008K
  class space    used 1939K, capacity 2028K, committed 2048K, reserved 1048576K

Card table byte_map: [0x000000011076e000,0x0000000110f6f000] byte_map_base: 0x000000010d16e000

Marking Bits: (ParMarkBitMap*) 0x000000010fcf76c0
 Begin Bits: [0x0000000121a23000, 0x0000000125a23000)
 End Bits:   [0x0000000125a23000, 0x0000000129a23000)

Polling page: 0x000000010e28c000

CodeCache: size=245760Kb used=7783Kb max_used=8296Kb free=237976Kb
 bounds [0x0000000112a23000, 0x0000000113253000, 0x0000000121a23000]
 total_blobs=3176 nmethods=2276 adapters=813
 compilation: enabled

Compilation events (10 events):
Event: 28.109 Thread 0x00007fdcbc81a000 2456  s    4       sun.misc.URLClassPath::getNextLoader (88 bytes)
Event: 28.109 Thread 0x00007fdcbb809800 2457  s!   4       sun.misc.URLClassPath::getLoader (243 bytes)
Event: 28.114 Thread 0x00007fdcbc81a000 nmethod 2456 0x0000000112d2b690 code [0x0000000112d2b800, 0x0000000112d2bf78]
Event: 28.114 Thread 0x00007fdcbb809800 nmethod 2457 0x0000000112e21d90 code [0x0000000112e21f00, 0x0000000112e226d8]
Event: 28.119 Thread 0x00007fdcbb80a000 2458       3       java.lang.invoke.MethodType::basicType (8 bytes)
Event: 28.119 Thread 0x00007fdcbb80a000 nmethod 2458 0x0000000112ddf250 code [0x0000000112ddf3c0, 0x0000000112ddf5b0]
Event: 28.121 Thread 0x00007fdcbd057000 2459       4       sun.awt.SunToolkit::flushPendingEvents (19 bytes)
Event: 28.121 Thread 0x00007fdcbb80a000 2460       3       sun.lwawt.LWComponentPeer::localToWindow (14 bytes)
Event: 28.121 Thread 0x00007fdcbb80a000 nmethod 2460 0x0000000112b94990 code [0x0000000112b94b20, 0x0000000112b94ea8]
Event: 28.121 Thread 0x00007fdcbb80a000 2461       3       java.lang.invoke.LambdaForm::uncustomize (58 bytes)

GC Heap History (10 events):
Event: 3.822 GC heap before
{Heap before GC invocations=1 (full 0):
 PSYoungGen      total 76288K, used 65536K [0x000000076ab00000, 0x0000000770000000, 0x00000007c0000000)
  eden space 65536K, 100% used [0x000000076ab00000,0x000000076eb00000,0x000000076eb00000)
  from space 10752K, 0% used [0x000000076f580000,0x000000076f580000,0x0000000770000000)
  to   space 10752K, 0% used [0x000000076eb00000,0x000000076eb00000,0x000000076f580000)
 ParOldGen       total 175104K, used 0K [0x00000006c0000000, 0x00000006cab00000, 0x000000076ab00000)
  object space 175104K, 0% used [0x00000006c0000000,0x00000006c0000000,0x00000006cab00000)
 Metaspace       used 18430K, capacity 18735K, committed 18944K, reserved 1067008K
  class space    used 1891K, capacity 1986K, committed 2048K, reserved 1048576K
Event: 3.832 GC heap after
Heap after GC invocations=1 (full 0):
 PSYoungGen      total 76288K, used 10744K [0x000000076ab00000, 0x0000000770000000, 0x00000007c0000000)
  eden space 65536K, 0% used [0x000000076ab00000,0x000000076ab00000,0x000000076eb00000)
  from space 10752K, 99% used [0x000000076eb00000,0x000000076f57e070,0x000000076f580000)
  to   space 10752K, 0% used [0x000000076f580000,0x000000076f580000,0x0000000770000000)
 ParOldGen       total 175104K, used 3558K [0x00000006c0000000, 0x00000006cab00000, 0x000000076ab00000)
  object space 175104K, 2% used [0x00000006c0000000,0x00000006c0379b30,0x00000006cab00000)
 Metaspace       used 18430K, capacity 18735K, committed 18944K, reserved 1067008K
  class space    used 1891K, capacity 1986K, committed 2048K, reserved 1048576K
}
Event: 4.110 GC heap before
{Heap before GC invocations=2 (full 0):
 PSYoungGen      total 76288K, used 76052K [0x000000076ab00000, 0x0000000770000000, 0x00000007c0000000)
  eden space 65536K, 99% used [0x000000076ab00000,0x000000076eac7038,0x000000076eb00000)
  from space 10752K, 99% used [0x000000076eb00000,0x000000076f57e070,0x000000076f580000)
  to   space 10752K, 0% used [0x000000076f580000,0x000000076f580000,0x0000000770000000)
 ParOldGen       total 175104K, used 3558K [0x00000006c0000000, 0x00000006cab00000, 0x000000076ab00000)
  object space 175104K, 2% used [0x00000006c0000000,0x00000006c0379b30,0x00000006cab00000)
 Metaspace       used 18739K, capacity 19119K, committed 19456K, reserved 1067008K
  class space    used 1917K, capacity 2024K, committed 2048K, reserved 1048576K
Event: 4.120 GC heap after
Heap after GC invocations=2 (full 0):
 PSYoungGen      total 76288K, used 10723K [0x000000076ab00000, 0x0000000774000000, 0x00000007c0000000)
  eden space 65536K, 0% used [0x000000076ab00000,0x000000076ab00000,0x000000076eb00000)
  from space 10752K, 99% used [0x000000076f580000,0x000000076fff8de0,0x0000000770000000)
  to   space 10752K, 0% used [0x000000076eb00000,0x000000076eb00000,0x000000076f580000)
 ParOldGen       total 175104K, used 12736K [0x00000006c0000000, 0x00000006cab00000, 0x000000076ab00000)
  object space 175104K, 7% used [0x00000006c0000000,0x00000006c0c70160,0x00000006cab00000)
 Metaspace       used 18739K, capacity 19119K, committed 19456K, reserved 1067008K
  class space    used 1917K, capacity 2024K, committed 2048K, reserved 1048576K
}
Event: 9.344 GC heap before
{Heap before GC invocations=3 (full 0):
 PSYoungGen      total 76288K, used 76259K [0x000000076ab00000, 0x0000000774000000, 0x00000007c0000000)
  eden space 65536K, 100% used [0x000000076ab00000,0x000000076eb00000,0x000000076eb00000)
  from space 10752K, 99% used [0x000000076f580000,0x000000076fff8de0,0x0000000770000000)
  to   space 10752K, 0% used [0x000000076eb00000,0x000000076eb00000,0x000000076f580000)
 ParOldGen       total 175104K, used 12736K [0x00000006c0000000, 0x00000006cab00000, 0x000000076ab00000)
  object space 175104K, 7% used [0x00000006c0000000,0x00000006c0c70160,0x00000006cab00000)
 Metaspace       used 19325K, capacity 19703K, committed 19968K, reserved 1067008K
  class space    used 1926K, capacity 2026K, committed 2048K, reserved 1048576K
Event: 9.350 GC heap after
Heap after GC invocations=3 (full 0):
 PSYoungGen      total 76288K, used 10739K [0x000000076ab00000, 0x0000000774000000, 0x00000007c0000000)
  eden space 65536K, 0% used [0x000000076ab00000,0x000000076ab00000,0x000000076eb00000)
  from space 10752K, 99% used [0x000000076eb00000,0x000000076f57cdd0,0x000000076f580000)
  to   space 10752K, 0% used [0x0000000773580000,0x0000000773580000,0x0000000774000000)
 ParOldGen       total 175104K, used 15240K [0x00000006c0000000, 0x00000006cab00000, 0x000000076ab00000)
  object space 175104K, 8% used [0x00000006c0000000,0x00000006c0ee21f0,0x00000006cab00000)
 Metaspace       used 19325K, capacity 19703K, committed 19968K, reserved 1067008K
  class space    used 1926K, capacity 2026K, committed 2048K, reserved 1048576K
}
Event: 18.223 GC heap before
{Heap before GC invocations=4 (full 0):
 PSYoungGen      total 76288K, used 76275K [0x000000076ab00000, 0x0000000774000000, 0x00000007c0000000)
  eden space 65536K, 100% used [0x000000076ab00000,0x000000076eb00000,0x000000076eb00000)
  from space 10752K, 99% used [0x000000076eb00000,0x000000076f57cdd0,0x000000076f580000)
  to   space 10752K, 0% used [0x0000000773580000,0x0000000773580000,0x0000000774000000)
 ParOldGen       total 175104K, used 15240K [0x00000006c0000000, 0x00000006cab00000, 0x000000076ab00000)
  object space 175104K, 8% used [0x00000006c0000000,0x00000006c0ee21f0,0x00000006cab00000)
 Metaspace       used 19437K, capacity 19767K, committed 19968K, reserved 1067008K
  class space    used 1926K, capacity 2026K, committed 2048K, reserved 1048576K
Event: 18.231 GC heap after
Heap after GC invocations=4 (full 0):
 PSYoungGen      total 76288K, used 10675K [0x000000076ab00000, 0x0000000774000000, 0x00000007c0000000)
  eden space 65536K, 0% used [0x000000076ab00000,0x000000076ab00000,0x000000076eb00000)
  from space 10752K, 99% used [0x0000000773580000,0x0000000773fecdb0,0x0000000774000000)
  to   space 10752K, 0% used [0x000000076eb00000,0x000000076eb00000,0x000000076f580000)
 ParOldGen       total 175104K, used 15248K [0x00000006c0000000, 0x00000006cab00000, 0x000000076ab00000)
  object space 175104K, 8% used [0x00000006c0000000,0x00000006c0ee41f0,0x00000006cab00000)
 Metaspace       used 19437K, capacity 19767K, committed 19968K, reserved 1067008K
  class space    used 1926K, capacity 2026K, committed 2048K, reserved 1048576K
}
Event: 27.209 GC heap before
{Heap before GC invocations=5 (full 0):
 PSYoungGen      total 76288K, used 76211K [0x000000076ab00000, 0x0000000774000000, 0x00000007c0000000)
  eden space 65536K, 100% used [0x000000076ab00000,0x000000076eb00000,0x000000076eb00000)
  from space 10752K, 99% used [0x0000000773580000,0x0000000773fecdb0,0x0000000774000000)
  to   space 10752K, 0% used [0x000000076eb00000,0x000000076eb00000,0x000000076f580000)
 ParOldGen       total 175104K, used 15248K [0x00000006c0000000, 0x00000006cab00000, 0x000000076ab00000)
  object space 175104K, 8% used [0x00000006c0000000,0x00000006c0ee41f0,0x00000006cab00000)
 Metaspace       used 19453K, capacity 19831K, committed 19968K, reserved 1067008K
  class space    used 1926K, capacity 2026K, committed 2048K, reserved 1048576K
Event: 27.215 GC heap after
Heap after GC invocations=5 (full 0):
 PSYoungGen      total 74752K, used 10723K [0x000000076ab00000, 0x0000000773600000, 0x00000007c0000000)
  eden space 64000K, 0% used [0x000000076ab00000,0x000000076ab00000,0x000000076e980000)
  from space 10752K, 99% used [0x000000076eb00000,0x000000076f578d80,0x000000076f580000)
  to   space 21504K, 0% used [0x0000000772100000,0x0000000772100000,0x0000000773600000)
 ParOldGen       total 175104K, used 15256K [0x00000006c0000000, 0x00000006cab00000, 0x000000076ab00000)
  object space 175104K, 8% used [0x00000006c0000000,0x00000006c0ee61f0,0x00000006cab00000)
 Metaspace       used 19453K, capacity 19831K, committed 19968K, reserved 1067008K
  class space    used 1926K, capacity 2026K, committed 2048K, reserved 1048576K
}

Deoptimization events (10 events):
Event: 2.715 Thread 0x00007fdcbd408800 Uncommon trap: reason=unstable_if action=reinterpret pc=0x0000000112cbeae0 method=java.lang.String.indexOf([CII[CIII)I @ 3
Event: 2.715 Thread 0x00007fdcbd408800 Uncommon trap: reason=unstable_if action=reinterpret pc=0x0000000112c16730 method=java.lang.String.indexOf([CII[CIII)I @ 3
Event: 3.664 Thread 0x00007fdcbbeb1800 Uncommon trap: reason=unstable_if action=reinterpret pc=0x0000000112c1f090 method=java.lang.AbstractStringBuilder.append(Ljava/lang/String;)Ljava/lang/AbstractStringBuilder; @ 1
Event: 3.756 Thread 0x00007fdcbbeb1800 Uncommon trap: reason=unstable_if action=reinterpret pc=0x0000000112e19ae4 method=java.util.HashMap$HashIterator.<init>(Ljava/util/HashMap;)V @ 38
Event: 28.074 Thread 0x00007fdcbbeb1800 Uncommon trap: reason=unstable_if action=reinterpret pc=0x0000000112ef0c68 method=com.jogamp.common.util.VersionNumber.compareTo(Lcom/jogamp/common/util/VersionNumber;)I @ 21
Event: 28.107 Thread 0x00007fdcbd11e000 Uncommon trap: reason=class_check action=maybe_recompile pc=0x00000001132196c4 method=java.util.HashMap.putVal(ILjava/lang/Object;Ljava/lang/Object;ZZ)Ljava/lang/Object; @ 91
Event: 28.107 Thread 0x00007fdcbd11e000 Uncommon trap: reason=class_check action=maybe_recompile pc=0x00000001132196c4 method=java.util.HashMap.putVal(ILjava/lang/Object;Ljava/lang/Object;ZZ)Ljava/lang/Object; @ 91
Event: 28.107 Thread 0x00007fdcbd11e000 Uncommon trap: reason=class_check action=maybe_recompile pc=0x00000001132196c4 method=java.util.HashMap.putVal(ILjava/lang/Object;Ljava/lang/Object;ZZ)Ljava/lang/Object; @ 91
Event: 28.107 Thread 0x00007fdcbd11e000 Uncommon trap: reason=class_check action=maybe_recompile pc=0x00000001132196c4 method=java.util.HashMap.putVal(ILjava/lang/Object;Ljava/lang/Object;ZZ)Ljava/lang/Object; @ 91
Event: 28.118 Thread 0x00007fdcbbeb1800 Uncommon trap: reason=unstable_if action=reinterpret pc=0x00000001131780bc method=java.security.AccessControlContext.optimize()Ljava/security/AccessControlContext; @ 233

Classes redefined (0 events):
No events

Internal exceptions (10 events):
Event: 0.149 Thread 0x00007fdcbc001000 Exception <a 'java/lang/NoSuchFieldError': method resolution failed> (0x000000076add5cd8) thrown at [/Users/java_re/workspace/8-2-build-macosx-x86_64/jdk8u161/10277/hotspot/src/share/vm/prims/methodHandles.cpp, line 1167]
Event: 0.293 Thread 0x00007fdcbc001000 Exception <a 'java/io/FileNotFoundException'> (0x000000076ae511c8) thrown at [/Users/java_re/workspace/8-2-build-macosx-x86_64/jdk8u161/10277/hotspot/src/share/vm/prims/jni.cpp, line 709]
Event: 0.293 Thread 0x00007fdcbc001000 Exception <a 'java/io/FileNotFoundException'> (0x000000076ae51d38) thrown at [/Users/java_re/workspace/8-2-build-macosx-x86_64/jdk8u161/10277/hotspot/src/share/vm/prims/jni.cpp, line 709]
Event: 0.382 Thread 0x00007fdcbc001000 Exception <a 'java/io/FileNotFoundException'> (0x000000076aed4a90) thrown at [/Users/java_re/workspace/8-2-build-macosx-x86_64/jdk8u161/10277/hotspot/src/share/vm/prims/jni.cpp, line 709]
Event: 2.738 Thread 0x00007fdcbd408800 Exception <a 'java/lang/UnsatisfiedLinkError': com.jogamp.common.util.JarUtil.fixNativeLibAttribs(Ljava/lang/String;)Z> (0x000000076c666a20) thrown at [/Users/java_re/workspace/8-2-build-macosx-x86_64/jdk8u161/10277/hotspot/src/share/vm/prims/nativeLookup
Event: 3.664 Thread 0x00007fdcbbeb1800 Exception <a 'java/io/FileNotFoundException'> (0x000000076d88d580) thrown at [/Users/java_re/workspace/8-2-build-macosx-x86_64/jdk8u161/10277/hotspot/src/share/vm/prims/jni.cpp, line 709]
Event: 3.664 Thread 0x00007fdcbbeb1800 Exception <a 'java/io/FileNotFoundException'> (0x000000076d894010) thrown at [/Users/java_re/workspace/8-2-build-macosx-x86_64/jdk8u161/10277/hotspot/src/share/vm/prims/jni.cpp, line 709]
Event: 3.664 Thread 0x00007fdcbbeb1800 Implicit null exception at 0x0000000112c1ecb6 to 0x0000000112c1f079
Event: 3.756 Thread 0x00007fdcbbeb1800 Implicit null exception at 0x0000000112e19886 to 0x0000000112e19acd
Event: 3.834 Thread 0x00007fdcbf803000 Exception <a 'java/lang/NullPointerException'> (0x000000076aef02d8) thrown at [/Users/java_re/workspace/8-2-build-macosx-x86_64/jdk8u161/10277/hotspot/src/share/vm/interpreter/linkResolver.cpp, line 1185]

Events (10 events):
Event: 28.118 Thread 0x00007fdcbbeb1800 DEOPT UNPACKING pc=0x0000000112a6873a sp=0x000070000e491880 mode 2
Event: 28.118 loading class java/awt/LightweightDispatcher$2
Event: 28.118 loading class java/awt/LightweightDispatcher$2 done
Event: 28.118 loading class java/awt/event/AWTEventListenerProxy
Event: 28.118 loading class java/awt/event/AWTEventListenerProxy done
Event: 28.118 loading class java/awt/Toolkit$ToolkitEventMulticaster
Event: 28.118 loading class java/awt/Toolkit$ToolkitEventMulticaster done
Event: 28.119 Thread 0x00007fdcbd11e000 Thread exited: 0x00007fdcbd11e000
Event: 28.119 loading class java/awt/Window$1DisposeAction
Event: 28.119 loading class java/awt/Window$1DisposeAction done


Dynamic libraries:
0x000000000c8c0000 	/System/Library/Frameworks/Cocoa.framework/Versions/A/Cocoa
0x000000000c8c0000 	/System/Library/Frameworks/Security.framework/Versions/A/Security
0x000000000c8c0000 	/System/Library/Frameworks/ApplicationServices.framework/Versions/A/ApplicationServices
0x000000000c8c0000 	/usr/lib/libz.1.dylib
0x000000000c8c0000 	/usr/lib/libSystem.B.dylib
0x000000000c8c0000 	/usr/lib/libobjc.A.dylib
0x000000000c8c0000 	/System/Library/Frameworks/CoreFoundation.framework/Versions/A/CoreFoundation
0x000000000c8c0000 	/System/Library/Frameworks/Foundation.framework/Versions/C/Foundation
0x000000000c8c0000 	/System/Library/Frameworks/AppKit.framework/Versions/C/AppKit
0x000000000c8c0000 	/System/Library/Frameworks/CoreData.framework/Versions/A/CoreData
0x000000000c8c0000 	/System/Library/PrivateFrameworks/RemoteViewServices.framework/Versions/A/RemoteViewServices
0x000000000c8c0000 	/System/Library/PrivateFrameworks/UIFoundation.framework/Versions/A/UIFoundation
0x000000000c8c0000 	/System/Library/PrivateFrameworks/DFRFoundation.framework/Versions/A/DFRFoundation
0x000000000c8c0000 	/System/Library/Frameworks/Metal.framework/Versions/A/Metal
0x000000000c8c0000 	/System/Library/PrivateFrameworks/DesktopServicesPriv.framework/Versions/A/DesktopServicesPriv
0x000000000c8c0000 	/usr/lib/libenergytrace.dylib
0x000000000c8c0000 	/System/Library/PrivateFrameworks/SkyLight.framework/Versions/A/SkyLight
0x000000000c8c0000 	/System/Library/Frameworks/CoreGraphics.framework/Versions/A/CoreGraphics
0x000000000c8c0000 	/usr/lib/libScreenReader.dylib
0x000000000c8c0000 	/System/Library/Frameworks/Accelerate.framework/Versions/A/Accelerate
0x000000000c8c0000 	/System/Library/Frameworks/IOSurface.framework/Versions/A/IOSurface
0x000000000c8c0000 	/System/Library/Frameworks/AudioToolbox.framework/Versions/A/AudioToolbox
0x000000000c8c0000 	/System/Library/Frameworks/AudioUnit.framework/Versions/A/AudioUnit
0x000000000c8c0000 	/System/Library/PrivateFrameworks/DataDetectorsCore.framework/Versions/A/DataDetectorsCore
0x000000000c8c0000 	/System/Library/Frameworks/Carbon.framework/Versions/A/Frameworks/HIToolbox.framework/Versions/A/HIToolbox
0x000000000c8c0000 	/usr/lib/libicucore.A.dylib
0x000000000c8c0000 	/System/Library/Frameworks/QuartzCore.framework/Versions/A/QuartzCore
0x000000000c8c0000 	/System/Library/PrivateFrameworks/SignpostNotification.framework/Versions/A/SignpostNotification
0x000000000c8c0000 	/System/Library/Frameworks/Carbon.framework/Versions/A/Frameworks/SpeechRecognition.framework/Versions/A/SpeechRecognition
0x000000000c8c0000 	/usr/lib/libauto.dylib
0x000000000c8c0000 	/usr/lib/libxml2.2.dylib
0x000000000c8c0000 	/System/Library/PrivateFrameworks/CoreUI.framework/Versions/A/CoreUI
0x000000000c8c0000 	/System/Library/Frameworks/CoreAudio.framework/Versions/A/CoreAudio
0x000000000c8c0000 	/System/Library/Frameworks/DiskArbitration.framework/Versions/A/DiskArbitration
0x000000000c8c0000 	/usr/lib/liblangid.dylib
0x000000000c8c0000 	/System/Library/PrivateFrameworks/MultitouchSupport.framework/Versions/A/MultitouchSupport
0x000000000c8c0000 	/System/Library/Frameworks/IOKit.framework/Versions/A/IOKit
0x000000000c8c0000 	/usr/lib/libDiagnosticMessagesClient.dylib
0x000000000c8c0000 	/System/Library/Frameworks/CoreServices.framework/Versions/A/CoreServices
0x000000000c8c0000 	/System/Library/PrivateFrameworks/PerformanceAnalysis.framework/Versions/A/PerformanceAnalysis
0x000000000c8c0000 	/System/Library/Frameworks/OpenGL.framework/Versions/A/OpenGL
0x000000000c8c0000 	/System/Library/Frameworks/ColorSync.framework/Versions/A/ColorSync
0x000000000c8c0000 	/System/Library/Frameworks/CoreImage.framework/Versions/A/CoreImage
0x000000000c8c0000 	/System/Library/Frameworks/CoreText.framework/Versions/A/CoreText
0x000000000c8c0000 	/System/Library/Frameworks/ImageIO.framework/Versions/A/ImageIO
0x000000000c8c0000 	/System/Library/PrivateFrameworks/Backup.framework/Versions/A/Backup
0x000000000c8c0000 	/usr/lib/libarchive.2.dylib
0x000000000c8c0000 	/System/Library/Frameworks/CFNetwork.framework/Versions/A/CFNetwork
0x000000000c8c0000 	/System/Library/Frameworks/SystemConfiguration.framework/Versions/A/SystemConfiguration
0x000000000c8c0000 	/usr/lib/libCRFSuite.dylib
0x000000000c8c0000 	/usr/lib/libc++.1.dylib
0x000000000c8c0000 	/usr/lib/libc++abi.dylib
0x000000000c8c0000 	/usr/lib/system/libcache.dylib
0x000000000c8c0000 	/usr/lib/system/libcommonCrypto.dylib
0x000000000c8c0000 	/usr/lib/system/libcompiler_rt.dylib
0x000000000c8c0000 	/usr/lib/system/libcopyfile.dylib
0x000000000c8c0000 	/usr/lib/system/libcorecrypto.dylib
0x000000000c8c0000 	/usr/lib/system/libdispatch.dylib
0x000000000c8c0000 	/usr/lib/system/libdyld.dylib
0x000000000c8c0000 	/usr/lib/system/libkeymgr.dylib
0x000000000c8c0000 	/usr/lib/system/liblaunch.dylib
0x000000000c8c0000 	/usr/lib/system/libmacho.dylib
0x000000000c8c0000 	/usr/lib/system/libquarantine.dylib
0x000000000c8c0000 	/usr/lib/system/libremovefile.dylib
0x000000000c8c0000 	/usr/lib/system/libsystem_asl.dylib
0x000000000c8c0000 	/usr/lib/system/libsystem_blocks.dylib
0x000000000c8c0000 	/usr/lib/system/libsystem_c.dylib
0x000000000c8c0000 	/usr/lib/system/libsystem_configuration.dylib
0x000000000c8c0000 	/usr/lib/system/libsystem_coreservices.dylib
0x000000000c8c0000 	/usr/lib/system/libsystem_darwin.dylib
0x000000000c8c0000 	/usr/lib/system/libsystem_dnssd.dylib
0x000000000c8c0000 	/usr/lib/system/libsystem_info.dylib
0x000000000c8c0000 	/usr/lib/system/libsystem_m.dylib
0x000000000c8c0000 	/usr/lib/system/libsystem_malloc.dylib
0x000000000c8c0000 	/usr/lib/system/libsystem_network.dylib
0x000000000c8c0000 	/usr/lib/system/libsystem_networkextension.dylib
0x000000000c8c0000 	/usr/lib/system/libsystem_notify.dylib
0x000000000c8c0000 	/usr/lib/system/libsystem_sandbox.dylib
0x000000000c8c0000 	/usr/lib/system/libsystem_secinit.dylib
0x000000000c8c0000 	/usr/lib/system/libsystem_kernel.dylib
0x000000000c8c0000 	/usr/lib/system/libsystem_platform.dylib
0x000000000c8c0000 	/usr/lib/system/libsystem_pthread.dylib
0x000000000c8c0000 	/usr/lib/system/libsystem_symptoms.dylib
0x000000000c8c0000 	/usr/lib/system/libsystem_trace.dylib
0x000000000c8c0000 	/usr/lib/system/libunwind.dylib
0x000000000c8c0000 	/usr/lib/system/libxpc.dylib
0x000000000c8c0000 	/usr/lib/closure/libclosured.dylib
0x000000000c8c0000 	/usr/lib/libbsm.0.dylib
0x000000000c8c0000 	/usr/lib/system/libkxld.dylib
0x000000000c8c0000 	/usr/lib/libOpenScriptingUtil.dylib
0x000000000c8c0000 	/usr/lib/libcoretls.dylib
0x000000000c8c0000 	/usr/lib/libcoretls_cfhelpers.dylib
0x000000000c8c0000 	/usr/lib/libpam.2.dylib
0x000000000c8c0000 	/usr/lib/libsqlite3.dylib
0x000000000c8c0000 	/usr/lib/libxar.1.dylib
0x000000000c8c0000 	/usr/lib/libbz2.1.0.dylib
0x000000000c8c0000 	/usr/lib/liblzma.5.dylib
0x000000000c8c0000 	/usr/lib/libnetwork.dylib
0x000000000c8c0000 	/usr/lib/libapple_nghttp2.dylib
0x000000000c8c0000 	/usr/lib/libpcap.A.dylib
0x000000000c8c0000 	/usr/lib/libboringssl.dylib
0x000000000c8c0000 	/usr/lib/libusrtcp.dylib
0x000000000c8c0000 	/usr/lib/libapple_crypto.dylib
0x000000000c8c0000 	/System/Library/Frameworks/CoreServices.framework/Versions/A/Frameworks/FSEvents.framework/Versions/A/FSEvents
0x000000000c8c0000 	/System/Library/Frameworks/CoreServices.framework/Versions/A/Frameworks/CarbonCore.framework/Versions/A/CarbonCore
0x000000000c8c0000 	/System/Library/Frameworks/CoreServices.framework/Versions/A/Frameworks/Metadata.framework/Versions/A/Metadata
0x000000000c8c0000 	/System/Library/Frameworks/CoreServices.framework/Versions/A/Frameworks/OSServices.framework/Versions/A/OSServices
0x000000000c8c0000 	/System/Library/Frameworks/CoreServices.framework/Versions/A/Frameworks/SearchKit.framework/Versions/A/SearchKit
0x000000000c8c0000 	/System/Library/Frameworks/CoreServices.framework/Versions/A/Frameworks/AE.framework/Versions/A/AE
0x000000000c8c0000 	/System/Library/Frameworks/CoreServices.framework/Versions/A/Frameworks/LaunchServices.framework/Versions/A/LaunchServices
0x000000000c8c0000 	/System/Library/Frameworks/CoreServices.framework/Versions/A/Frameworks/DictionaryServices.framework/Versions/A/DictionaryServices
0x000000000c8c0000 	/System/Library/Frameworks/CoreServices.framework/Versions/A/Frameworks/SharedFileList.framework/Versions/A/SharedFileList
0x000000000c8c0000 	/System/Library/Frameworks/NetFS.framework/Versions/A/NetFS
0x000000000c8c0000 	/System/Library/PrivateFrameworks/NetAuth.framework/Versions/A/NetAuth
0x000000000c8c0000 	/System/Library/PrivateFrameworks/login.framework/Versions/A/Frameworks/loginsupport.framework/Versions/A/loginsupport
0x000000000c8c0000 	/System/Library/PrivateFrameworks/TCC.framework/Versions/A/TCC
0x000000000c8c0000 	/usr/lib/libmecabra.dylib
0x000000000c8c0000 	/System/Library/Frameworks/ApplicationServices.framework/Versions/A/Frameworks/ATS.framework/Versions/A/ATS
0x000000000c8c0000 	/System/Library/Frameworks/ApplicationServices.framework/Versions/A/Frameworks/ColorSyncLegacy.framework/Versions/A/ColorSyncLegacy
0x000000000c8c0000 	/System/Library/Frameworks/ApplicationServices.framework/Versions/A/Frameworks/HIServices.framework/Versions/A/HIServices
0x000000000c8c0000 	/System/Library/Frameworks/ApplicationServices.framework/Versions/A/Frameworks/LangAnalysis.framework/Versions/A/LangAnalysis
0x000000000c8c0000 	/System/Library/Frameworks/ApplicationServices.framework/Versions/A/Frameworks/PrintCore.framework/Versions/A/PrintCore
0x000000000c8c0000 	/System/Library/Frameworks/ApplicationServices.framework/Versions/A/Frameworks/QD.framework/Versions/A/QD
0x000000000c8c0000 	/System/Library/Frameworks/ApplicationServices.framework/Versions/A/Frameworks/SpeechSynthesis.framework/Versions/A/SpeechSynthesis
0x000000000c8c0000 	/System/Library/Frameworks/CoreDisplay.framework/Versions/A/CoreDisplay
0x000000000c8c0000 	/System/Library/Frameworks/Accelerate.framework/Versions/A/Frameworks/vImage.framework/Versions/A/vImage
0x000000000c8c0000 	/System/Library/Frameworks/Accelerate.framework/Versions/A/Frameworks/vecLib.framework/Versions/A/vecLib
0x000000000c8c0000 	/System/Library/Frameworks/Accelerate.framework/Versions/A/Frameworks/vecLib.framework/Versions/A/libvDSP.dylib
0x000000000c8c0000 	/System/Library/Frameworks/Accelerate.framework/Versions/A/Frameworks/vecLib.framework/Versions/A/libBNNS.dylib
0x000000000c8c0000 	/System/Library/Frameworks/Accelerate.framework/Versions/A/Frameworks/vecLib.framework/Versions/A/libQuadrature.dylib
0x000000000c8c0000 	/System/Library/Frameworks/Accelerate.framework/Versions/A/Frameworks/vecLib.framework/Versions/A/libvMisc.dylib
0x000000000c8c0000 	/System/Library/Frameworks/Accelerate.framework/Versions/A/Frameworks/vecLib.framework/Versions/A/libLAPACK.dylib
0x000000000c8c0000 	/System/Library/Frameworks/Accelerate.framework/Versions/A/Frameworks/vecLib.framework/Versions/A/libBLAS.dylib
0x000000000c8c0000 	/System/Library/Frameworks/Accelerate.framework/Versions/A/Frameworks/vecLib.framework/Versions/A/libLinearAlgebra.dylib
0x000000000c8c0000 	/System/Library/Frameworks/Accelerate.framework/Versions/A/Frameworks/vecLib.framework/Versions/A/libSparse.dylib
0x000000000c8c0000 	/System/Library/Frameworks/Accelerate.framework/Versions/A/Frameworks/vecLib.framework/Versions/A/libSparseBLAS.dylib
0x000000000c8c0000 	/System/Library/PrivateFrameworks/GPUWrangler.framework/Versions/A/GPUWrangler
0x000000000c8c0000 	/System/Library/PrivateFrameworks/IOAccelerator.framework/Versions/A/IOAccelerator
0x000000000c8c0000 	/System/Library/PrivateFrameworks/IOPresentment.framework/Versions/A/IOPresentment
0x000000000c8c0000 	/System/Library/PrivateFrameworks/DSExternalDisplay.framework/Versions/A/DSExternalDisplay
0x000000000c8c0000 	/System/Library/Frameworks/OpenGL.framework/Versions/A/Libraries/libCoreFSCache.dylib
0x000000000c8c0000 	/System/Library/Frameworks/CoreVideo.framework/Versions/A/CoreVideo
0x000000000c8c0000 	/System/Library/PrivateFrameworks/GraphVisualizer.framework/Versions/A/GraphVisualizer
0x000000000c8c0000 	/System/Library/Frameworks/MetalPerformanceShaders.framework/Versions/A/MetalPerformanceShaders
0x000000000c8c0000 	/usr/lib/libFosl_dynamic.dylib
0x000000000c8c0000 	/System/Library/PrivateFrameworks/FaceCore.framework/Versions/A/FaceCore
0x000000000c8c0000 	/System/Library/Frameworks/OpenCL.framework/Versions/A/OpenCL
0x000000000c8c0000 	/usr/lib/libcompression.dylib
0x000000000c8c0000 	/System/Library/Frameworks/ApplicationServices.framework/Versions/A/Frameworks/ATS.framework/Versions/A/Resources/libFontParser.dylib
0x000000000c8c0000 	/System/Library/Frameworks/ApplicationServices.framework/Versions/A/Frameworks/ATS.framework/Versions/A/Resources/libFontRegistry.dylib
0x000000000c8c0000 	/System/Library/Frameworks/ImageIO.framework/Versions/A/Resources/libJPEG.dylib
0x000000000c8c0000 	/System/Library/Frameworks/ImageIO.framework/Versions/A/Resources/libTIFF.dylib
0x000000000c8c0000 	/System/Library/Frameworks/ImageIO.framework/Versions/A/Resources/libPng.dylib
0x000000000c8c0000 	/System/Library/Frameworks/ImageIO.framework/Versions/A/Resources/libGIF.dylib
0x000000000c8c0000 	/System/Library/Frameworks/ImageIO.framework/Versions/A/Resources/libJP2.dylib
0x000000000c8c0000 	/System/Library/Frameworks/ImageIO.framework/Versions/A/Resources/libRadiance.dylib
0x000000000c8c0000 	/System/Library/PrivateFrameworks/AppleJPEG.framework/Versions/A/AppleJPEG
0x000000000c8c0000 	/System/Library/Frameworks/MetalPerformanceShaders.framework/Frameworks/MPSCore.framework/Versions/A/MPSCore
0x000000000c8c0000 	/System/Library/Frameworks/MetalPerformanceShaders.framework/Frameworks/MPSImage.framework/Versions/A/MPSImage
0x000000000c8c0000 	/System/Library/Frameworks/MetalPerformanceShaders.framework/Frameworks/MPSNeuralNetwork.framework/Versions/A/MPSNeuralNetwork
0x000000000c8c0000 	/System/Library/Frameworks/MetalPerformanceShaders.framework/Frameworks/MPSMatrix.framework/Versions/A/MPSMatrix
0x000000000c8c0000 	/System/Library/PrivateFrameworks/MetalTools.framework/Versions/A/MetalTools
0x000000000c8c0000 	/System/Library/Frameworks/OpenGL.framework/Versions/A/Libraries/libGLU.dylib
0x000000000c8c0000 	/System/Library/Frameworks/OpenGL.framework/Versions/A/Libraries/libGFXShared.dylib
0x000000000c8c0000 	/System/Library/Frameworks/OpenGL.framework/Versions/A/Libraries/libGL.dylib
0x000000000c8c0000 	/System/Library/Frameworks/OpenGL.framework/Versions/A/Libraries/libGLImage.dylib
0x000000000c8c0000 	/System/Library/Frameworks/OpenGL.framework/Versions/A/Libraries/libCVMSPluginSupport.dylib
0x000000000c8c0000 	/System/Library/Frameworks/OpenGL.framework/Versions/A/Libraries/libCoreVMClient.dylib
0x000000000c8c0000 	/usr/lib/libcups.2.dylib
0x000000000c8c0000 	/System/Library/Frameworks/Kerberos.framework/Versions/A/Kerberos
0x000000000c8c0000 	/System/Library/Frameworks/GSS.framework/Versions/A/GSS
0x000000000c8c0000 	/usr/lib/libresolv.9.dylib
0x000000000c8c0000 	/usr/lib/libiconv.2.dylib
0x000000000c8c0000 	/System/Library/PrivateFrameworks/Heimdal.framework/Versions/A/Heimdal
0x000000000c8c0000 	/usr/lib/libheimdal-asn1.dylib
0x000000000c8c0000 	/System/Library/Frameworks/OpenDirectory.framework/Versions/A/OpenDirectory
0x000000000c8c0000 	/System/Library/PrivateFrameworks/CommonAuth.framework/Versions/A/CommonAuth
0x000000000c8c0000 	/System/Library/Frameworks/OpenDirectory.framework/Versions/A/Frameworks/CFOpenDirectory.framework/Versions/A/CFOpenDirectory
0x000000000c8c0000 	/System/Library/Frameworks/SecurityFoundation.framework/Versions/A/SecurityFoundation
0x000000000c8c0000 	/System/Library/PrivateFrameworks/APFS.framework/Versions/A/APFS
0x000000000c8c0000 	/usr/lib/libutil.dylib
0x000000000c8c0000 	/System/Library/PrivateFrameworks/AppleSauce.framework/Versions/A/AppleSauce
0x000000000c8c0000 	/System/Library/PrivateFrameworks/LinguisticData.framework/Versions/A/LinguisticData
0x000000000c8c0000 	/usr/lib/libmarisa.dylib
0x000000000c8c0000 	/System/Library/PrivateFrameworks/Lexicon.framework/Versions/A/Lexicon
0x000000000c8c0000 	/usr/lib/libChineseTokenizer.dylib
0x000000000c8c0000 	/usr/lib/libcmph.dylib
0x000000000c8c0000 	/System/Library/PrivateFrameworks/LanguageModeling.framework/Versions/A/LanguageModeling
0x000000000c8c0000 	/System/Library/PrivateFrameworks/CoreEmoji.framework/Versions/A/CoreEmoji
0x000000000c8c0000 	/System/Library/Frameworks/ServiceManagement.framework/Versions/A/ServiceManagement
0x000000000c8c0000 	/System/Library/PrivateFrameworks/BackgroundTaskManagement.framework/Versions/A/BackgroundTaskManagement
0x000000000c8c0000 	/usr/lib/libxslt.1.dylib
0x000000000c8c0000 	/System/Library/Frameworks/Carbon.framework/Versions/A/Frameworks/Ink.framework/Versions/A/Ink
0x000000000c8c0000 	/System/Library/PrivateFrameworks/TextureIO.framework/Versions/A/TextureIO
0x000000000c8c0000 	/usr/lib/libate.dylib
0x000000000c8c0000 	/System/Library/PrivateFrameworks/CrashReporterSupport.framework/Versions/A/CrashReporterSupport
0x000000000c8c0000 	/System/Library/PrivateFrameworks/Sharing.framework/Versions/A/Sharing
0x000000000c8c0000 	/System/Library/PrivateFrameworks/IconServices.framework/Versions/A/IconServices
0x000000000c8c0000 	/System/Library/PrivateFrameworks/Apple80211.framework/Versions/A/Apple80211
0x000000000c8c0000 	/System/Library/PrivateFrameworks/CoreUtils.framework/Versions/A/CoreUtils
0x000000000c8c0000 	/System/Library/Frameworks/CoreWLAN.framework/Versions/A/CoreWLAN
0x000000000c8c0000 	/System/Library/Frameworks/IOBluetooth.framework/Versions/A/IOBluetooth
0x000000000c8c0000 	/System/Library/PrivateFrameworks/ProtocolBuffer.framework/Versions/A/ProtocolBuffer
0x000000000c8c0000 	/System/Library/PrivateFrameworks/CoreWiFi.framework/Versions/A/CoreWiFi
0x000000000c8c0000 	/System/Library/Frameworks/CoreBluetooth.framework/Versions/A/CoreBluetooth
0x000000000c8c0000 	/System/Library/PrivateFrameworks/DebugSymbols.framework/Versions/A/DebugSymbols
0x000000000c8c0000 	/System/Library/PrivateFrameworks/CoreSymbolication.framework/Versions/A/CoreSymbolication
0x000000000c8c0000 	/System/Library/PrivateFrameworks/Symbolication.framework/Versions/A/Symbolication
0x000000000c8c0000 	/System/Library/PrivateFrameworks/AppleFSCompression.framework/Versions/A/AppleFSCompression
0x000000000c8c0000 	/System/Library/PrivateFrameworks/SpeechRecognitionCore.framework/Versions/A/SpeechRecognitionCore
0x000000010f400000 	/Library/Java/JavaVirtualMachines/jdk1.8.0_161.jdk/Contents/Home/jre/lib/server/libjvm.dylib
0x000000000c8c0000 	/usr/lib/libstdc++.6.0.9.dylib
0x000000010e248000 	/Library/Java/JavaVirtualMachines/jdk1.8.0_161.jdk/Contents/Home/jre/lib/libverify.dylib
0x000000010e256000 	/Library/Java/JavaVirtualMachines/jdk1.8.0_161.jdk/Contents/Home/jre/lib/libjava.dylib
0x000000010e2d6000 	/Library/Java/JavaVirtualMachines/jdk1.8.0_161.jdk/Contents/Home/jre/lib/libzip.dylib
0x000000012ce5b000 	/Library/Java/JavaVirtualMachines/jdk1.8.0_161.jdk/Contents/Home/jre/lib/libawt.dylib
0x000000012cf05000 	/Library/Java/JavaVirtualMachines/jdk1.8.0_161.jdk/Contents/Home/jre/lib/./libmlib_image.dylib
0x000000000c8c0000 	/System/Library/Frameworks/JavaVM.framework/Versions/A/Frameworks/JavaNativeFoundation.framework/Versions/A/JavaNativeFoundation
0x000000000c8c0000 	/System/Library/Frameworks/JavaVM.framework/Versions/A/Frameworks/JavaRuntimeSupport.framework/Versions/A/JavaRuntimeSupport
0x000000000c8c0000 	/System/Library/Frameworks/JavaVM.framework/Versions/A/JavaVM
0x000000000c8c0000 	/System/Library/PrivateFrameworks/JavaLaunching.framework/Versions/A/JavaLaunching
0x000000000c8c0000 	/System/Library/Frameworks/Carbon.framework/Versions/A/Carbon
0x000000000c8c0000 	/System/Library/Frameworks/Carbon.framework/Versions/A/Frameworks/CommonPanels.framework/Versions/A/CommonPanels
0x000000000c8c0000 	/System/Library/Frameworks/Carbon.framework/Versions/A/Frameworks/Help.framework/Versions/A/Help
0x000000000c8c0000 	/System/Library/Frameworks/Carbon.framework/Versions/A/Frameworks/ImageCapture.framework/Versions/A/ImageCapture
0x000000000c8c0000 	/System/Library/Frameworks/Carbon.framework/Versions/A/Frameworks/OpenScripting.framework/Versions/A/OpenScripting
0x000000000c8c0000 	/System/Library/Frameworks/Carbon.framework/Versions/A/Frameworks/Print.framework/Versions/A/Print
0x000000000c8c0000 	/System/Library/Frameworks/Carbon.framework/Versions/A/Frameworks/SecurityHI.framework/Versions/A/SecurityHI
0x000000012cfd1000 	/Library/Java/JavaVirtualMachines/jdk1.8.0_161.jdk/Contents/Home/jre/lib/libawt_lwawt.dylib
0x000000012d08b000 	/Library/Java/JavaVirtualMachines/jdk1.8.0_161.jdk/Contents/Home/jre/lib/./libosxapp.dylib
0x000000000c8c0000 	/System/Library/Frameworks/ExceptionHandling.framework/Versions/A/ExceptionHandling
0x000000000c8c0000 	/System/Library/PrivateFrameworks/CoreServicesInternal.framework/Versions/A/CoreServicesInternal
0x000000000c8c0000 	/System/Library/CoreServices/RawCamera.bundle/Contents/MacOS/RawCamera
0x000000000c8c0000 	/System/Library/PrivateFrameworks/MobileAsset.framework/Versions/A/MobileAsset
0x000000000c8c0000 	/System/Library/PrivateFrameworks/StreamingZip.framework/Versions/A/StreamingZip
0x000000000c8c0000 	/System/Library/Frameworks/MediaToolbox.framework/Versions/A/MediaToolbox
0x000000000c8c0000 	/System/Library/PrivateFrameworks/CoreAVCHD.framework/Versions/A/CoreAVCHD
0x000000000c8c0000 	/System/Library/Frameworks/MediaAccessibility.framework/Versions/A/MediaAccessibility
0x000000000c8c0000 	/System/Library/PrivateFrameworks/Mangrove.framework/Versions/A/Mangrove
0x000000000c8c0000 	/System/Library/Frameworks/CoreMedia.framework/Versions/A/CoreMedia
0x000000000c8c0000 	/System/Library/Frameworks/VideoToolbox.framework/Versions/A/VideoToolbox
0x000000000c8c0000 	/System/Library/PrivateFrameworks/CoreAUC.framework/Versions/A/CoreAUC
0x000000000c8c0000 	/usr/lib/libspindump.dylib
0x000000000c8c0000 	/System/Library/PrivateFrameworks/AppleVA.framework/Versions/A/AppleVA
0x000000000c8c0000 	/System/Library/Frameworks/Accelerate.framework/Versions/A/Frameworks/vImage.framework/Versions/A/Libraries/libCGInterfaces.dylib
0x000000000c8c0000 	/System/Library/Frameworks/ApplicationServices.framework/Versions/A/Frameworks/ATS.framework/Versions/A/Resources/libTrueTypeScaler.dylib
0x000000000c8c0000 	/System/Library/Extensions/AppleIntelHD5000GraphicsMTLDriver.bundle/Contents/MacOS/AppleIntelHD5000GraphicsMTLDriver
0x000000012f43a000 	/System/Library/Extensions/AMDMTLBronzeDriver.bundle/Contents/MacOS/AMDMTLBronzeDriver
0x000000000c8c0000 	/System/Library/PrivateFrameworks/IOAccelMemoryInfo.framework/Versions/A/IOAccelMemoryInfo
0x000000000c8c0000 	/System/Library/PrivateFrameworks/GPUCompiler.framework/Versions/3802/Libraries/libmetal_timestamp.dylib
0x000000000c8c0000 	/System/Library/PrivateFrameworks/FamilyControls.framework/Versions/A/FamilyControls
0x000000000c8c0000 	/System/Library/PrivateFrameworks/CommerceKit.framework/Versions/A/Frameworks/CommerceCore.framework/Versions/A/CommerceCore
0x000000000c8c0000 	/System/Library/PrivateFrameworks/SystemAdministration.framework/Versions/A/SystemAdministration
0x000000000c8c0000 	/System/Library/PrivateFrameworks/AppContainer.framework/Versions/A/AppContainer
0x000000000c8c0000 	/System/Library/PrivateFrameworks/SecCodeWrapper.framework/Versions/A/SecCodeWrapper
0x000000000c8c0000 	/System/Library/PrivateFrameworks/DiskManagement.framework/Versions/A/DiskManagement
0x000000000c8c0000 	/System/Library/Frameworks/DirectoryService.framework/Versions/A/DirectoryService
0x000000000c8c0000 	/System/Library/PrivateFrameworks/DiskImages.framework/Versions/A/DiskImages
0x000000000c8c0000 	/System/Library/PrivateFrameworks/LoginUIKit.framework/Versions/A/Frameworks/LoginUICore.framework/Versions/A/LoginUICore
0x000000000c8c0000 	/usr/lib/libCoreStorage.dylib
0x000000000c8c0000 	/usr/lib/libcsfde.dylib
0x000000000c8c0000 	/usr/lib/libodfde.dylib
0x000000000c8c0000 	/System/Library/PrivateFrameworks/MediaKit.framework/Versions/A/MediaKit
0x000000000c8c0000 	/System/Library/Frameworks/DiscRecording.framework/Versions/A/DiscRecording
0x000000000c8c0000 	/System/Library/PrivateFrameworks/EFILogin.framework/Versions/A/EFILogin
0x000000000c8c0000 	/System/Library/PrivateFrameworks/ProtectedCloudStorage.framework/Versions/A/ProtectedCloudStorage
0x000000000c8c0000 	/usr/lib/libcurl.4.dylib
0x000000000c8c0000 	/usr/lib/libcrypto.35.dylib
0x000000000c8c0000 	/usr/lib/libssl.35.dylib
0x000000000c8c0000 	/System/Library/Frameworks/LDAP.framework/Versions/A/LDAP
0x000000000c8c0000 	/System/Library/PrivateFrameworks/TrustEvaluationAgent.framework/Versions/A/TrustEvaluationAgent
0x000000000c8c0000 	/usr/lib/libsasl2.2.dylib
0x000000000c8c0000 	/System/Library/PrivateFrameworks/CoreDaemon.framework/Versions/B/CoreDaemon
0x000000000c8c0000 	/System/Library/PrivateFrameworks/AppleSRP.framework/Versions/A/AppleSRP
0x000000000c8c0000 	/System/Library/Frameworks/OpenGL.framework/Versions/A/Resources/GLEngine.bundle/GLEngine
0x000000000c8c0000 	/System/Library/Frameworks/OpenGL.framework/Versions/A/Libraries/libGLProgrammability.dylib
0x000000012f830000 	/System/Library/Extensions/AppleIntelHD5000GraphicsGLDriver.bundle/Contents/MacOS/AppleIntelHD5000GraphicsGLDriver
0x000000000c8c0000 	/System/Library/PrivateFrameworks/GPUSupport.framework/Versions/A/Libraries/libGPUSupportMercury.dylib
0x000000012ff98000 	/System/Library/Extensions/AMDRadeonX4000GLDriver.bundle/Contents/MacOS/AMDRadeonX4000GLDriver
0x000000000c8c0000 	/System/Library/Extensions/AMDRadeonX4000GLDriver.bundle/Contents/MacOS/ATIRadeonX4000SCLib.dylib
0x000000000c8c0000 	/System/Library/Frameworks/OpenGL.framework/Versions/A/Resources/GLRendererFloat.bundle/GLRendererFloat
0x000000000c8c0000 	/System/Library/Frameworks/OpenCL.framework/Versions/A/Libraries/libcldcpuengine.dylib
0x0000000130166000 	/Library/Java/JavaVirtualMachines/jdk1.8.0_161.jdk/Contents/Home/jre/lib/libfontmanager.dylib
0x0000000131d46000 	/Library/Java/JavaVirtualMachines/jdk1.8.0_161.jdk/Contents/Home/jre/lib/libosxui.dylib
0x000000000c8c0000 	/System/Library/PrivateFrameworks/ViewBridge.framework/Versions/A/ViewBridge
0x0000000132c6b000 	/Library/Java/JavaVirtualMachines/jdk1.8.0_161.jdk/Contents/Home/jre/lib/libnet.dylib
0x0000000132aef000 	/Library/Java/JavaVirtualMachines/jdk1.8.0_161.jdk/Contents/Home/jre/lib/libnio.dylib
0x0000000131a03000 	/private/var/folders/0p/wj049b3n4nq8xjvs7rfm2kjm0000gn/T/jogamp_0000/file_cache/jln4223683129764242981/jln6487898423261777313/libgluegen-rt.jnilib
0x00000001301f2000 	/private/var/folders/0p/wj049b3n4nq8xjvs7rfm2kjm0000gn/T/jogamp_0000/file_cache/jln4223683129764242981/jln6487898423261777313/libnativewindow_awt.jnilib
0x00000001301f5000 	/Library/Java/JavaVirtualMachines/jdk1.8.0_161.jdk/Contents/Home/jre/lib/libjawt.dylib
0x00000001301f8000 	/private/var/folders/0p/wj049b3n4nq8xjvs7rfm2kjm0000gn/T/jogamp_0000/file_cache/jln4223683129764242981/jln6487898423261777313/libnativewindow_macosx.jnilib
0x00000001302b9000 	/private/var/folders/0p/wj049b3n4nq8xjvs7rfm2kjm0000gn/T/jogamp_0000/file_cache/jln4223683129764242981/jln6487898423261777313/libjogl_desktop.jnilib
0x0000000187fe3000 	/Library/Java/JavaVirtualMachines/jdk1.8.0_161.jdk/Contents/Home/jre/lib/libjpeg.dylib

VM Arguments:
jvm_args: -Djava.security.policy=java.policy.applet -Dfile.encoding=UTF-8 
java_command: sun.applet.AppletViewer module1.HelloWorld1527030907694.html
java_class_path (initial): /Library/Java/JavaVirtualMachines/jdk1.8.0_161.jdk/Contents/Home/jre/lib/resources.jar:/Library/Java/JavaVirtualMachines/jdk1.8.0_161.jdk/Contents/Home/jre/lib/rt.jar:/Library/Java/JavaVirtualMachines/jdk1.8.0_161.jdk/Contents/Home/jre/lib/jsse.jar:/Library/Java/JavaVirtualMachines/jdk1.8.0_161.jdk/Contents/Home/jre/lib/jce.jar:/Library/Java/JavaVirtualMachines/jdk1.8.0_161.jdk/Contents/Home/jre/lib/charsets.jar:/Library/Java/JavaVirtualMachines/jdk1.8.0_161.jdk/Contents/Home/jre/lib/jfr.jar:/Library/Java/JavaVirtualMachines/jdk1.8.0_161.jdk/Contents/Home/jre/lib/ext/sunec.jar:/Library/Java/JavaVirtualMachines/jdk1.8.0_161.jdk/Contents/Home/jre/lib/ext/nashorn.jar:/Library/Java/JavaVirtualMachines/jdk1.8.0_161.jdk/Contents/Home/jre/lib/ext/cldrdata.jar:/Library/Java/JavaVirtualMachines/jdk1.8.0_161.jdk/Contents/Home/jre/lib/ext/jfxrt.jar:/Library/Java/JavaVirtualMachines/jdk1.8.0_161.jdk/Contents/Home/jre/lib/ext/dnsns.jar:/Library/Java/JavaVirtualMachines/jdk1.8.0_161.jdk/Contents/Home/jre/lib/ext/localedata.jar:/Library/Java/JavaVirtualMachines/jdk1.8.0_161.jdk/Contents/Home/jre/lib/ext/sunjce_provider.jar:/Library/Java/JavaVirtualMachines/jdk1.8.0_161.jdk/Contents/Home/jre/lib/ext/sunpkcs11.jar:/Library/Java/JavaVirtualMachines/jdk1.8.0_161.jdk/Contents/Home/jre/lib/ext/jaccess.jar:/Library/Java/JavaVirtualMachines/jdk1.8.0_161.jdk/Contents/Home/jre/lib/ext/zipfs.jar:/System/Library/Java/Extensions/MRJToolkit.jar:/Users/macbook/eclipse-workspace/UCSDUnfoldingMaps/build:/Users/macbook/eclipse-workspace/UCSDUnfoldingMaps/lib/core.jar:/Users/macbook/eclipse-workspace/UCSDUnfoldingMaps/lib/gluegen-rt.jar:/Users/macbook/eclipse-workspace/UCSDUnfoldingMaps/lib/jogl-all.jar:/Users/macbook/eclipse-workspace/UCSDUnfoldingMaps/lib/log4j-1.2.15.jar:/Users/macbook/eclipse-workspace/UCSDUnfoldingMaps/lib/sqlite-jdbc-3.7.2.jar:/Users/macbook/eclipse-workspace/UCSDUnfoldingMaps/lib/json4processing.jar:/Users/macbook/eclipse-workspace/UCSDUnfoldingMa
Launcher Type: SUN_STANDARD

Environment Variables:
PATH=/usr/bin:/bin:/usr/sbin:/sbin
SHELL=/bin/bash

Signal Handlers:
SIGSEGV: [libjvm.dylib+0x5b5439], sa_mask[0]=11111111011111110111111111111111, sa_flags=SA_ONSTACK|SA_RESTART|SA_SIGINFO
SIGBUS: [libjvm.dylib+0x5b5439], sa_mask[0]=11111111011111110111111111111111, sa_flags=SA_RESTART|SA_SIGINFO
SIGFPE: [libjvm.dylib+0x48ae24], sa_mask[0]=11111111011111110111111111111111, sa_flags=SA_RESTART|SA_SIGINFO
SIGPIPE: [libjvm.dylib+0x48ae24], sa_mask[0]=11111111011111110111111111111111, sa_flags=SA_RESTART|SA_SIGINFO
SIGXFSZ: [libjvm.dylib+0x48ae24], sa_mask[0]=11111111011111110111111111111111, sa_flags=SA_RESTART|SA_SIGINFO
SIGILL: [libjvm.dylib+0x48ae24], sa_mask[0]=11111111011111110111111111111111, sa_flags=SA_RESTART|SA_SIGINFO
SIGUSR1: SIG_DFL, sa_mask[0]=00000000000000000000000000000000, sa_flags=none
SIGUSR2: [libjvm.dylib+0x48a942], sa_mask[0]=00100000000000000000000000000000, sa_flags=SA_RESTART|SA_SIGINFO
SIGHUP: [libjvm.dylib+0x488f0d], sa_mask[0]=11111111011111110111111111111111, sa_flags=SA_RESTART|SA_SIGINFO
SIGINT: [libjvm.dylib+0x488f0d], sa_mask[0]=11111111011111110111111111111111, sa_flags=SA_RESTART|SA_SIGINFO
SIGTERM: [libjvm.dylib+0x488f0d], sa_mask[0]=11111111011111110111111111111111, sa_flags=SA_RESTART|SA_SIGINFO
SIGQUIT: [libjvm.dylib+0x488f0d], sa_mask[0]=11111111011111110111111111111111, sa_flags=SA_RESTART|SA_SIGINFO


---------------  S Y S T E M  ---------------

OS:Bsduname:Darwin 17.5.0 Darwin Kernel Version 17.5.0: Fri Apr 13 19:32:32 PDT 2018; root:xnu-4570.51.2~1/RELEASE_X86_64 x86_64
rlimit: STACK 8192k, CORE 0k, NPROC 1418, NOFILE 10240, AS infinity
load average:2.17 2.14 2.01

CPU:total 8 (initial active 8) (4 cores per cpu, 2 threads per core) family 6 model 70 stepping 1, cmov, cx8, fxsr, mmx, sse, sse2, sse3, ssse3, sse4.1, sse4.2, popcnt, avx, avx2, aes, clmul, erms, lzcnt, ht, tsc, tscinvbit, bmi1, bmi2

Memory: 4k page, physical 16777216k(2998344k free)

/proc/meminfo:


vm_info: Java HotSpot(TM) 64-Bit Server VM (25.161-b12) for bsd-amd64 JRE (1.8.0_161-b12), built on Dec 19 2017 16:22:20 by "java_re" with gcc 4.2.1 (Based on Apple Inc. build 5658) (LLVM build 2336.11.00)

time: Tue May 22 16:15:35 2018
elapsed time: 28 seconds (0d 0h 0m 28s)

