#
# A fatal error has been detected by the Java Runtime Environment:
#
#  SIGSEGV (0xb) at pc=0x00007fff5bb4fe9d, pid=3921, tid=0x0000000000000307
#
# JRE version: Java(TM) SE Runtime Environment (8.0_161-b12) (build 1.8.0_161-b12)
# Java VM: Java HotSpot(TM) 64-Bit Server VM (25.161-b12 mixed mode bsd-amd64 compressed oops)
# Problematic frame:
# C  [libobjc.A.dylib+0x6e9d]  objc_msgSend+0x1d
#
# Failed to write core dump. Core dumps have been disabled. To enable core dumping, try "ulimit -c unlimited" before starting Java again
#
# If you would like to submit a bug report, please visit:
#   http://bugreport.java.com/bugreport/crash.jsp
# The crash happened outside the Java Virtual Machine in native code.
# See problematic frame for where to report the bug.
#

---------------  T H R E A D  ---------------

Current thread (0x00007fc35508f000):  JavaThread "AWT-AppKit" daemon [_thread_in_native, id=775, stack(0x00007ffee5766000,0x00007ffee5f66000)]

siginfo: si_signo: 11 (SIGSEGV), si_code: 1 (SEGV_MAPERR), si_addr: 0x0000000000000018

Registers:
RAX=0x00007fc35a33e050, RBX=0x000000012a807450, RCX=0x0000000000000001, RDX=0x0000000000000000
RSP=0x00007ffee5f60d28, RBP=0x00007ffee5f60de0, RSI=0x00007fff3269131e, RDI=0x00007fc35a71a150
R8 =0x00000000353c001d, R9 =0x0000000000000001, R10=0x0000000000000000, R11=0x00007fff3269131e
R12=0x0000000000000000, R13=0x000000018056ee98, R14=0x000000012a807440, R15=0x00007fc35508f000
RIP=0x00007fff5bb4fe9d, EFLAGS=0x0000000000010246, ERR=0x0000000000000004
  TRAPNO=0x000000000000000e

Top of Stack: (sp=0x00007ffee5f60d28)
0x00007ffee5f60d28:   000000012a805157 00007ffee5f60d80
0x00007ffee5f60d38:   0000000000000003 00007ffee5f60d60
0x00007ffee5f60d48:   000000010b1d3e3e 000000018056ee98
0x00007ffee5f60d58:   000000018056ee98 00007fc35a33e050
0x00007ffee5f60d68:   000000012a8076a0 000000012a807710
0x00007ffee5f60d78:   00007fff8e532b38 00007fff8fc810e8
0x00007ffee5f60d88:   000000012a807450 000000012a807690
0x00007ffee5f60d98:   00007fc35a33e050 00007fc35a71a150
0x00007ffee5f60da8:   00007fc35a436d30 00007fc35a33e050
0x00007ffee5f60db8:   00007fc35a71a150 00007ffee5f60e68
0x00007ffee5f60dc8:   00007fc35508f1f8 000000018056ee98
0x00007ffee5f60dd8:   00007ffee5f60e90 00007ffee5f60e58
0x00007ffee5f60de8:   000000010c056667 000000018056ee98
0x00007ffee5f60df8:   00007ffee5f60e90 00007ffee5f60e58
0x00007ffee5f60e08:   000000010c0563c7 000000010c056382
0x00007ffee5f60e18:   00007ffee5f60e18 000000018056ee98
0x00007ffee5f60e28:   00007ffee5f60e90 0000000180571ad0
0x00007ffee5f60e38:   0000000000000000 000000018056ee98
0x00007ffee5f60e48:   0000000000000000 00007ffee5f60e78
0x00007ffee5f60e58:   00007ffee5f60ed8 000000010c0462bd
0x00007ffee5f60e68:   000000076f553518 000000010c04fd18
0x00007ffee5f60e78:   00007fc35a33e050 00007ffee5f60ed8
0x00007ffee5f60e88:   00007fc35a71a150 000000010c051782
0x00007ffee5f60e98:   00007ffee5f60e98 000000018056f062
0x00007ffee5f60ea8:   00007ffee5f60f00 0000000180571ad0
0x00007ffee5f60eb8:   0000000000000000 000000018056f070
0x00007ffee5f60ec8:   00007ffee5f60e78 00007ffee5f60ee8
0x00007ffee5f60ed8:   00007ffee5f60f48 000000010c0462bd
0x00007ffee5f60ee8:   00007fc35a33e050 000000076efc1f00
0x00007ffee5f60ef8:   00007fc35a71a150 000000076efc1f00
0x00007ffee5f60f08:   00007ffee5f60f08 00000001820c424e
0x00007ffee5f60f18:   00007ffee5f60f58 00000001820c4308 

Instructions: (pc=0x00007fff5bb4fe9d)
0x00007fff5bb4fe7d:   0f 1f 00 48 85 ff 2e 74 62 40 f6 c7 01 2e 75 66
0x00007fff5bb4fe8d:   49 ba f8 ff ff ff ff 7f 00 00 4c 23 17 49 89 f3
0x00007fff5bb4fe9d:   45 23 5a 18 49 c1 e3 04 4d 03 5a 10 49 3b 33 75
0x00007fff5bb4fead:   04 41 ff 63 08 49 83 3b 01 76 0d 49 83 c3 10 49 

Register to memory mapping:

RAX=0x00007fc35a33e050 is an unknown value
RBX=0x000000012a807450: Java_jogamp_nativewindow_macosx_OSXUtil_GetScreenRefreshRate0+0x1cf0 in /private/var/folders/0p/wj049b3n4nq8xjvs7rfm2kjm0000gn/T/jogamp_0000/file_cache/jln5702618220842325095/jln5986764458581881791/libnativewindow_macosx.jnilib at 0x000000012a800000
RCX=0x0000000000000001 is an unknown value
RDX=0x0000000000000000 is an unknown value
RSP=0x00007ffee5f60d28 is pointing into the stack for thread: 0x00007fc35508f000
RBP=0x00007ffee5f60de0 is pointing into the stack for thread: 0x00007fc35508f000
RSI=0x00007fff3269131e: .str.41.llvm.DC87FEEF+0x43861 in /System/Library/Frameworks/AppKit.framework/Versions/C/AppKit at 0x00007fff319b7000
RDI=0x00007fc35a71a150 is an unknown value
R8 =0x00000000353c001d is an unknown value
R9 =0x0000000000000001 is an unknown value
R10=0x0000000000000000 is an unknown value
R11=0x00007fff3269131e: .str.41.llvm.DC87FEEF+0x43861 in /System/Library/Frameworks/AppKit.framework/Versions/C/AppKit at 0x00007fff319b7000
R12=0x0000000000000000 is an unknown value
R13={method} {0x000000018056ee98} 'UnsetJAWTRootSurfaceLayer0' '(JJ)V' in 'jogamp/nativewindow/jawt/macosx/MacOSXJAWTWindow'
R14=0x000000012a807440: Java_jogamp_nativewindow_macosx_OSXUtil_GetScreenRefreshRate0+0x1ce0 in /private/var/folders/0p/wj049b3n4nq8xjvs7rfm2kjm0000gn/T/jogamp_0000/file_cache/jln5702618220842325095/jln5986764458581881791/libnativewindow_macosx.jnilib at 0x000000012a800000
R15=0x00007fc35508f000 is a thread


Stack: [0x00007ffee5766000,0x00007ffee5f66000],  sp=0x00007ffee5f60d28,  free space=8171k
Native frames: (J=compiled Java code, j=interpreted, Vv=VM code, C=native code)
C  [libobjc.A.dylib+0x6e9d]  objc_msgSend+0x1d
j  jogamp.nativewindow.jawt.macosx.MacOSXJAWTWindow.UnsetJAWTRootSurfaceLayer0(JJ)V+0
j  jogamp.nativewindow.jawt.macosx.MacOSXJAWTWindow.access$200(JJ)V+2
j  jogamp.nativewindow.jawt.macosx.MacOSXJAWTWindow$1.run()V+38
J 2058 C1 com.jogamp.common.util.RunnableTask.run()V (345 bytes) @ 0x000000010c7297e4 [0x000000010c729640+0x1a4]
v  ~StubRoutines::call_stub
V  [libjvm.dylib+0x2ef9aa]
V  [libjvm.dylib+0x326bd8]
V  [libjvm.dylib+0x3193bb]
C  [libnativewindow_macosx.jnilib+0x5326]  Java_jogamp_nativewindow_jawt_macosx_MacOSXJAWTWindow_UnsetJAWTRootSurfaceLayer0+0x2b6
C  [Foundation+0x682b5]  __NSThreadPerformPerform+0x14e
C  [CoreFoundation+0xa3a61]  __CFRUNLOOP_IS_CALLING_OUT_TO_A_SOURCE0_PERFORM_FUNCTION__+0x11
C  [CoreFoundation+0x15d47c]  __CFRunLoopDoSource0+0x6c
C  [CoreFoundation+0x8651c]  __CFRunLoopDoSources0+0x12c
C  [CoreFoundation+0x8593d]  __CFRunLoopRun+0x50d
C  [CoreFoundation+0x851a3]  CFRunLoopRunSpecific+0x1e3
C  [HIToolbox+0x2fd96]  RunCurrentEventLoopInMode+0x11e
C  [HIToolbox+0x2fa0f]  ReceiveNextEventCommon+0x16e
C  [HIToolbox+0x2f884]  _BlockUntilNextEventMatchingListInModeWithFilter+0x40
C  [AppKit+0x41a73]  _DPSNextEvent+0x825
C  [AppKit+0x7d7e34]  -[NSApplication(NSEvent) _nextEventMatchingEventMask:untilDate:inMode:dequeue:]+0xbe4
C  [libosxapp.dylib+0x23aa]  -[NSApplicationAWT nextEventMatchingMask:untilDate:inMode:dequeue:]+0x7c
C  [AppKit+0x36885]  -[NSApplication run]+0x2fc
C  [libosxapp.dylib+0x214d]  +[NSApplicationAWT runAWTLoopWithApp:]+0x9c
C  [libawt_lwawt.dylib+0x47397]  -[AWTStarter starter:]+0x389
C  [Foundation+0x682b5]  __NSThreadPerformPerform+0x14e
C  [CoreFoundation+0xa3a61]  __CFRUNLOOP_IS_CALLING_OUT_TO_A_SOURCE0_PERFORM_FUNCTION__+0x11
C  [CoreFoundation+0x15d47c]  __CFRunLoopDoSource0+0x6c
C  [CoreFoundation+0x864c0]  __CFRunLoopDoSources0+0xd0
C  [CoreFoundation+0x8593d]  __CFRunLoopRun+0x50d
C  [CoreFoundation+0x851a3]  CFRunLoopRunSpecific+0x1e3
C  [java+0x647a]  CreateExecutionEnvironment+0x367
C  [java+0x212c]  JLI_Launch+0x7a0
C  [java+0x84d7]  main+0x65
C  [java+0x1984]  start+0x34
C  0x0000000000000007

Java frames: (J=compiled Java code, j=interpreted, Vv=VM code)
j  jogamp.nativewindow.jawt.macosx.MacOSXJAWTWindow.UnsetJAWTRootSurfaceLayer0(JJ)V+0
j  jogamp.nativewindow.jawt.macosx.MacOSXJAWTWindow.access$200(JJ)V+2
j  jogamp.nativewindow.jawt.macosx.MacOSXJAWTWindow$1.run()V+38
J 2058 C1 com.jogamp.common.util.RunnableTask.run()V (345 bytes) @ 0x000000010c7297e4 [0x000000010c729640+0x1a4]
v  ~StubRoutines::call_stub

---------------  P R O C E S S  ---------------

Java Threads: ( => current thread )
  0x00007fc3530ae800 JavaThread "Thread-53" [_thread_blocked, id=88771, stack(0x0000700009614000,0x0000700009714000)]
  0x00007fc352645000 JavaThread "AWT-EventQueue-1" [_thread_blocked, id=70427, stack(0x000070000948e000,0x000070000958e000)]
  0x00007fc356009000 JavaThread "DestroyJavaVM" [_thread_blocked, id=10499, stack(0x0000700007831000,0x0000700007931000)]
  0x00007fc353210800 JavaThread "AWT-EventQueue-0" [_thread_blocked, id=58627, stack(0x0000700009288000,0x0000700009388000)]
  0x00007fc35512b000 JavaThread "Java2D Disposer" daemon [_thread_blocked, id=56335, stack(0x0000700008fff000,0x00007000090ff000)]
  0x00007fc35512a000 JavaThread "Java2D Queue Flusher" daemon [_thread_blocked, id=84603, stack(0x0000700008efc000,0x0000700008ffc000)]
  0x00007fc352118800 JavaThread "AWT-Shutdown" [_thread_blocked, id=27435, stack(0x0000700008b6a000,0x0000700008c6a000)]
=>0x00007fc35508f000 JavaThread "AWT-AppKit" daemon [_thread_in_native, id=775, stack(0x00007ffee5766000,0x00007ffee5f66000)]
  0x00007fc352038800 JavaThread "Service Thread" daemon [_thread_blocked, id=16899, stack(0x0000700008964000,0x0000700008a64000)]
  0x00007fc35480f000 JavaThread "C1 CompilerThread3" daemon [_thread_blocked, id=16131, stack(0x0000700008861000,0x0000700008961000)]
  0x00007fc352012800 JavaThread "C2 CompilerThread2" daemon [_thread_blocked, id=15875, stack(0x000070000875e000,0x000070000885e000)]
  0x00007fc352011800 JavaThread "C2 CompilerThread1" daemon [_thread_blocked, id=15619, stack(0x000070000865b000,0x000070000875b000)]
  0x00007fc355008800 JavaThread "C2 CompilerThread0" daemon [_thread_blocked, id=17923, stack(0x0000700008558000,0x0000700008658000)]
  0x00007fc354003800 JavaThread "Signal Dispatcher" daemon [_thread_blocked, id=15115, stack(0x0000700008455000,0x0000700008555000)]
  0x00007fc354807000 JavaThread "Finalizer" daemon [_thread_blocked, id=12803, stack(0x0000700008352000,0x0000700008452000)]
  0x00007fc353061800 JavaThread "Reference Handler" daemon [_thread_blocked, id=12291, stack(0x000070000824f000,0x000070000834f000)]

Other Threads:
  0x00007fc35305d000 VMThread [stack: 0x000070000814c000,0x000070000824c000] [id=19459]
  0x00007fc35306b800 WatcherThread [stack: 0x0000700008a67000,0x0000700008b67000] [id=16643]

VM state:not at safepoint (normal execution)

VM Mutex/Monitor currently owned by a thread: None

Heap:
 PSYoungGen      total 76288K, used 57846K [0x000000076ab00000, 0x0000000770000000, 0x00000007c0000000)
  eden space 65536K, 71% used [0x000000076ab00000,0x000000076d904c90,0x000000076eb00000)
  from space 10752K, 99% used [0x000000076eb00000,0x000000076f578dd0,0x000000076f580000)
  to   space 10752K, 0% used [0x000000076f580000,0x000000076f580000,0x0000000770000000)
 ParOldGen       total 175104K, used 16552K [0x00000006c0000000, 0x00000006cab00000, 0x000000076ab00000)
  object space 175104K, 9% used [0x00000006c0000000,0x00000006c102a0c0,0x00000006cab00000)
 Metaspace       used 19542K, capacity 19847K, committed 20096K, reserved 1067008K
  class space    used 1940K, capacity 2056K, committed 2176K, reserved 1048576K

Card table byte_map: [0x000000011b3fe000,0x000000011bbff000] byte_map_base: 0x0000000117dfe000

Marking Bits: (ParMarkBitMap*) 0x000000010b9876c0
 Begin Bits: [0x000000011c155000, 0x0000000120155000)
 End Bits:   [0x0000000120155000, 0x0000000124155000)

Polling page: 0x0000000109d1f000

CodeCache: size=245760Kb used=8495Kb max_used=8502Kb free=237264Kb
 bounds [0x000000010c03e000, 0x000000010c89e000, 0x000000011b03e000]
 total_blobs=3263 nmethods=2369 adapters=807
 compilation: enabled

Compilation events (10 events):
Event: 14.998 Thread 0x00007fc35480f000 2371       1       sun.java2d.SurfaceData::isValid (5 bytes)
Event: 14.998 Thread 0x00007fc35480f000 nmethod 2371 0x000000010c864790 code [0x000000010c8648e0, 0x000000010c8649f0]
Event: 15.000 Thread 0x00007fc355008800 2374  s!   4       sun.misc.URLClassPath::getLoader (243 bytes)
Event: 15.004 Thread 0x00007fc355008800 nmethod 2374 0x000000010c88b690 code [0x000000010c88b800, 0x000000010c88bfd8]
Event: 15.006 Thread 0x00007fc352011800 2375  s    4       sun.misc.URLClassPath::getNextLoader (88 bytes)
Event: 15.009 Thread 0x00007fc35480f000 2376       3       java.awt.geom.AffineTransform::getTranslateX (5 bytes)
Event: 15.009 Thread 0x00007fc35480f000 nmethod 2376 0x000000010c88b390 code [0x000000010c88b4e0, 0x000000010c88b630]
Event: 15.009 Thread 0x00007fc35480f000 2377       3       java.awt.geom.AffineTransform::getTranslateY (5 bytes)
Event: 15.009 Thread 0x00007fc35480f000 nmethod 2377 0x000000010c891950 code [0x000000010c891aa0, 0x000000010c891bf0]
Event: 15.010 Thread 0x00007fc352011800 nmethod 2375 0x000000010c891c50 code [0x000000010c891dc0, 0x000000010c892538]

GC Heap History (6 events):
Event: 3.753 GC heap before
{Heap before GC invocations=1 (full 0):
 PSYoungGen      total 76288K, used 65536K [0x000000076ab00000, 0x0000000770000000, 0x00000007c0000000)
  eden space 65536K, 100% used [0x000000076ab00000,0x000000076eb00000,0x000000076eb00000)
  from space 10752K, 0% used [0x000000076f580000,0x000000076f580000,0x0000000770000000)
  to   space 10752K, 0% used [0x000000076eb00000,0x000000076eb00000,0x000000076f580000)
 ParOldGen       total 175104K, used 0K [0x00000006c0000000, 0x00000006cab00000, 0x000000076ab00000)
  object space 175104K, 0% used [0x00000006c0000000,0x00000006c0000000,0x00000006cab00000)
 Metaspace       used 18442K, capacity 18769K, committed 18944K, reserved 1067008K
  class space    used 1904K, capacity 2019K, committed 2048K, reserved 1048576K
Event: 3.762 GC heap after
Heap after GC invocations=1 (full 0):
 PSYoungGen      total 76288K, used 10726K [0x000000076ab00000, 0x0000000770000000, 0x00000007c0000000)
  eden space 65536K, 0% used [0x000000076ab00000,0x000000076ab00000,0x000000076eb00000)
  from space 10752K, 99% used [0x000000076eb00000,0x000000076f579980,0x000000076f580000)
  to   space 10752K, 0% used [0x000000076f580000,0x000000076f580000,0x0000000770000000)
 ParOldGen       total 175104K, used 3847K [0x00000006c0000000, 0x00000006cab00000, 0x000000076ab00000)
  object space 175104K, 2% used [0x00000006c0000000,0x00000006c03c1e30,0x00000006cab00000)
 Metaspace       used 18442K, capacity 18769K, committed 18944K, reserved 1067008K
  class space    used 1904K, capacity 2019K, committed 2048K, reserved 1048576K
}
Event: 4.981 GC heap before
{Heap before GC invocations=2 (full 0):
 PSYoungGen      total 76288K, used 76262K [0x000000076ab00000, 0x0000000770000000, 0x00000007c0000000)
  eden space 65536K, 100% used [0x000000076ab00000,0x000000076eb00000,0x000000076eb00000)
  from space 10752K, 99% used [0x000000076eb00000,0x000000076f579980,0x000000076f580000)
  to   space 10752K, 0% used [0x000000076f580000,0x000000076f580000,0x0000000770000000)
 ParOldGen       total 175104K, used 3847K [0x00000006c0000000, 0x00000006cab00000, 0x000000076ab00000)
  object space 175104K, 2% used [0x00000006c0000000,0x00000006c03c1e30,0x00000006cab00000)
 Metaspace       used 18884K, capacity 19223K, committed 19456K, reserved 1067008K
  class space    used 1915K, capacity 2020K, committed 2048K, reserved 1048576K
Event: 4.991 GC heap after
Heap after GC invocations=2 (full 0):
 PSYoungGen      total 76288K, used 10741K [0x000000076ab00000, 0x0000000770000000, 0x00000007c0000000)
  eden space 65536K, 0% used [0x000000076ab00000,0x000000076ab00000,0x000000076eb00000)
  from space 10752K, 99% used [0x000000076f580000,0x000000076fffd530,0x0000000770000000)
  to   space 10752K, 0% used [0x000000076eb00000,0x000000076eb00000,0x000000076f580000)
 ParOldGen       total 175104K, used 9918K [0x00000006c0000000, 0x00000006cab00000, 0x000000076ab00000)
  object space 175104K, 5% used [0x00000006c0000000,0x00000006c09af860,0x00000006cab00000)
 Metaspace       used 18884K, capacity 19223K, committed 19456K, reserved 1067008K
  class space    used 1915K, capacity 2020K, committed 2048K, reserved 1048576K
}
Event: 9.119 GC heap before
{Heap before GC invocations=3 (full 0):
 PSYoungGen      total 76288K, used 76277K [0x000000076ab00000, 0x0000000770000000, 0x00000007c0000000)
  eden space 65536K, 100% used [0x000000076ab00000,0x000000076eb00000,0x000000076eb00000)
  from space 10752K, 99% used [0x000000076f580000,0x000000076fffd530,0x0000000770000000)
  to   space 10752K, 0% used [0x000000076eb00000,0x000000076eb00000,0x000000076f580000)
 ParOldGen       total 175104K, used 9918K [0x00000006c0000000, 0x00000006cab00000, 0x000000076ab00000)
  object space 175104K, 5% used [0x00000006c0000000,0x00000006c09af860,0x00000006cab00000)
 Metaspace       used 19271K, capacity 19651K, committed 19840K, reserved 1067008K
  class space    used 1928K, capacity 2054K, committed 2176K, reserved 1048576K
Event: 9.125 GC heap after
Heap after GC invocations=3 (full 0):
 PSYoungGen      total 76288K, used 10723K [0x000000076ab00000, 0x0000000770000000, 0x00000007c0000000)
  eden space 65536K, 0% used [0x000000076ab00000,0x000000076ab00000,0x000000076eb00000)
  from space 10752K, 99% used [0x000000076eb00000,0x000000076f578dd0,0x000000076f580000)
  to   space 10752K, 0% used [0x000000076f580000,0x000000076f580000,0x0000000770000000)
 ParOldGen       total 175104K, used 16552K [0x00000006c0000000, 0x00000006cab00000, 0x000000076ab00000)
  object space 175104K, 9% used [0x00000006c0000000,0x00000006c102a0c0,0x00000006cab00000)
 Metaspace       used 19271K, capacity 19651K, committed 19840K, reserved 1067008K
  class space    used 1928K, capacity 2054K, committed 2176K, reserved 1048576K
}

Deoptimization events (10 events):
Event: 2.638 Thread 0x00007fc354a94000 Uncommon trap: reason=unstable_if action=reinterpret pc=0x000000010c228330 method=java.lang.String.indexOf([CII[CIII)I @ 3
Event: 3.580 Thread 0x00007fc352645000 Uncommon trap: reason=unstable_if action=reinterpret pc=0x000000010c230950 method=java.lang.AbstractStringBuilder.append(Ljava/lang/String;)Ljava/lang/AbstractStringBuilder; @ 1
Event: 3.664 Thread 0x00007fc352645000 Uncommon trap: reason=unstable_if action=reinterpret pc=0x000000010c428a24 method=java.util.HashMap$HashIterator.<init>(Ljava/util/HashMap;)V @ 38
Event: 14.981 Thread 0x00007fc352645000 Uncommon trap: reason=unstable_if action=reinterpret pc=0x000000010c58fda8 method=com.jogamp.common.util.VersionNumber.compareTo(Lcom/jogamp/common/util/VersionNumber;)I @ 21
Event: 14.997 Thread 0x00007fc35514c800 Uncommon trap: reason=class_check action=maybe_recompile pc=0x000000010c540248 method=java.util.HashMap.putVal(ILjava/lang/Object;Ljava/lang/Object;ZZ)Ljava/lang/Object; @ 91
Event: 14.997 Thread 0x00007fc35514c800 Uncommon trap: reason=class_check action=maybe_recompile pc=0x000000010c540248 method=java.util.HashMap.putVal(ILjava/lang/Object;Ljava/lang/Object;ZZ)Ljava/lang/Object; @ 91
Event: 14.997 Thread 0x00007fc35514c800 Uncommon trap: reason=class_check action=maybe_recompile pc=0x000000010c540248 method=java.util.HashMap.putVal(ILjava/lang/Object;Ljava/lang/Object;ZZ)Ljava/lang/Object; @ 91
Event: 14.997 Thread 0x00007fc35514c800 Uncommon trap: reason=class_check action=maybe_recompile pc=0x000000010c540248 method=java.util.HashMap.putVal(ILjava/lang/Object;Ljava/lang/Object;ZZ)Ljava/lang/Object; @ 91
Event: 15.008 Thread 0x00007fc352645000 Uncommon trap: reason=unstable_if action=reinterpret pc=0x000000010c76a170 method=java.security.AccessControlContext.optimize()Ljava/security/AccessControlContext; @ 233
Event: 15.009 Thread 0x00007fc3530ae800 Uncommon trap: reason=predicate action=maybe_recompile pc=0x000000010c515c74 method=java.util.Vector.indexOf(Ljava/lang/Object;I)I @ 44

Classes redefined (0 events):
No events

Internal exceptions (10 events):
Event: 5.887 Thread 0x00007fc35539f000 Exception <a 'java/security/PrivilegedActionException'> (0x000000076be608c8) thrown at [/Users/java_re/workspace/8-2-build-macosx-x86_64/jdk8u161/10277/hotspot/src/share/vm/prims/jvm.cpp, line 1390]
Event: 6.067 Thread 0x00007fc354f27000 Exception <a 'java/security/PrivilegedActionException'> (0x000000076c653500) thrown at [/Users/java_re/workspace/8-2-build-macosx-x86_64/jdk8u161/10277/hotspot/src/share/vm/prims/jvm.cpp, line 1390]
Event: 6.076 Thread 0x00007fc3533f2000 Exception <a 'java/security/PrivilegedActionException'> (0x000000076c43a340) thrown at [/Users/java_re/workspace/8-2-build-macosx-x86_64/jdk8u161/10277/hotspot/src/share/vm/prims/jvm.cpp, line 1390]
Event: 6.219 Thread 0x00007fc355675000 Exception <a 'java/security/PrivilegedActionException'> (0x000000076cc840c8) thrown at [/Users/java_re/workspace/8-2-build-macosx-x86_64/jdk8u161/10277/hotspot/src/share/vm/prims/jvm.cpp, line 1390]
Event: 6.229 Thread 0x00007fc355673000 Exception <a 'java/security/PrivilegedActionException'> (0x000000076ca0a270) thrown at [/Users/java_re/workspace/8-2-build-macosx-x86_64/jdk8u161/10277/hotspot/src/share/vm/prims/jvm.cpp, line 1390]
Event: 6.231 Thread 0x00007fc355674000 Exception <a 'java/security/PrivilegedActionException'> (0x000000076cb87180) thrown at [/Users/java_re/workspace/8-2-build-macosx-x86_64/jdk8u161/10277/hotspot/src/share/vm/prims/jvm.cpp, line 1390]
Event: 6.237 Thread 0x00007fc35539f000 Exception <a 'java/security/PrivilegedActionException'> (0x000000076cd80fe8) thrown at [/Users/java_re/workspace/8-2-build-macosx-x86_64/jdk8u161/10277/hotspot/src/share/vm/prims/jvm.cpp, line 1390]
Event: 6.239 Thread 0x00007fc3556df800 Exception <a 'java/security/PrivilegedActionException'> (0x000000076c7f10b8) thrown at [/Users/java_re/workspace/8-2-build-macosx-x86_64/jdk8u161/10277/hotspot/src/share/vm/prims/jvm.cpp, line 1390]
Event: 6.267 Thread 0x00007fc352105000 Exception <a 'java/security/PrivilegedActionException'> (0x000000076c790418) thrown at [/Users/java_re/workspace/8-2-build-macosx-x86_64/jdk8u161/10277/hotspot/src/share/vm/prims/jvm.cpp, line 1390]
Event: 6.685 Thread 0x00007fc354f27000 Exception <a 'java/security/PrivilegedActionException'> (0x000000076d036430) thrown at [/Users/java_re/workspace/8-2-build-macosx-x86_64/jdk8u161/10277/hotspot/src/share/vm/prims/jvm.cpp, line 1390]

Events (10 events):
Event: 15.008 loading class java/awt/event/AWTEventListenerProxy
Event: 15.008 loading class java/awt/event/AWTEventListenerProxy done
Event: 15.008 loading class java/awt/Toolkit$ToolkitEventMulticaster
Event: 15.008 loading class java/awt/Toolkit$ToolkitEventMulticaster done
Event: 15.009 Thread 0x00007fc35514c800 Thread exited: 0x00007fc35514c800
Event: 15.009 Thread 0x00007fc3530ae800 Uncommon trap: trap_request=0xffffff86 fr.pc=0x000000010c515c74
Event: 15.009 Thread 0x00007fc3530ae800 DEOPT PACKING pc=0x000000010c515c74 sp=0x00007000097137e0
Event: 15.009 Thread 0x00007fc3530ae800 DEOPT UNPACKING pc=0x000000010c08373a sp=0x00007000097137a0 mode 2
Event: 15.009 loading class java/awt/Window$1DisposeAction
Event: 15.009 loading class java/awt/Window$1DisposeAction done


Dynamic libraries:
0x000000000c8c0000 	/System/Library/Frameworks/Cocoa.framework/Versions/A/Cocoa
0x000000000c8c0000 	/System/Library/Frameworks/Security.framework/Versions/A/Security
0x000000000c8c0000 	/System/Library/Frameworks/ApplicationServices.framework/Versions/A/ApplicationServices
0x000000000c8c0000 	/usr/lib/libz.1.dylib
0x000000000c8c0000 	/usr/lib/libSystem.B.dylib
0x000000000c8c0000 	/usr/lib/libobjc.A.dylib
0x000000000c8c0000 	/System/Library/Frameworks/CoreFoundation.framework/Versions/A/CoreFoundation
0x000000000c8c0000 	/System/Library/Frameworks/Foundation.framework/Versions/C/Foundation
0x000000000c8c0000 	/System/Library/Frameworks/AppKit.framework/Versions/C/AppKit
0x000000000c8c0000 	/System/Library/Frameworks/CoreData.framework/Versions/A/CoreData
0x000000000c8c0000 	/System/Library/PrivateFrameworks/RemoteViewServices.framework/Versions/A/RemoteViewServices
0x000000000c8c0000 	/System/Library/PrivateFrameworks/UIFoundation.framework/Versions/A/UIFoundation
0x000000000c8c0000 	/System/Library/PrivateFrameworks/DFRFoundation.framework/Versions/A/DFRFoundation
0x000000000c8c0000 	/System/Library/Frameworks/Metal.framework/Versions/A/Metal
0x000000000c8c0000 	/System/Library/PrivateFrameworks/DesktopServicesPriv.framework/Versions/A/DesktopServicesPriv
0x000000000c8c0000 	/usr/lib/libenergytrace.dylib
0x000000000c8c0000 	/System/Library/PrivateFrameworks/SkyLight.framework/Versions/A/SkyLight
0x000000000c8c0000 	/System/Library/Frameworks/CoreGraphics.framework/Versions/A/CoreGraphics
0x000000000c8c0000 	/usr/lib/libScreenReader.dylib
0x000000000c8c0000 	/System/Library/Frameworks/Accelerate.framework/Versions/A/Accelerate
0x000000000c8c0000 	/System/Library/Frameworks/IOSurface.framework/Versions/A/IOSurface
0x000000000c8c0000 	/System/Library/Frameworks/AudioToolbox.framework/Versions/A/AudioToolbox
0x000000000c8c0000 	/System/Library/Frameworks/AudioUnit.framework/Versions/A/AudioUnit
0x000000000c8c0000 	/System/Library/PrivateFrameworks/DataDetectorsCore.framework/Versions/A/DataDetectorsCore
0x000000000c8c0000 	/System/Library/Frameworks/Carbon.framework/Versions/A/Frameworks/HIToolbox.framework/Versions/A/HIToolbox
0x000000000c8c0000 	/usr/lib/libicucore.A.dylib
0x000000000c8c0000 	/System/Library/Frameworks/QuartzCore.framework/Versions/A/QuartzCore
0x000000000c8c0000 	/System/Library/PrivateFrameworks/SignpostNotification.framework/Versions/A/SignpostNotification
0x000000000c8c0000 	/System/Library/Frameworks/Carbon.framework/Versions/A/Frameworks/SpeechRecognition.framework/Versions/A/SpeechRecognition
0x000000000c8c0000 	/usr/lib/libauto.dylib
0x000000000c8c0000 	/usr/lib/libxml2.2.dylib
0x000000000c8c0000 	/System/Library/PrivateFrameworks/CoreUI.framework/Versions/A/CoreUI
0x000000000c8c0000 	/System/Library/Frameworks/CoreAudio.framework/Versions/A/CoreAudio
0x000000000c8c0000 	/System/Library/Frameworks/DiskArbitration.framework/Versions/A/DiskArbitration
0x000000000c8c0000 	/usr/lib/liblangid.dylib
0x000000000c8c0000 	/System/Library/PrivateFrameworks/MultitouchSupport.framework/Versions/A/MultitouchSupport
0x000000000c8c0000 	/System/Library/Frameworks/IOKit.framework/Versions/A/IOKit
0x000000000c8c0000 	/usr/lib/libDiagnosticMessagesClient.dylib
0x000000000c8c0000 	/System/Library/Frameworks/CoreServices.framework/Versions/A/CoreServices
0x000000000c8c0000 	/System/Library/PrivateFrameworks/PerformanceAnalysis.framework/Versions/A/PerformanceAnalysis
0x000000000c8c0000 	/System/Library/Frameworks/OpenGL.framework/Versions/A/OpenGL
0x000000000c8c0000 	/System/Library/Frameworks/ColorSync.framework/Versions/A/ColorSync
0x000000000c8c0000 	/System/Library/Frameworks/CoreImage.framework/Versions/A/CoreImage
0x000000000c8c0000 	/System/Library/Frameworks/CoreText.framework/Versions/A/CoreText
0x000000000c8c0000 	/System/Library/Frameworks/ImageIO.framework/Versions/A/ImageIO
0x000000000c8c0000 	/System/Library/PrivateFrameworks/Backup.framework/Versions/A/Backup
0x000000000c8c0000 	/usr/lib/libarchive.2.dylib
0x000000000c8c0000 	/System/Library/Frameworks/CFNetwork.framework/Versions/A/CFNetwork
0x000000000c8c0000 	/System/Library/Frameworks/SystemConfiguration.framework/Versions/A/SystemConfiguration
0x000000000c8c0000 	/usr/lib/libCRFSuite.dylib
0x000000000c8c0000 	/usr/lib/libc++.1.dylib
0x000000000c8c0000 	/usr/lib/libc++abi.dylib
0x000000000c8c0000 	/usr/lib/system/libcache.dylib
0x000000000c8c0000 	/usr/lib/system/libcommonCrypto.dylib
0x000000000c8c0000 	/usr/lib/system/libcompiler_rt.dylib
0x000000000c8c0000 	/usr/lib/system/libcopyfile.dylib
0x000000000c8c0000 	/usr/lib/system/libcorecrypto.dylib
0x000000000c8c0000 	/usr/lib/system/libdispatch.dylib
0x000000000c8c0000 	/usr/lib/system/libdyld.dylib
0x000000000c8c0000 	/usr/lib/system/libkeymgr.dylib
0x000000000c8c0000 	/usr/lib/system/liblaunch.dylib
0x000000000c8c0000 	/usr/lib/system/libmacho.dylib
0x000000000c8c0000 	/usr/lib/system/libquarantine.dylib
0x000000000c8c0000 	/usr/lib/system/libremovefile.dylib
0x000000000c8c0000 	/usr/lib/system/libsystem_asl.dylib
0x000000000c8c0000 	/usr/lib/system/libsystem_blocks.dylib
0x000000000c8c0000 	/usr/lib/system/libsystem_c.dylib
0x000000000c8c0000 	/usr/lib/system/libsystem_configuration.dylib
0x000000000c8c0000 	/usr/lib/system/libsystem_coreservices.dylib
0x000000000c8c0000 	/usr/lib/system/libsystem_darwin.dylib
0x000000000c8c0000 	/usr/lib/system/libsystem_dnssd.dylib
0x000000000c8c0000 	/usr/lib/system/libsystem_info.dylib
0x000000000c8c0000 	/usr/lib/system/libsystem_m.dylib
0x000000000c8c0000 	/usr/lib/system/libsystem_malloc.dylib
0x000000000c8c0000 	/usr/lib/system/libsystem_network.dylib
0x000000000c8c0000 	/usr/lib/system/libsystem_networkextension.dylib
0x000000000c8c0000 	/usr/lib/system/libsystem_notify.dylib
0x000000000c8c0000 	/usr/lib/system/libsystem_sandbox.dylib
0x000000000c8c0000 	/usr/lib/system/libsystem_secinit.dylib
0x000000000c8c0000 	/usr/lib/system/libsystem_kernel.dylib
0x000000000c8c0000 	/usr/lib/system/libsystem_platform.dylib
0x000000000c8c0000 	/usr/lib/system/libsystem_pthread.dylib
0x000000000c8c0000 	/usr/lib/system/libsystem_symptoms.dylib
0x000000000c8c0000 	/usr/lib/system/libsystem_trace.dylib
0x000000000c8c0000 	/usr/lib/system/libunwind.dylib
0x000000000c8c0000 	/usr/lib/system/libxpc.dylib
0x000000000c8c0000 	/usr/lib/closure/libclosured.dylib
0x000000000c8c0000 	/usr/lib/libbsm.0.dylib
0x000000000c8c0000 	/usr/lib/system/libkxld.dylib
0x000000000c8c0000 	/usr/lib/libOpenScriptingUtil.dylib
0x000000000c8c0000 	/usr/lib/libcoretls.dylib
0x000000000c8c0000 	/usr/lib/libcoretls_cfhelpers.dylib
0x000000000c8c0000 	/usr/lib/libpam.2.dylib
0x000000000c8c0000 	/usr/lib/libsqlite3.dylib
0x000000000c8c0000 	/usr/lib/libxar.1.dylib
0x000000000c8c0000 	/usr/lib/libbz2.1.0.dylib
0x000000000c8c0000 	/usr/lib/liblzma.5.dylib
0x000000000c8c0000 	/usr/lib/libnetwork.dylib
0x000000000c8c0000 	/usr/lib/libapple_nghttp2.dylib
0x000000000c8c0000 	/usr/lib/libpcap.A.dylib
0x000000000c8c0000 	/usr/lib/libboringssl.dylib
0x000000000c8c0000 	/usr/lib/libusrtcp.dylib
0x000000000c8c0000 	/usr/lib/libapple_crypto.dylib
0x000000000c8c0000 	/System/Library/Frameworks/CoreServices.framework/Versions/A/Frameworks/FSEvents.framework/Versions/A/FSEvents
0x000000000c8c0000 	/System/Library/Frameworks/CoreServices.framework/Versions/A/Frameworks/CarbonCore.framework/Versions/A/CarbonCore
0x000000000c8c0000 	/System/Library/Frameworks/CoreServices.framework/Versions/A/Frameworks/Metadata.framework/Versions/A/Metadata
0x000000000c8c0000 	/System/Library/Frameworks/CoreServices.framework/Versions/A/Frameworks/OSServices.framework/Versions/A/OSServices
0x000000000c8c0000 	/System/Library/Frameworks/CoreServices.framework/Versions/A/Frameworks/SearchKit.framework/Versions/A/SearchKit
0x000000000c8c0000 	/System/Library/Frameworks/CoreServices.framework/Versions/A/Frameworks/AE.framework/Versions/A/AE
0x000000000c8c0000 	/System/Library/Frameworks/CoreServices.framework/Versions/A/Frameworks/LaunchServices.framework/Versions/A/LaunchServices
0x000000000c8c0000 	/System/Library/Frameworks/CoreServices.framework/Versions/A/Frameworks/DictionaryServices.framework/Versions/A/DictionaryServices
0x000000000c8c0000 	/System/Library/Frameworks/CoreServices.framework/Versions/A/Frameworks/SharedFileList.framework/Versions/A/SharedFileList
0x000000000c8c0000 	/System/Library/Frameworks/NetFS.framework/Versions/A/NetFS
0x000000000c8c0000 	/System/Library/PrivateFrameworks/NetAuth.framework/Versions/A/NetAuth
0x000000000c8c0000 	/System/Library/PrivateFrameworks/login.framework/Versions/A/Frameworks/loginsupport.framework/Versions/A/loginsupport
0x000000000c8c0000 	/System/Library/PrivateFrameworks/TCC.framework/Versions/A/TCC
0x000000000c8c0000 	/usr/lib/libmecabra.dylib
0x000000000c8c0000 	/System/Library/Frameworks/ApplicationServices.framework/Versions/A/Frameworks/ATS.framework/Versions/A/ATS
0x000000000c8c0000 	/System/Library/Frameworks/ApplicationServices.framework/Versions/A/Frameworks/ColorSyncLegacy.framework/Versions/A/ColorSyncLegacy
0x000000000c8c0000 	/System/Library/Frameworks/ApplicationServices.framework/Versions/A/Frameworks/HIServices.framework/Versions/A/HIServices
0x000000000c8c0000 	/System/Library/Frameworks/ApplicationServices.framework/Versions/A/Frameworks/LangAnalysis.framework/Versions/A/LangAnalysis
0x000000000c8c0000 	/System/Library/Frameworks/ApplicationServices.framework/Versions/A/Frameworks/PrintCore.framework/Versions/A/PrintCore
0x000000000c8c0000 	/System/Library/Frameworks/ApplicationServices.framework/Versions/A/Frameworks/QD.framework/Versions/A/QD
0x000000000c8c0000 	/System/Library/Frameworks/ApplicationServices.framework/Versions/A/Frameworks/SpeechSynthesis.framework/Versions/A/SpeechSynthesis
0x000000000c8c0000 	/System/Library/Frameworks/CoreDisplay.framework/Versions/A/CoreDisplay
0x000000000c8c0000 	/System/Library/Frameworks/Accelerate.framework/Versions/A/Frameworks/vImage.framework/Versions/A/vImage
0x000000000c8c0000 	/System/Library/Frameworks/Accelerate.framework/Versions/A/Frameworks/vecLib.framework/Versions/A/vecLib
0x000000000c8c0000 	/System/Library/Frameworks/Accelerate.framework/Versions/A/Frameworks/vecLib.framework/Versions/A/libvDSP.dylib
0x000000000c8c0000 	/System/Library/Frameworks/Accelerate.framework/Versions/A/Frameworks/vecLib.framework/Versions/A/libBNNS.dylib
0x000000000c8c0000 	/System/Library/Frameworks/Accelerate.framework/Versions/A/Frameworks/vecLib.framework/Versions/A/libQuadrature.dylib
0x000000000c8c0000 	/System/Library/Frameworks/Accelerate.framework/Versions/A/Frameworks/vecLib.framework/Versions/A/libvMisc.dylib
0x000000000c8c0000 	/System/Library/Frameworks/Accelerate.framework/Versions/A/Frameworks/vecLib.framework/Versions/A/libLAPACK.dylib
0x000000000c8c0000 	/System/Library/Frameworks/Accelerate.framework/Versions/A/Frameworks/vecLib.framework/Versions/A/libBLAS.dylib
0x000000000c8c0000 	/System/Library/Frameworks/Accelerate.framework/Versions/A/Frameworks/vecLib.framework/Versions/A/libLinearAlgebra.dylib
0x000000000c8c0000 	/System/Library/Frameworks/Accelerate.framework/Versions/A/Frameworks/vecLib.framework/Versions/A/libSparse.dylib
0x000000000c8c0000 	/System/Library/Frameworks/Accelerate.framework/Versions/A/Frameworks/vecLib.framework/Versions/A/libSparseBLAS.dylib
0x000000000c8c0000 	/System/Library/PrivateFrameworks/GPUWrangler.framework/Versions/A/GPUWrangler
0x000000000c8c0000 	/System/Library/PrivateFrameworks/IOAccelerator.framework/Versions/A/IOAccelerator
0x000000000c8c0000 	/System/Library/PrivateFrameworks/IOPresentment.framework/Versions/A/IOPresentment
0x000000000c8c0000 	/System/Library/PrivateFrameworks/DSExternalDisplay.framework/Versions/A/DSExternalDisplay
0x000000000c8c0000 	/System/Library/Frameworks/OpenGL.framework/Versions/A/Libraries/libCoreFSCache.dylib
0x000000000c8c0000 	/System/Library/Frameworks/CoreVideo.framework/Versions/A/CoreVideo
0x000000000c8c0000 	/System/Library/PrivateFrameworks/GraphVisualizer.framework/Versions/A/GraphVisualizer
0x000000000c8c0000 	/System/Library/Frameworks/MetalPerformanceShaders.framework/Versions/A/MetalPerformanceShaders
0x000000000c8c0000 	/usr/lib/libFosl_dynamic.dylib
0x000000000c8c0000 	/System/Library/PrivateFrameworks/FaceCore.framework/Versions/A/FaceCore
0x000000000c8c0000 	/System/Library/Frameworks/OpenCL.framework/Versions/A/OpenCL
0x000000000c8c0000 	/usr/lib/libcompression.dylib
0x000000000c8c0000 	/System/Library/Frameworks/ApplicationServices.framework/Versions/A/Frameworks/ATS.framework/Versions/A/Resources/libFontParser.dylib
0x000000000c8c0000 	/System/Library/Frameworks/ApplicationServices.framework/Versions/A/Frameworks/ATS.framework/Versions/A/Resources/libFontRegistry.dylib
0x000000000c8c0000 	/System/Library/Frameworks/ImageIO.framework/Versions/A/Resources/libJPEG.dylib
0x000000000c8c0000 	/System/Library/Frameworks/ImageIO.framework/Versions/A/Resources/libTIFF.dylib
0x000000000c8c0000 	/System/Library/Frameworks/ImageIO.framework/Versions/A/Resources/libPng.dylib
0x000000000c8c0000 	/System/Library/Frameworks/ImageIO.framework/Versions/A/Resources/libGIF.dylib
0x000000000c8c0000 	/System/Library/Frameworks/ImageIO.framework/Versions/A/Resources/libJP2.dylib
0x000000000c8c0000 	/System/Library/Frameworks/ImageIO.framework/Versions/A/Resources/libRadiance.dylib
0x000000000c8c0000 	/System/Library/PrivateFrameworks/AppleJPEG.framework/Versions/A/AppleJPEG
0x000000000c8c0000 	/System/Library/Frameworks/MetalPerformanceShaders.framework/Frameworks/MPSCore.framework/Versions/A/MPSCore
0x000000000c8c0000 	/System/Library/Frameworks/MetalPerformanceShaders.framework/Frameworks/MPSImage.framework/Versions/A/MPSImage
0x000000000c8c0000 	/System/Library/Frameworks/MetalPerformanceShaders.framework/Frameworks/MPSNeuralNetwork.framework/Versions/A/MPSNeuralNetwork
0x000000000c8c0000 	/System/Library/Frameworks/MetalPerformanceShaders.framework/Frameworks/MPSMatrix.framework/Versions/A/MPSMatrix
0x000000000c8c0000 	/System/Library/PrivateFrameworks/MetalTools.framework/Versions/A/MetalTools
0x000000000c8c0000 	/System/Library/Frameworks/OpenGL.framework/Versions/A/Libraries/libGLU.dylib
0x000000000c8c0000 	/System/Library/Frameworks/OpenGL.framework/Versions/A/Libraries/libGFXShared.dylib
0x000000000c8c0000 	/System/Library/Frameworks/OpenGL.framework/Versions/A/Libraries/libGL.dylib
0x000000000c8c0000 	/System/Library/Frameworks/OpenGL.framework/Versions/A/Libraries/libGLImage.dylib
0x000000000c8c0000 	/System/Library/Frameworks/OpenGL.framework/Versions/A/Libraries/libCVMSPluginSupport.dylib
0x000000000c8c0000 	/System/Library/Frameworks/OpenGL.framework/Versions/A/Libraries/libCoreVMClient.dylib
0x000000000c8c0000 	/usr/lib/libcups.2.dylib
0x000000000c8c0000 	/System/Library/Frameworks/Kerberos.framework/Versions/A/Kerberos
0x000000000c8c0000 	/System/Library/Frameworks/GSS.framework/Versions/A/GSS
0x000000000c8c0000 	/usr/lib/libresolv.9.dylib
0x000000000c8c0000 	/usr/lib/libiconv.2.dylib
0x000000000c8c0000 	/System/Library/PrivateFrameworks/Heimdal.framework/Versions/A/Heimdal
0x000000000c8c0000 	/usr/lib/libheimdal-asn1.dylib
0x000000000c8c0000 	/System/Library/Frameworks/OpenDirectory.framework/Versions/A/OpenDirectory
0x000000000c8c0000 	/System/Library/PrivateFrameworks/CommonAuth.framework/Versions/A/CommonAuth
0x000000000c8c0000 	/System/Library/Frameworks/OpenDirectory.framework/Versions/A/Frameworks/CFOpenDirectory.framework/Versions/A/CFOpenDirectory
0x000000000c8c0000 	/System/Library/Frameworks/SecurityFoundation.framework/Versions/A/SecurityFoundation
0x000000000c8c0000 	/System/Library/PrivateFrameworks/APFS.framework/Versions/A/APFS
0x000000000c8c0000 	/usr/lib/libutil.dylib
0x000000000c8c0000 	/System/Library/PrivateFrameworks/AppleSauce.framework/Versions/A/AppleSauce
0x000000000c8c0000 	/System/Library/PrivateFrameworks/LinguisticData.framework/Versions/A/LinguisticData
0x000000000c8c0000 	/usr/lib/libmarisa.dylib
0x000000000c8c0000 	/System/Library/PrivateFrameworks/Lexicon.framework/Versions/A/Lexicon
0x000000000c8c0000 	/usr/lib/libChineseTokenizer.dylib
0x000000000c8c0000 	/usr/lib/libcmph.dylib
0x000000000c8c0000 	/System/Library/PrivateFrameworks/LanguageModeling.framework/Versions/A/LanguageModeling
0x000000000c8c0000 	/System/Library/PrivateFrameworks/CoreEmoji.framework/Versions/A/CoreEmoji
0x000000000c8c0000 	/System/Library/Frameworks/ServiceManagement.framework/Versions/A/ServiceManagement
0x000000000c8c0000 	/System/Library/PrivateFrameworks/BackgroundTaskManagement.framework/Versions/A/BackgroundTaskManagement
0x000000000c8c0000 	/usr/lib/libxslt.1.dylib
0x000000000c8c0000 	/System/Library/Frameworks/Carbon.framework/Versions/A/Frameworks/Ink.framework/Versions/A/Ink
0x000000000c8c0000 	/System/Library/PrivateFrameworks/TextureIO.framework/Versions/A/TextureIO
0x000000000c8c0000 	/usr/lib/libate.dylib
0x000000000c8c0000 	/System/Library/PrivateFrameworks/CrashReporterSupport.framework/Versions/A/CrashReporterSupport
0x000000000c8c0000 	/System/Library/PrivateFrameworks/Sharing.framework/Versions/A/Sharing
0x000000000c8c0000 	/System/Library/PrivateFrameworks/IconServices.framework/Versions/A/IconServices
0x000000000c8c0000 	/System/Library/PrivateFrameworks/Apple80211.framework/Versions/A/Apple80211
0x000000000c8c0000 	/System/Library/PrivateFrameworks/CoreUtils.framework/Versions/A/CoreUtils
0x000000000c8c0000 	/System/Library/Frameworks/CoreWLAN.framework/Versions/A/CoreWLAN
0x000000000c8c0000 	/System/Library/Frameworks/IOBluetooth.framework/Versions/A/IOBluetooth
0x000000000c8c0000 	/System/Library/PrivateFrameworks/ProtocolBuffer.framework/Versions/A/ProtocolBuffer
0x000000000c8c0000 	/System/Library/PrivateFrameworks/CoreWiFi.framework/Versions/A/CoreWiFi
0x000000000c8c0000 	/System/Library/Frameworks/CoreBluetooth.framework/Versions/A/CoreBluetooth
0x000000000c8c0000 	/System/Library/PrivateFrameworks/DebugSymbols.framework/Versions/A/DebugSymbols
0x000000000c8c0000 	/System/Library/PrivateFrameworks/CoreSymbolication.framework/Versions/A/CoreSymbolication
0x000000000c8c0000 	/System/Library/PrivateFrameworks/Symbolication.framework/Versions/A/Symbolication
0x000000000c8c0000 	/System/Library/PrivateFrameworks/AppleFSCompression.framework/Versions/A/AppleFSCompression
0x000000000c8c0000 	/System/Library/PrivateFrameworks/SpeechRecognitionCore.framework/Versions/A/SpeechRecognitionCore
0x000000010b090000 	/Library/Java/JavaVirtualMachines/jdk1.8.0_161.jdk/Contents/Home/jre/lib/server/libjvm.dylib
0x000000000c8c0000 	/usr/lib/libstdc++.6.0.9.dylib
0x0000000109cdb000 	/Library/Java/JavaVirtualMachines/jdk1.8.0_161.jdk/Contents/Home/jre/lib/libverify.dylib
0x0000000109ce9000 	/Library/Java/JavaVirtualMachines/jdk1.8.0_161.jdk/Contents/Home/jre/lib/libjava.dylib
0x0000000109d69000 	/Library/Java/JavaVirtualMachines/jdk1.8.0_161.jdk/Contents/Home/jre/lib/libzip.dylib
0x00000001288f3000 	/Library/Java/JavaVirtualMachines/jdk1.8.0_161.jdk/Contents/Home/jre/lib/libawt.dylib
0x000000012899d000 	/Library/Java/JavaVirtualMachines/jdk1.8.0_161.jdk/Contents/Home/jre/lib/./libmlib_image.dylib
0x000000000c8c0000 	/System/Library/Frameworks/JavaVM.framework/Versions/A/Frameworks/JavaNativeFoundation.framework/Versions/A/JavaNativeFoundation
0x000000000c8c0000 	/System/Library/Frameworks/JavaVM.framework/Versions/A/Frameworks/JavaRuntimeSupport.framework/Versions/A/JavaRuntimeSupport
0x000000000c8c0000 	/System/Library/Frameworks/JavaVM.framework/Versions/A/JavaVM
0x000000000c8c0000 	/System/Library/PrivateFrameworks/JavaLaunching.framework/Versions/A/JavaLaunching
0x000000000c8c0000 	/System/Library/Frameworks/Carbon.framework/Versions/A/Carbon
0x000000000c8c0000 	/System/Library/Frameworks/Carbon.framework/Versions/A/Frameworks/CommonPanels.framework/Versions/A/CommonPanels
0x000000000c8c0000 	/System/Library/Frameworks/Carbon.framework/Versions/A/Frameworks/Help.framework/Versions/A/Help
0x000000000c8c0000 	/System/Library/Frameworks/Carbon.framework/Versions/A/Frameworks/ImageCapture.framework/Versions/A/ImageCapture
0x000000000c8c0000 	/System/Library/Frameworks/Carbon.framework/Versions/A/Frameworks/OpenScripting.framework/Versions/A/OpenScripting
0x000000000c8c0000 	/System/Library/Frameworks/Carbon.framework/Versions/A/Frameworks/Print.framework/Versions/A/Print
0x000000000c8c0000 	/System/Library/Frameworks/Carbon.framework/Versions/A/Frameworks/SecurityHI.framework/Versions/A/SecurityHI
0x0000000128a69000 	/Library/Java/JavaVirtualMachines/jdk1.8.0_161.jdk/Contents/Home/jre/lib/libawt_lwawt.dylib
0x0000000128b23000 	/Library/Java/JavaVirtualMachines/jdk1.8.0_161.jdk/Contents/Home/jre/lib/./libosxapp.dylib
0x000000000c8c0000 	/System/Library/Frameworks/ExceptionHandling.framework/Versions/A/ExceptionHandling
0x000000000c8c0000 	/System/Library/PrivateFrameworks/CoreServicesInternal.framework/Versions/A/CoreServicesInternal
0x000000000c8c0000 	/System/Library/CoreServices/RawCamera.bundle/Contents/MacOS/RawCamera
0x000000000c8c0000 	/System/Library/PrivateFrameworks/MobileAsset.framework/Versions/A/MobileAsset
0x000000000c8c0000 	/System/Library/PrivateFrameworks/StreamingZip.framework/Versions/A/StreamingZip
0x000000000c8c0000 	/System/Library/Frameworks/MediaToolbox.framework/Versions/A/MediaToolbox
0x000000000c8c0000 	/System/Library/PrivateFrameworks/CoreAVCHD.framework/Versions/A/CoreAVCHD
0x000000000c8c0000 	/System/Library/Frameworks/MediaAccessibility.framework/Versions/A/MediaAccessibility
0x000000000c8c0000 	/System/Library/PrivateFrameworks/Mangrove.framework/Versions/A/Mangrove
0x000000000c8c0000 	/System/Library/Frameworks/CoreMedia.framework/Versions/A/CoreMedia
0x000000000c8c0000 	/System/Library/Frameworks/VideoToolbox.framework/Versions/A/VideoToolbox
0x000000000c8c0000 	/System/Library/PrivateFrameworks/CoreAUC.framework/Versions/A/CoreAUC
0x000000000c8c0000 	/usr/lib/libspindump.dylib
0x000000000c8c0000 	/System/Library/PrivateFrameworks/AppleVA.framework/Versions/A/AppleVA
0x000000000c8c0000 	/System/Library/Frameworks/Accelerate.framework/Versions/A/Frameworks/vImage.framework/Versions/A/Libraries/libCGInterfaces.dylib
0x000000000c8c0000 	/System/Library/Frameworks/ApplicationServices.framework/Versions/A/Frameworks/ATS.framework/Versions/A/Resources/libTrueTypeScaler.dylib
0x000000000c8c0000 	/System/Library/Extensions/AppleIntelHD5000GraphicsMTLDriver.bundle/Contents/MacOS/AppleIntelHD5000GraphicsMTLDriver
0x000000012aead000 	/System/Library/Extensions/AMDMTLBronzeDriver.bundle/Contents/MacOS/AMDMTLBronzeDriver
0x000000000c8c0000 	/System/Library/PrivateFrameworks/IOAccelMemoryInfo.framework/Versions/A/IOAccelMemoryInfo
0x000000000c8c0000 	/System/Library/PrivateFrameworks/GPUCompiler.framework/Versions/3802/Libraries/libmetal_timestamp.dylib
0x000000000c8c0000 	/System/Library/PrivateFrameworks/FamilyControls.framework/Versions/A/FamilyControls
0x000000000c8c0000 	/System/Library/PrivateFrameworks/CommerceKit.framework/Versions/A/Frameworks/CommerceCore.framework/Versions/A/CommerceCore
0x000000000c8c0000 	/System/Library/PrivateFrameworks/SystemAdministration.framework/Versions/A/SystemAdministration
0x000000000c8c0000 	/System/Library/PrivateFrameworks/AppContainer.framework/Versions/A/AppContainer
0x000000000c8c0000 	/System/Library/PrivateFrameworks/SecCodeWrapper.framework/Versions/A/SecCodeWrapper
0x000000000c8c0000 	/System/Library/PrivateFrameworks/DiskManagement.framework/Versions/A/DiskManagement
0x000000000c8c0000 	/System/Library/Frameworks/DirectoryService.framework/Versions/A/DirectoryService
0x000000000c8c0000 	/System/Library/PrivateFrameworks/DiskImages.framework/Versions/A/DiskImages
0x000000000c8c0000 	/System/Library/PrivateFrameworks/LoginUIKit.framework/Versions/A/Frameworks/LoginUICore.framework/Versions/A/LoginUICore
0x000000000c8c0000 	/usr/lib/libCoreStorage.dylib
0x000000000c8c0000 	/usr/lib/libcsfde.dylib
0x000000000c8c0000 	/usr/lib/libodfde.dylib
0x000000000c8c0000 	/System/Library/PrivateFrameworks/MediaKit.framework/Versions/A/MediaKit
0x000000000c8c0000 	/System/Library/Frameworks/DiscRecording.framework/Versions/A/DiscRecording
0x000000000c8c0000 	/System/Library/PrivateFrameworks/EFILogin.framework/Versions/A/EFILogin
0x000000000c8c0000 	/System/Library/PrivateFrameworks/ProtectedCloudStorage.framework/Versions/A/ProtectedCloudStorage
0x000000000c8c0000 	/usr/lib/libcurl.4.dylib
0x000000000c8c0000 	/usr/lib/libcrypto.35.dylib
0x000000000c8c0000 	/usr/lib/libssl.35.dylib
0x000000000c8c0000 	/System/Library/Frameworks/LDAP.framework/Versions/A/LDAP
0x000000000c8c0000 	/System/Library/PrivateFrameworks/TrustEvaluationAgent.framework/Versions/A/TrustEvaluationAgent
0x000000000c8c0000 	/usr/lib/libsasl2.2.dylib
0x000000000c8c0000 	/System/Library/PrivateFrameworks/CoreDaemon.framework/Versions/B/CoreDaemon
0x000000000c8c0000 	/System/Library/PrivateFrameworks/AppleSRP.framework/Versions/A/AppleSRP
0x000000000c8c0000 	/System/Library/Frameworks/OpenGL.framework/Versions/A/Resources/GLEngine.bundle/GLEngine
0x000000000c8c0000 	/System/Library/Frameworks/OpenGL.framework/Versions/A/Libraries/libGLProgrammability.dylib
0x000000012b29f000 	/System/Library/Extensions/AppleIntelHD5000GraphicsGLDriver.bundle/Contents/MacOS/AppleIntelHD5000GraphicsGLDriver
0x000000000c8c0000 	/System/Library/PrivateFrameworks/GPUSupport.framework/Versions/A/Libraries/libGPUSupportMercury.dylib
0x000000012ba07000 	/System/Library/Extensions/AMDRadeonX4000GLDriver.bundle/Contents/MacOS/AMDRadeonX4000GLDriver
0x000000000c8c0000 	/System/Library/Extensions/AMDRadeonX4000GLDriver.bundle/Contents/MacOS/ATIRadeonX4000SCLib.dylib
0x000000000c8c0000 	/System/Library/Frameworks/OpenGL.framework/Versions/A/Resources/GLRendererFloat.bundle/GLRendererFloat
0x000000000c8c0000 	/System/Library/Frameworks/OpenCL.framework/Versions/A/Libraries/libcldcpuengine.dylib
0x000000012bbd5000 	/Library/Java/JavaVirtualMachines/jdk1.8.0_161.jdk/Contents/Home/jre/lib/libfontmanager.dylib
0x000000012d7b4000 	/Library/Java/JavaVirtualMachines/jdk1.8.0_161.jdk/Contents/Home/jre/lib/libosxui.dylib
0x000000000c8c0000 	/System/Library/PrivateFrameworks/ViewBridge.framework/Versions/A/ViewBridge
0x000000012e6dd000 	/Library/Java/JavaVirtualMachines/jdk1.8.0_161.jdk/Contents/Home/jre/lib/libnet.dylib
0x000000012e561000 	/Library/Java/JavaVirtualMachines/jdk1.8.0_161.jdk/Contents/Home/jre/lib/libnio.dylib
0x000000012d451000 	/private/var/folders/0p/wj049b3n4nq8xjvs7rfm2kjm0000gn/T/jogamp_0000/file_cache/jln5702618220842325095/jln5986764458581881791/libgluegen-rt.jnilib
0x000000012a7fa000 	/private/var/folders/0p/wj049b3n4nq8xjvs7rfm2kjm0000gn/T/jogamp_0000/file_cache/jln5702618220842325095/jln5986764458581881791/libnativewindow_awt.jnilib
0x000000012a7fd000 	/Library/Java/JavaVirtualMachines/jdk1.8.0_161.jdk/Contents/Home/jre/lib/libjawt.dylib
0x000000012a800000 	/private/var/folders/0p/wj049b3n4nq8xjvs7rfm2kjm0000gn/T/jogamp_0000/file_cache/jln5702618220842325095/jln5986764458581881791/libnativewindow_macosx.jnilib
0x000000012a892000 	/private/var/folders/0p/wj049b3n4nq8xjvs7rfm2kjm0000gn/T/jogamp_0000/file_cache/jln5702618220842325095/jln5986764458581881791/libjogl_desktop.jnilib

VM Arguments:
jvm_args: -Djava.security.policy=java.policy.applet -Dfile.encoding=UTF-8 
java_command: sun.applet.AppletViewer module1.HelloWorld1527030927502.html
java_class_path (initial): /Library/Java/JavaVirtualMachines/jdk1.8.0_161.jdk/Contents/Home/jre/lib/resources.jar:/Library/Java/JavaVirtualMachines/jdk1.8.0_161.jdk/Contents/Home/jre/lib/rt.jar:/Library/Java/JavaVirtualMachines/jdk1.8.0_161.jdk/Contents/Home/jre/lib/jsse.jar:/Library/Java/JavaVirtualMachines/jdk1.8.0_161.jdk/Contents/Home/jre/lib/jce.jar:/Library/Java/JavaVirtualMachines/jdk1.8.0_161.jdk/Contents/Home/jre/lib/charsets.jar:/Library/Java/JavaVirtualMachines/jdk1.8.0_161.jdk/Contents/Home/jre/lib/jfr.jar:/Library/Java/JavaVirtualMachines/jdk1.8.0_161.jdk/Contents/Home/jre/lib/ext/sunec.jar:/Library/Java/JavaVirtualMachines/jdk1.8.0_161.jdk/Contents/Home/jre/lib/ext/nashorn.jar:/Library/Java/JavaVirtualMachines/jdk1.8.0_161.jdk/Contents/Home/jre/lib/ext/cldrdata.jar:/Library/Java/JavaVirtualMachines/jdk1.8.0_161.jdk/Contents/Home/jre/lib/ext/jfxrt.jar:/Library/Java/JavaVirtualMachines/jdk1.8.0_161.jdk/Contents/Home/jre/lib/ext/dnsns.jar:/Library/Java/JavaVirtualMachines/jdk1.8.0_161.jdk/Contents/Home/jre/lib/ext/localedata.jar:/Library/Java/JavaVirtualMachines/jdk1.8.0_161.jdk/Contents/Home/jre/lib/ext/sunjce_provider.jar:/Library/Java/JavaVirtualMachines/jdk1.8.0_161.jdk/Contents/Home/jre/lib/ext/sunpkcs11.jar:/Library/Java/JavaVirtualMachines/jdk1.8.0_161.jdk/Contents/Home/jre/lib/ext/jaccess.jar:/Library/Java/JavaVirtualMachines/jdk1.8.0_161.jdk/Contents/Home/jre/lib/ext/zipfs.jar:/System/Library/Java/Extensions/MRJToolkit.jar:/Users/macbook/eclipse-workspace/UCSDUnfoldingMaps/build:/Users/macbook/eclipse-workspace/UCSDUnfoldingMaps/lib/core.jar:/Users/macbook/eclipse-workspace/UCSDUnfoldingMaps/lib/gluegen-rt.jar:/Users/macbook/eclipse-workspace/UCSDUnfoldingMaps/lib/jogl-all.jar:/Users/macbook/eclipse-workspace/UCSDUnfoldingMaps/lib/log4j-1.2.15.jar:/Users/macbook/eclipse-workspace/UCSDUnfoldingMaps/lib/sqlite-jdbc-3.7.2.jar:/Users/macbook/eclipse-workspace/UCSDUnfoldingMaps/lib/json4processing.jar:/Users/macbook/eclipse-workspace/UCSDUnfoldingMa
Launcher Type: SUN_STANDARD

Environment Variables:
PATH=/usr/bin:/bin:/usr/sbin:/sbin
SHELL=/bin/bash

Signal Handlers:
SIGSEGV: [libjvm.dylib+0x5b5439], sa_mask[0]=11111111011111110111111111111111, sa_flags=SA_ONSTACK|SA_RESTART|SA_SIGINFO
SIGBUS: [libjvm.dylib+0x5b5439], sa_mask[0]=11111111011111110111111111111111, sa_flags=SA_RESTART|SA_SIGINFO
SIGFPE: [libjvm.dylib+0x48ae24], sa_mask[0]=11111111011111110111111111111111, sa_flags=SA_RESTART|SA_SIGINFO
SIGPIPE: [libjvm.dylib+0x48ae24], sa_mask[0]=11111111011111110111111111111111, sa_flags=SA_RESTART|SA_SIGINFO
SIGXFSZ: [libjvm.dylib+0x48ae24], sa_mask[0]=11111111011111110111111111111111, sa_flags=SA_RESTART|SA_SIGINFO
SIGILL: [libjvm.dylib+0x48ae24], sa_mask[0]=11111111011111110111111111111111, sa_flags=SA_RESTART|SA_SIGINFO
SIGUSR1: SIG_DFL, sa_mask[0]=00000000000000000000000000000000, sa_flags=none
SIGUSR2: [libjvm.dylib+0x48a942], sa_mask[0]=00100000000000000000000000000000, sa_flags=SA_RESTART|SA_SIGINFO
SIGHUP: [libjvm.dylib+0x488f0d], sa_mask[0]=11111111011111110111111111111111, sa_flags=SA_RESTART|SA_SIGINFO
SIGINT: [libjvm.dylib+0x488f0d], sa_mask[0]=11111111011111110111111111111111, sa_flags=SA_RESTART|SA_SIGINFO
SIGTERM: [libjvm.dylib+0x488f0d], sa_mask[0]=11111111011111110111111111111111, sa_flags=SA_RESTART|SA_SIGINFO
SIGQUIT: [libjvm.dylib+0x488f0d], sa_mask[0]=11111111011111110111111111111111, sa_flags=SA_RESTART|SA_SIGINFO


---------------  S Y S T E M  ---------------

OS:Bsduname:Darwin 17.5.0 Darwin Kernel Version 17.5.0: Fri Apr 13 19:32:32 PDT 2018; root:xnu-4570.51.2~1/RELEASE_X86_64 x86_64
rlimit: STACK 8192k, CORE 0k, NPROC 1418, NOFILE 10240, AS infinity
load average:2.24 2.16 2.01

CPU:total 8 (initial active 8) (4 cores per cpu, 2 threads per core) family 6 model 70 stepping 1, cmov, cx8, fxsr, mmx, sse, sse2, sse3, ssse3, sse4.1, sse4.2, popcnt, avx, avx2, aes, clmul, erms, lzcnt, ht, tsc, tscinvbit, bmi1, bmi2

Memory: 4k page, physical 16777216k(3288356k free)

/proc/meminfo:


vm_info: Java HotSpot(TM) 64-Bit Server VM (25.161-b12) for bsd-amd64 JRE (1.8.0_161-b12), built on Dec 19 2017 16:22:20 by "java_re" with gcc 4.2.1 (Based on Apple Inc. build 5658) (LLVM build 2336.11.00)

time: Tue May 22 16:15:42 2018
elapsed time: 15 seconds (0d 0h 0m 15s)

